#
# There is insufficient memory for the Java Runtime Environment to continue.
# Native memory allocation (malloc) failed to allocate 32744 bytes for ChunkPool::allocate
# Possible reasons:
#   The system is out of physical RAM or swap space
#   The process is running with CompressedOops enabled, and the Java Heap may be blocking the growth of the native heap
# Possible solutions:
#   Reduce memory load on the system
#   Increase physical memory or swap space
#   Check if swap backing store is full
#   Decrease Java heap size (-Xmx/-Xms)
#   Decrease number of Java threads
#   Decrease Java thread stack sizes (-Xss)
#   Set larger code cache with -XX:ReservedCodeCacheSize=
#   JVM is running with Unscaled Compressed Oops mode in which the Java heap is
#     placed in the first 4GB address space. The Java Heap base address is the
#     maximum limit for the native heap growth. Please use -XX:HeapBaseMinAddress
#     to set the Java Heap base and to place the Java Heap above 4GB virtual address.
# This output file may be truncated or incomplete.
#
#  Out of Memory Error (./src/hotspot/share/memory/arena.cpp:81), pid=23204, tid=3244
#
# JRE version: OpenJDK Runtime Environment (11.0.10) (build 11.0.10+0-b96-7249189)
# Java VM: OpenJDK 64-Bit Server VM (11.0.10+0-b96-7249189, mixed mode, tiered, compressed oops, g1 gc, windows-amd64)
# No core dump will be written. Minidumps are not enabled by default on client versions of Windows
#

---------------  S U M M A R Y ------------

Command Line: --add-opens=java.base/java.util=ALL-UNNAMED --add-opens=java.base/java.lang=ALL-UNNAMED --add-opens=java.base/java.lang.invoke=ALL-UNNAMED --add-opens=java.base/java.util=ALL-UNNAMED --add-opens=java.prefs/java.util.prefs=ALL-UNNAMED --add-opens=java.prefs/java.util.prefs=ALL-UNNAMED --add-opens=java.base/java.nio.charset=ALL-UNNAMED --add-opens=java.base/java.net=ALL-UNNAMED --add-opens=java.base/java.util.concurrent.atomic=ALL-UNNAMED -Xmx2048m -Dfile.encoding=UTF-8 -Duser.country=IN -Duser.language=en -Duser.variant org.gradle.launcher.daemon.bootstrap.GradleDaemon 7.0.2

Host: AMD Ryzen 5 3550H with Radeon Vega Mobile Gfx  , 8 cores, 5G,  Windows 10 , 64 bit Build 19041 (10.0.19041.1806)
Time: Thu Aug  4 13:33:14 2022 India Standard Time elapsed time: 31.397611 seconds (0d 0h 0m 31s)

---------------  T H R E A D  ---------------

Current thread (0x00000298ffcb3800):  JavaThread "C2 CompilerThread0" daemon [_thread_in_native, id=3244, stack(0x000000f93cb00000,0x000000f93cc00000)]


Current CompileTask:
C2:  31397 10558   !   4       java.util.concurrent.ConcurrentHashMap::transfer (828 bytes)

Stack: [0x000000f93cb00000,0x000000f93cc00000]
Native frames: (J=compiled Java code, j=interpreted, Vv=VM code, C=native code)
V  [jvm.dll+0x5ecfaa]
V  [jvm.dll+0x722bd5]
V  [jvm.dll+0x72412d]
V  [jvm.dll+0x7247e3]
V  [jvm.dll+0x242928]
V  [jvm.dll+0xbc75b]
V  [jvm.dll+0xbca0c]
V  [jvm.dll+0x63f2dd]
V  [jvm.dll+0x197d38]
V  [jvm.dll+0x1fb70e]
V  [jvm.dll+0x1fa7f4]
V  [jvm.dll+0x18354c]
V  [jvm.dll+0x208ee7]
V  [jvm.dll+0x207731]
V  [jvm.dll+0x6eb1cf]
V  [jvm.dll+0x6e3d45]
V  [jvm.dll+0x5ebe96]
C  [ucrtbase.dll+0x21bb2]
C  [KERNEL32.DLL+0x17034]
C  [ntdll.dll+0x52651]


---------------  P R O C E S S  ---------------

Threads class SMR info:
_java_thread_list=0x0000029889206660, length=63, elements={
0x00000298e384e000, 0x00000298ffc86800, 0x00000298ffc93800, 0x00000298ffca2000,
0x00000298ffca4000, 0x00000298ffca6000, 0x00000298ffcb3800, 0x00000298ffcba000,
0x00000298ffcc5800, 0x0000029880989800, 0x00000298825f2800, 0x0000029881574800,
0x0000029880be7800, 0x000002988224d000, 0x0000029880af9800, 0x0000029880bf6800,
0x0000029880ae7800, 0x000002988160c800, 0x0000029882281800, 0x000002988227f000,
0x0000029882280000, 0x0000029882281000, 0x0000029881a71800, 0x0000029881a6d800,
0x0000029881a71000, 0x0000029881a72800, 0x0000029881a6d000, 0x0000029881a73800,
0x0000029881a6f800, 0x0000029881a6e800, 0x0000029881a74000, 0x0000029881a76000,
0x0000029881a70000, 0x0000029881a76800, 0x0000029881a77800, 0x0000029881a78000,
0x0000029881a79000, 0x0000029881a7a000, 0x0000029881a7b800, 0x0000029884833800,
0x0000029884830800, 0x0000029884835000, 0x0000029884831000, 0x0000029884832800,
0x0000029884836000, 0x0000029884834800, 0x0000029884837000, 0x0000029884832000,
0x0000029884838800, 0x000002988483c800, 0x0000029884839000, 0x000002988483a000,
0x000002988483b000, 0x000002988483b800, 0x0000029884837800, 0x000002988483e000,
0x000002988483f000, 0x0000029888d4a000, 0x0000029888d44800, 0x0000029886d91000,
0x00000298873f5000, 0x0000029888d48800, 0x0000029888d47000
}

Java Threads: ( => current thread )
  0x00000298e384e000 JavaThread "main" [_thread_blocked, id=18232, stack(0x000000f93bf00000,0x000000f93c000000)]
  0x00000298ffc86800 JavaThread "Reference Handler" daemon [_thread_blocked, id=18780, stack(0x000000f93c600000,0x000000f93c700000)]
  0x00000298ffc93800 JavaThread "Finalizer" daemon [_thread_blocked, id=10100, stack(0x000000f93c700000,0x000000f93c800000)]
  0x00000298ffca2000 JavaThread "Signal Dispatcher" daemon [_thread_blocked, id=10048, stack(0x000000f93c800000,0x000000f93c900000)]
  0x00000298ffca4000 JavaThread "Attach Listener" daemon [_thread_blocked, id=23616, stack(0x000000f93c900000,0x000000f93ca00000)]
  0x00000298ffca6000 JavaThread "Service Thread" daemon [_thread_blocked, id=16992, stack(0x000000f93ca00000,0x000000f93cb00000)]
=>0x00000298ffcb3800 JavaThread "C2 CompilerThread0" daemon [_thread_in_native, id=3244, stack(0x000000f93cb00000,0x000000f93cc00000)]
  0x00000298ffcba000 JavaThread "C1 CompilerThread0" daemon [_thread_blocked, id=23384, stack(0x000000f93cc00000,0x000000f93cd00000)]
  0x00000298ffcc5800 JavaThread "Sweeper thread" daemon [_thread_blocked, id=2156, stack(0x000000f93cd00000,0x000000f93ce00000)]
  0x0000029880989800 JavaThread "Common-Cleaner" daemon [_thread_blocked, id=536, stack(0x000000f93ce00000,0x000000f93cf00000)]
  0x00000298825f2800 JavaThread "Daemon health stats" [_thread_blocked, id=21704, stack(0x000000f93d100000,0x000000f93d200000)]
  0x0000029881574800 JavaThread "Incoming local TCP Connector on port 14022" [_thread_in_native, id=10848, stack(0x000000f93d400000,0x000000f93d500000)]
  0x0000029880be7800 JavaThread "Daemon periodic checks" [_thread_blocked, id=21212, stack(0x000000f93d500000,0x000000f93d600000)]
  0x000002988224d000 JavaThread "Daemon" [_thread_blocked, id=2920, stack(0x000000f93d600000,0x000000f93d700000)]
  0x0000029880af9800 JavaThread "Handler for socket connection from /127.0.0.1:14022 to /127.0.0.1:14023" [_thread_in_native, id=788, stack(0x000000f93d700000,0x000000f93d800000)]
  0x0000029880bf6800 JavaThread "Cancel handler" [_thread_blocked, id=12624, stack(0x000000f93d800000,0x000000f93d900000)]
  0x0000029880ae7800 JavaThread "Daemon worker" [_thread_blocked, id=19964, stack(0x000000f93d900000,0x000000f93da00000)]
  0x000002988160c800 JavaThread "Asynchronous log dispatcher for DefaultDaemonConnection: socket connection from /127.0.0.1:14022 to /127.0.0.1:14023" [_thread_blocked, id=1980, stack(0x000000f93da00000,0x000000f93db00000)]
  0x0000029882281800 JavaThread "Stdin handler" [_thread_blocked, id=4064, stack(0x000000f93db00000,0x000000f93dc00000)]
  0x000002988227f000 JavaThread "Daemon client event forwarder" [_thread_blocked, id=21512, stack(0x000000f93dc00000,0x000000f93dd00000)]
  0x0000029882280000 JavaThread "Cache worker for file hash cache (C:\Users\Home\.gradle\caches\7.0.2\fileHashes)" [_thread_blocked, id=18164, stack(0x000000f93dd00000,0x000000f93de00000)]
  0x0000029882281000 JavaThread "File lock request listener" [_thread_in_native, id=8720, stack(0x000000f93de00000,0x000000f93df00000)]
  0x0000029881a71800 JavaThread "Cache worker for journal cache (C:\Users\Home\.gradle\caches\journal-1)" [_thread_blocked, id=15768, stack(0x000000f93e400000,0x000000f93e500000)]
  0x0000029881a6d800 JavaThread "Cache worker for file hash cache (H:\Android_2.0\nit_ticTacToe\.gradle\7.0.2\fileHashes)" [_thread_blocked, id=9024, stack(0x000000f93e500000,0x000000f93e600000)]
  0x0000029881a71000 JavaThread "File watcher server" daemon [_thread_in_native, id=9360, stack(0x000000f93e600000,0x000000f93e700000)]
  0x0000029881a72800 JavaThread "File watcher consumer" daemon [_thread_blocked, id=23076, stack(0x000000f93e700000,0x000000f93e800000)]
  0x0000029881a6d000 JavaThread "Cache worker for checksums cache (H:\Android_2.0\nit_ticTacToe\.gradle\checksums)" [_thread_blocked, id=18400, stack(0x000000f93e800000,0x000000f93e900000)]
  0x0000029881a73800 JavaThread "Cache worker for cache directory md-supplier (C:\Users\Home\.gradle\caches\7.0.2\md-supplier)" [_thread_blocked, id=25408, stack(0x000000f93e900000,0x000000f93ea00000)]
  0x0000029881a6f800 JavaThread "Cache worker for cache directory md-rule (C:\Users\Home\.gradle\caches\7.0.2\md-rule)" [_thread_blocked, id=14972, stack(0x000000f93ea00000,0x000000f93eb00000)]
  0x0000029881a6e800 JavaThread "Cache worker for execution history cache (C:\Users\Home\.gradle\caches\7.0.2\executionHistory)" [_thread_blocked, id=19416, stack(0x000000f93eb00000,0x000000f93ec00000)]
  0x0000029881a74000 JavaThread "jar transforms" [_thread_blocked, id=9072, stack(0x000000f93ec00000,0x000000f93ed00000)]
  0x0000029881a76000 JavaThread "jar transforms Thread 2" [_thread_blocked, id=25260, stack(0x000000f93ed00000,0x000000f93ee00000)]
  0x0000029881a70000 JavaThread "Cache worker for file content cache (C:\Users\Home\.gradle\caches\7.0.2\fileContent)" [_thread_blocked, id=5328, stack(0x000000f93ee00000,0x000000f93ef00000)]
  0x0000029881a76800 JavaThread "Cache worker for dependencies-accessors (H:\Android_2.0\nit_ticTacToe\.gradle\7.0.2\dependencies-accessors)" [_thread_blocked, id=11336, stack(0x000000f93ef00000,0x000000f93f000000)]
  0x0000029881a77800 JavaThread "jar transforms Thread 3" [_thread_blocked, id=22952, stack(0x000000f93f000000,0x000000f93f100000)]
  0x0000029881a78000 JavaThread "Cache worker for Build Output Cleanup Cache (H:\Android_2.0\nit_ticTacToe\.gradle\buildOutputCleanup)" [_thread_blocked, id=16144, stack(0x000000f93f100000,0x000000f93f200000)]
  0x0000029881a79000 JavaThread "Build operations" [_thread_blocked, id=13248, stack(0x000000f93f200000,0x000000f93f300000)]
  0x0000029881a7a000 JavaThread "Build operations Thread 2" [_thread_blocked, id=23836, stack(0x000000f93f300000,0x000000f93f400000)]
  0x0000029881a7b800 JavaThread "Build operations Thread 3" [_thread_in_vm, id=7992, stack(0x000000f93f400000,0x000000f93f500000)]
  0x0000029884833800 JavaThread "Build operations Thread 4" [_thread_blocked, id=21428, stack(0x000000f93f500000,0x000000f93f600000)]
  0x0000029884830800 JavaThread "Build operations Thread 5" [_thread_blocked, id=10280, stack(0x000000f93f600000,0x000000f93f700000)]
  0x0000029884835000 JavaThread "Build operations Thread 6" [_thread_blocked, id=21132, stack(0x000000f93f700000,0x000000f93f800000)]
  0x0000029884831000 JavaThread "Build operations Thread 7" [_thread_blocked, id=4536, stack(0x000000f93f800000,0x000000f93f900000)]
  0x0000029884832800 JavaThread "Build operations Thread 8" [_thread_in_vm, id=22684, stack(0x000000f93f900000,0x000000f93fa00000)]
  0x0000029884836000 JavaThread "jar transforms Thread 4" [_thread_blocked, id=12716, stack(0x000000f93fa00000,0x000000f93fb00000)]
  0x0000029884834800 JavaThread "jar transforms Thread 5" [_thread_blocked, id=16172, stack(0x000000f93fb00000,0x000000f93fc00000)]
  0x0000029884837000 JavaThread "jar transforms Thread 6" [_thread_blocked, id=20656, stack(0x000000f93fc00000,0x000000f93fd00000)]
  0x0000029884832000 JavaThread "jar transforms Thread 7" [_thread_blocked, id=9392, stack(0x000000f93fd00000,0x000000f93fe00000)]
  0x0000029884838800 JavaThread "jar transforms Thread 8" [_thread_blocked, id=16312, stack(0x000000f93fe00000,0x000000f93ff00000)]
  0x000002988483c800 JavaThread "Memory manager" [_thread_blocked, id=10416, stack(0x000000f93ff00000,0x000000f940000000)]
  0x0000029884839000 JavaThread "build event listener" [_thread_blocked, id=20820, stack(0x000000f940000000,0x000000f940100000)]
  0x000002988483a000 JavaThread "Execution worker for ':'" [_thread_blocked, id=18476, stack(0x000000f940100000,0x000000f940200000)]
  0x000002988483b000 JavaThread "Execution worker for ':' Thread 2" [_thread_blocked, id=21296, stack(0x000000f940200000,0x000000f940300000)]
  0x000002988483b800 JavaThread "Execution worker for ':' Thread 3" [_thread_blocked, id=9388, stack(0x000000f940300000,0x000000f940400000)]
  0x0000029884837800 JavaThread "Execution worker for ':' Thread 4" [_thread_blocked, id=24180, stack(0x000000f940400000,0x000000f940500000)]
  0x000002988483e000 JavaThread "Execution worker for ':' Thread 5" [_thread_blocked, id=25904, stack(0x000000f940500000,0x000000f940600000)]
  0x000002988483f000 JavaThread "Execution worker for ':' Thread 6" [_thread_blocked, id=26548, stack(0x000000f940600000,0x000000f940700000)]
  0x0000029888d4a000 JavaThread "Execution worker for ':' Thread 7" [_thread_blocked, id=19972, stack(0x000000f940700000,0x000000f940800000)]
  0x0000029888d44800 JavaThread "Cache worker for execution history cache (H:\Android_2.0\nit_ticTacToe\.gradle\7.0.2\executionHistory)" [_thread_blocked, id=16064, stack(0x000000f940800000,0x000000f940900000)]
  0x0000029886d91000 JavaThread "C2 CompilerThread1" daemon [_thread_in_native, id=24312, stack(0x000000f940900000,0x000000f940a00000)]
  0x00000298873f5000 JavaThread "C2 CompilerThread2" daemon [_thread_in_native, id=22204, stack(0x000000f940a00000,0x000000f940b00000)]
  0x0000029888d48800 JavaThread "WorkerExecutor Queue" [_thread_blocked, id=18256, stack(0x000000f940b00000,0x000000f940c00000)]
  0x0000029888d47000 JavaThread "pool-3-thread-1" [_thread_blocked, id=24024, stack(0x000000f940c00000,0x000000f940d00000)]

Other Threads:
  0x00000298ffc84000 VMThread "VM Thread" [stack: 0x000000f93c500000,0x000000f93c600000] [id=23948]
  0x00000298809b4000 WatcherThread [stack: 0x000000f93cf00000,0x000000f93d000000] [id=22576]
  0x00000298e3868800 GCTaskThread "GC Thread#0" [stack: 0x000000f93c000000,0x000000f93c100000] [id=11076]
  0x000002988195f800 GCTaskThread "GC Thread#1" [stack: 0x000000f93d000000,0x000000f93d100000] [id=19400]
  0x00000298825ec000 GCTaskThread "GC Thread#2" [stack: 0x000000f93d200000,0x000000f93d300000] [id=22212]
  0x000002988281c800 GCTaskThread "GC Thread#3" [stack: 0x000000f93d300000,0x000000f93d400000] [id=17428]
  0x000002988168e800 GCTaskThread "GC Thread#4" [stack: 0x000000f93df00000,0x000000f93e000000] [id=9376]
  0x00000298815eb000 GCTaskThread "GC Thread#5" [stack: 0x000000f93e000000,0x000000f93e100000] [id=6460]
  0x00000298816a1000 GCTaskThread "GC Thread#6" [stack: 0x000000f93e100000,0x000000f93e200000] [id=25700]
  0x00000298816db000 GCTaskThread "GC Thread#7" [stack: 0x000000f93e200000,0x000000f93e300000] [id=4228]
  0x00000298e3899800 ConcurrentGCThread "G1 Main Marker" [stack: 0x000000f93c100000,0x000000f93c200000] [id=14472]
  0x00000298e389b000 ConcurrentGCThread "G1 Conc#0" [stack: 0x000000f93c200000,0x000000f93c300000] [id=22336]
  0x0000029881c20800 ConcurrentGCThread "G1 Conc#1" [stack: 0x000000f93e300000,0x000000f93e400000] [id=21784]
  0x00000298e3920800 ConcurrentGCThread "G1 Refine#0" [stack: 0x000000f93c300000,0x000000f93c400000] [id=7240]
  0x00000298e3921800 ConcurrentGCThread "G1 Young RemSet Sampling" [stack: 0x000000f93c400000,0x000000f93c500000] [id=21588]

Threads with active compile tasks:
C2 CompilerThread0  31501 10558   !   4       java.util.concurrent.ConcurrentHashMap::transfer (828 bytes)
C2 CompilerThread1  31501 10303       4       java.lang.reflect.AccessibleObject::checkAccess (40 bytes)
C2 CompilerThread2  31501 10217       4       java.lang.reflect.Method::invoke (65 bytes)

VM state:synchronizing (normal execution)

VM Mutex/Monitor currently owned by a thread:  ([mutex/lock_event])
[0x00000298e384a660] Threads_lock - owner thread: 0x00000298ffc84000

Heap address: 0x0000000080000000, size: 2048 MB, Compressed Oops mode: 32-bit
Narrow klass base: 0x0000000000000000, Narrow klass shift: 3
Compressed class space size: 1073741824 Address: 0x0000000100000000

Heap:
 garbage-first heap   total 172032K, used 132930K [0x0000000080000000, 0x0000000100000000)
  region size 1024K, 41 young (41984K), 6 survivors (6144K)
 Metaspace       used 91409K, capacity 93672K, committed 93900K, reserved 1130496K
  class space    used 11839K, capacity 12663K, committed 12748K, reserved 1048576K
Heap Regions: E=young(eden), S=young(survivor), O=old, HS=humongous(starts), HC=humongous(continues), CS=collection set, F=free, A=archive, TAMS=top-at-mark-start (previous, next)
|   0|0x0000000080000000, 0x0000000080100000, 0x0000000080100000|100%| O|  |TAMS 0x0000000080100000, 0x0000000080000000| Untracked 
|   1|0x0000000080100000, 0x0000000080200000, 0x0000000080200000|100%| O|  |TAMS 0x0000000080200000, 0x0000000080100000| Untracked 
|   2|0x0000000080200000, 0x0000000080300000, 0x0000000080300000|100%| O|  |TAMS 0x0000000080300000, 0x0000000080200000| Untracked 
|   3|0x0000000080300000, 0x0000000080400000, 0x0000000080400000|100%|HS|  |TAMS 0x0000000080400000, 0x0000000080300000| Complete 
|   4|0x0000000080400000, 0x0000000080500000, 0x0000000080500000|100%|HC|  |TAMS 0x0000000080500000, 0x0000000080400000| Complete 
|   5|0x0000000080500000, 0x0000000080600000, 0x0000000080600000|100%|HC|  |TAMS 0x0000000080600000, 0x0000000080500000| Complete 
|   6|0x0000000080600000, 0x0000000080700000, 0x0000000080700000|100%| O|  |TAMS 0x0000000080700000, 0x0000000080600000| Untracked 
|   7|0x0000000080700000, 0x0000000080800000, 0x0000000080800000|100%| O|  |TAMS 0x0000000080800000, 0x0000000080700000| Untracked 
|   8|0x0000000080800000, 0x0000000080900000, 0x0000000080900000|100%| O|  |TAMS 0x0000000080900000, 0x0000000080800000| Untracked 
|   9|0x0000000080900000, 0x0000000080a00000, 0x0000000080a00000|100%| O|  |TAMS 0x0000000080a00000, 0x0000000080900000| Untracked 
|  10|0x0000000080a00000, 0x0000000080b00000, 0x0000000080b00000|100%| O|  |TAMS 0x0000000080b00000, 0x0000000080a00000| Untracked 
|  11|0x0000000080b00000, 0x0000000080c00000, 0x0000000080c00000|100%| O|  |TAMS 0x0000000080c00000, 0x0000000080b00000| Untracked 
|  12|0x0000000080c00000, 0x0000000080d00000, 0x0000000080d00000|100%| O|  |TAMS 0x0000000080d00000, 0x0000000080c00000| Untracked 
|  13|0x0000000080d00000, 0x0000000080e00000, 0x0000000080e00000|100%| O|  |TAMS 0x0000000080e00000, 0x0000000080d00000| Untracked 
|  14|0x0000000080e00000, 0x0000000080f00000, 0x0000000080f00000|100%| O|  |TAMS 0x0000000080f00000, 0x0000000080e00000| Untracked 
|  15|0x0000000080f00000, 0x0000000081000000, 0x0000000081000000|100%| O|  |TAMS 0x0000000081000000, 0x0000000080f00000| Untracked 
|  16|0x0000000081000000, 0x0000000081100000, 0x0000000081100000|100%| O|  |TAMS 0x0000000081100000, 0x0000000081000000| Untracked 
|  17|0x0000000081100000, 0x0000000081200000, 0x0000000081200000|100%| O|  |TAMS 0x0000000081200000, 0x0000000081100000| Untracked 
|  18|0x0000000081200000, 0x0000000081300000, 0x0000000081300000|100%| O|  |TAMS 0x0000000081300000, 0x0000000081200000| Untracked 
|  19|0x0000000081300000, 0x0000000081400000, 0x0000000081400000|100%| O|  |TAMS 0x0000000081400000, 0x0000000081300000| Untracked 
|  20|0x0000000081400000, 0x0000000081500000, 0x0000000081500000|100%| O|  |TAMS 0x0000000081500000, 0x0000000081400000| Untracked 
|  21|0x0000000081500000, 0x0000000081600000, 0x0000000081600000|100%| O|  |TAMS 0x0000000081600000, 0x0000000081500000| Untracked 
|  22|0x0000000081600000, 0x0000000081700000, 0x0000000081700000|100%| O|  |TAMS 0x0000000081700000, 0x0000000081600000| Untracked 
|  23|0x0000000081700000, 0x0000000081800000, 0x0000000081800000|100%| O|  |TAMS 0x0000000081800000, 0x0000000081700000| Untracked 
|  24|0x0000000081800000, 0x0000000081900000, 0x0000000081900000|100%| O|  |TAMS 0x0000000081900000, 0x0000000081800000| Untracked 
|  25|0x0000000081900000, 0x0000000081a00000, 0x0000000081a00000|100%|HS|  |TAMS 0x0000000081a00000, 0x0000000081900000| Complete 
|  26|0x0000000081a00000, 0x0000000081b00000, 0x0000000081b00000|100%|HS|  |TAMS 0x0000000081b00000, 0x0000000081a00000| Complete 
|  27|0x0000000081b00000, 0x0000000081c00000, 0x0000000081c00000|100%|HS|  |TAMS 0x0000000081c00000, 0x0000000081b00000| Complete 
|  28|0x0000000081c00000, 0x0000000081d00000, 0x0000000081d00000|100%| O|  |TAMS 0x0000000081d00000, 0x0000000081c00000| Untracked 
|  29|0x0000000081d00000, 0x0000000081e00000, 0x0000000081e00000|100%| O|  |TAMS 0x0000000081e00000, 0x0000000081d00000| Untracked 
|  30|0x0000000081e00000, 0x0000000081f00000, 0x0000000081f00000|100%| O|  |TAMS 0x0000000081f00000, 0x0000000081e00000| Untracked 
|  31|0x0000000081f00000, 0x0000000082000000, 0x0000000082000000|100%|HS|  |TAMS 0x0000000082000000, 0x0000000081f00000| Complete 
|  32|0x0000000082000000, 0x0000000082100000, 0x0000000082100000|100%|HC|  |TAMS 0x0000000082100000, 0x0000000082000000| Complete 
|  33|0x0000000082100000, 0x0000000082200000, 0x0000000082200000|100%|HC|  |TAMS 0x0000000082200000, 0x0000000082100000| Complete 
|  34|0x0000000082200000, 0x0000000082300000, 0x0000000082300000|100%|HS|  |TAMS 0x0000000082300000, 0x0000000082200000| Complete 
|  35|0x0000000082300000, 0x0000000082400000, 0x0000000082400000|100%|HC|  |TAMS 0x0000000082400000, 0x0000000082300000| Complete 
|  36|0x0000000082400000, 0x0000000082500000, 0x0000000082500000|100%| O|  |TAMS 0x0000000082500000, 0x0000000082400000| Untracked 
|  37|0x0000000082500000, 0x0000000082600000, 0x0000000082600000|100%| O|  |TAMS 0x0000000082600000, 0x0000000082500000| Untracked 
|  38|0x0000000082600000, 0x0000000082700000, 0x0000000082700000|100%| O|  |TAMS 0x0000000082700000, 0x0000000082600000| Untracked 
|  39|0x0000000082700000, 0x0000000082800000, 0x0000000082800000|100%| O|  |TAMS 0x0000000082800000, 0x0000000082700000| Untracked 
|  40|0x0000000082800000, 0x0000000082900000, 0x0000000082900000|100%| O|  |TAMS 0x0000000082900000, 0x0000000082800000| Untracked 
|  41|0x0000000082900000, 0x0000000082a00000, 0x0000000082a00000|100%| O|  |TAMS 0x0000000082a00000, 0x0000000082900000| Untracked 
|  42|0x0000000082a00000, 0x0000000082b00000, 0x0000000082b00000|100%| O|  |TAMS 0x0000000082b00000, 0x0000000082a00000| Untracked 
|  43|0x0000000082b00000, 0x0000000082c00000, 0x0000000082c00000|100%| O|  |TAMS 0x0000000082c00000, 0x0000000082b00000| Untracked 
|  44|0x0000000082c00000, 0x0000000082d00000, 0x0000000082d00000|100%| O|  |TAMS 0x0000000082d00000, 0x0000000082c00000| Untracked 
|  45|0x0000000082d00000, 0x0000000082e00000, 0x0000000082e00000|100%| O|  |TAMS 0x0000000082e00000, 0x0000000082d00000| Untracked 
|  46|0x0000000082e00000, 0x0000000082f00000, 0x0000000082f00000|100%| O|  |TAMS 0x0000000082f00000, 0x0000000082e00000| Untracked 
|  47|0x0000000082f00000, 0x0000000083000000, 0x0000000083000000|100%| O|  |TAMS 0x0000000083000000, 0x0000000082f00000| Untracked 
|  48|0x0000000083000000, 0x0000000083100000, 0x0000000083100000|100%| O|  |TAMS 0x0000000083100000, 0x0000000083000000| Untracked 
|  49|0x0000000083100000, 0x0000000083200000, 0x0000000083200000|100%| O|  |TAMS 0x0000000083200000, 0x0000000083100000| Untracked 
|  50|0x0000000083200000, 0x0000000083300000, 0x0000000083300000|100%| O|  |TAMS 0x0000000083300000, 0x0000000083200000| Untracked 
|  51|0x0000000083300000, 0x0000000083400000, 0x0000000083400000|100%| O|  |TAMS 0x0000000083400000, 0x0000000083300000| Untracked 
|  52|0x0000000083400000, 0x0000000083500000, 0x0000000083500000|100%| O|  |TAMS 0x0000000083500000, 0x0000000083400000| Untracked 
|  53|0x0000000083500000, 0x0000000083600000, 0x0000000083600000|100%| O|  |TAMS 0x0000000083600000, 0x0000000083500000| Untracked 
|  54|0x0000000083600000, 0x0000000083700000, 0x0000000083700000|100%| O|  |TAMS 0x0000000083700000, 0x0000000083600000| Untracked 
|  55|0x0000000083700000, 0x0000000083800000, 0x0000000083800000|100%| O|  |TAMS 0x0000000083800000, 0x0000000083700000| Untracked 
|  56|0x0000000083800000, 0x0000000083900000, 0x0000000083900000|100%| O|  |TAMS 0x0000000083900000, 0x0000000083800000| Untracked 
|  57|0x0000000083900000, 0x0000000083a00000, 0x0000000083a00000|100%| O|  |TAMS 0x0000000083a00000, 0x0000000083900000| Untracked 
|  58|0x0000000083a00000, 0x0000000083b00000, 0x0000000083b00000|100%| O|  |TAMS 0x0000000083b00000, 0x0000000083a00000| Untracked 
|  59|0x0000000083b00000, 0x0000000083c00000, 0x0000000083c00000|100%| O|  |TAMS 0x0000000083c00000, 0x0000000083b00000| Untracked 
|  60|0x0000000083c00000, 0x0000000083d00000, 0x0000000083d00000|100%| O|  |TAMS 0x0000000083d00000, 0x0000000083c00000| Untracked 
|  61|0x0000000083d00000, 0x0000000083e00000, 0x0000000083e00000|100%| O|  |TAMS 0x0000000083e00000, 0x0000000083d00000| Untracked 
|  62|0x0000000083e00000, 0x0000000083f00000, 0x0000000083f00000|100%| O|  |TAMS 0x0000000083f00000, 0x0000000083e00000| Untracked 
|  63|0x0000000083f00000, 0x0000000084000000, 0x0000000084000000|100%| O|  |TAMS 0x0000000084000000, 0x0000000083f00000| Untracked 
|  64|0x0000000084000000, 0x0000000084100000, 0x0000000084100000|100%| O|  |TAMS 0x0000000084100000, 0x0000000084000000| Untracked 
|  65|0x0000000084100000, 0x0000000084200000, 0x0000000084200000|100%| O|  |TAMS 0x0000000084200000, 0x0000000084100000| Untracked 
|  66|0x0000000084200000, 0x0000000084300000, 0x0000000084300000|100%| O|  |TAMS 0x0000000084300000, 0x0000000084200000| Untracked 
|  67|0x0000000084300000, 0x0000000084400000, 0x0000000084400000|100%| O|  |TAMS 0x0000000084400000, 0x0000000084300000| Untracked 
|  68|0x0000000084400000, 0x0000000084500000, 0x0000000084500000|100%| O|  |TAMS 0x0000000084500000, 0x0000000084400000| Untracked 
|  69|0x0000000084500000, 0x0000000084600000, 0x0000000084600000|100%| O|  |TAMS 0x0000000084600000, 0x0000000084500000| Untracked 
|  70|0x0000000084600000, 0x0000000084700000, 0x0000000084700000|100%| O|  |TAMS 0x0000000084700000, 0x0000000084600000| Untracked 
|  71|0x0000000084700000, 0x0000000084800000, 0x0000000084800000|100%| O|  |TAMS 0x0000000084800000, 0x0000000084700000| Untracked 
|  72|0x0000000084800000, 0x0000000084900000, 0x0000000084900000|100%| O|  |TAMS 0x0000000084900000, 0x0000000084800000| Untracked 
|  73|0x0000000084900000, 0x0000000084a00000, 0x0000000084a00000|100%| O|  |TAMS 0x0000000084a00000, 0x0000000084900000| Untracked 
|  74|0x0000000084a00000, 0x0000000084b00000, 0x0000000084b00000|100%| O|  |TAMS 0x0000000084b00000, 0x0000000084a00000| Untracked 
|  75|0x0000000084b00000, 0x0000000084c00000, 0x0000000084c00000|100%| O|  |TAMS 0x0000000084c00000, 0x0000000084b00000| Untracked 
|  76|0x0000000084c00000, 0x0000000084d00000, 0x0000000084d00000|100%| O|  |TAMS 0x0000000084d00000, 0x0000000084c00000| Untracked 
|  77|0x0000000084d00000, 0x0000000084e00000, 0x0000000084e00000|100%| O|  |TAMS 0x0000000084e00000, 0x0000000084d00000| Untracked 
|  78|0x0000000084e00000, 0x0000000084f00000, 0x0000000084f00000|100%| O|  |TAMS 0x0000000084f00000, 0x0000000084e00000| Untracked 
|  79|0x0000000084f00000, 0x0000000085000000, 0x0000000085000000|100%| O|  |TAMS 0x0000000085000000, 0x0000000084f00000| Untracked 
|  80|0x0000000085000000, 0x0000000085100000, 0x0000000085100000|100%| O|  |TAMS 0x0000000085100000, 0x0000000085000000| Untracked 
|  81|0x0000000085100000, 0x0000000085200000, 0x0000000085200000|100%| O|  |TAMS 0x0000000085200000, 0x0000000085100000| Untracked 
|  82|0x0000000085200000, 0x0000000085300000, 0x0000000085300000|100%| O|  |TAMS 0x0000000085300000, 0x0000000085200000| Untracked 
|  83|0x0000000085300000, 0x0000000085400000, 0x0000000085400000|100%| O|  |TAMS 0x000000008533be00, 0x0000000085300000| Untracked 
|  84|0x0000000085400000, 0x0000000085400000, 0x0000000085500000|  0%| F|  |TAMS 0x0000000085400000, 0x0000000085400000| Untracked 
|  85|0x0000000085500000, 0x0000000085600000, 0x0000000085600000|100%|HS|  |TAMS 0x0000000085500000, 0x0000000085500000| Complete 
|  86|0x0000000085600000, 0x0000000085700000, 0x0000000085700000|100%| O|  |TAMS 0x0000000085600000, 0x0000000085600000| Untracked 
|  87|0x0000000085700000, 0x0000000085800000, 0x0000000085800000|100%| O|  |TAMS 0x0000000085700000, 0x0000000085700000| Untracked 
|  88|0x0000000085800000, 0x0000000085900000, 0x0000000085900000|100%| O|  |TAMS 0x0000000085800000, 0x0000000085800000| Untracked 
|  89|0x0000000085900000, 0x0000000085a00000, 0x0000000085a00000|100%| O|  |TAMS 0x0000000085900000, 0x0000000085900000| Untracked 
|  90|0x0000000085a00000, 0x0000000085b00000, 0x0000000085b00000|100%| O|  |TAMS 0x0000000085a00000, 0x0000000085a00000| Untracked 
|  91|0x0000000085b00000, 0x0000000085bd0a00, 0x0000000085c00000| 81%| O|  |TAMS 0x0000000085b00000, 0x0000000085b00000| Untracked 
|  92|0x0000000085c00000, 0x0000000085c00000, 0x0000000085d00000|  0%| F|  |TAMS 0x0000000085c00000, 0x0000000085c00000| Untracked 
|  93|0x0000000085d00000, 0x0000000085d00000, 0x0000000085e00000|  0%| F|  |TAMS 0x0000000085d00000, 0x0000000085d00000| Untracked 
|  94|0x0000000085e00000, 0x0000000085e00000, 0x0000000085f00000|  0%| F|  |TAMS 0x0000000085e00000, 0x0000000085e00000| Untracked 
|  95|0x0000000085f00000, 0x0000000085f00000, 0x0000000086000000|  0%| F|  |TAMS 0x0000000085f00000, 0x0000000085f00000| Untracked 
|  96|0x0000000086000000, 0x0000000086000000, 0x0000000086100000|  0%| F|  |TAMS 0x0000000086000000, 0x0000000086000000| Untracked 
|  97|0x0000000086100000, 0x0000000086100000, 0x0000000086200000|  0%| F|  |TAMS 0x0000000086100000, 0x0000000086100000| Untracked 
|  98|0x0000000086200000, 0x0000000086200000, 0x0000000086300000|  0%| F|  |TAMS 0x0000000086200000, 0x0000000086200000| Untracked 
|  99|0x0000000086300000, 0x0000000086300000, 0x0000000086400000|  0%| F|  |TAMS 0x0000000086300000, 0x0000000086300000| Untracked 
| 100|0x0000000086400000, 0x0000000086400000, 0x0000000086500000|  0%| F|  |TAMS 0x0000000086400000, 0x0000000086400000| Untracked 
| 101|0x0000000086500000, 0x0000000086500000, 0x0000000086600000|  0%| F|  |TAMS 0x0000000086500000, 0x0000000086500000| Untracked 
| 102|0x0000000086600000, 0x0000000086600000, 0x0000000086700000|  0%| F|  |TAMS 0x0000000086600000, 0x0000000086600000| Untracked 
| 103|0x0000000086700000, 0x0000000086700000, 0x0000000086800000|  0%| F|  |TAMS 0x0000000086700000, 0x0000000086700000| Untracked 
| 104|0x0000000086800000, 0x0000000086800000, 0x0000000086900000|  0%| F|  |TAMS 0x0000000086800000, 0x0000000086800000| Untracked 
| 105|0x0000000086900000, 0x0000000086900000, 0x0000000086a00000|  0%| F|  |TAMS 0x0000000086900000, 0x0000000086900000| Untracked 
| 106|0x0000000086a00000, 0x0000000086a00000, 0x0000000086b00000|  0%| F|  |TAMS 0x0000000086a00000, 0x0000000086a00000| Untracked 
| 107|0x0000000086b00000, 0x0000000086b00000, 0x0000000086c00000|  0%| F|  |TAMS 0x0000000086b00000, 0x0000000086b00000| Untracked 
| 108|0x0000000086c00000, 0x0000000086c00000, 0x0000000086d00000|  0%| F|  |TAMS 0x0000000086c00000, 0x0000000086c00000| Untracked 
| 109|0x0000000086d00000, 0x0000000086d00000, 0x0000000086e00000|  0%| F|  |TAMS 0x0000000086d00000, 0x0000000086d00000| Untracked 
| 110|0x0000000086e00000, 0x0000000086e00000, 0x0000000086f00000|  0%| F|  |TAMS 0x0000000086e00000, 0x0000000086e00000| Untracked 
| 111|0x0000000086f00000, 0x0000000086f00000, 0x0000000087000000|  0%| F|  |TAMS 0x0000000086f00000, 0x0000000086f00000| Untracked 
| 112|0x0000000087000000, 0x0000000087000000, 0x0000000087100000|  0%| F|  |TAMS 0x0000000087000000, 0x0000000087000000| Untracked 
| 113|0x0000000087100000, 0x0000000087100000, 0x0000000087200000|  0%| F|  |TAMS 0x0000000087100000, 0x0000000087100000| Untracked 
| 114|0x0000000087200000, 0x0000000087300000, 0x0000000087300000|100%| S|CS|TAMS 0x0000000087200000, 0x0000000087200000| Complete 
| 115|0x0000000087300000, 0x0000000087400000, 0x0000000087400000|100%| S|CS|TAMS 0x0000000087300000, 0x0000000087300000| Complete 
| 116|0x0000000087400000, 0x0000000087400000, 0x0000000087500000|  0%| F|  |TAMS 0x0000000087400000, 0x0000000087400000| Untracked 
| 117|0x0000000087500000, 0x0000000087500000, 0x0000000087600000|  0%| F|  |TAMS 0x0000000087500000, 0x0000000087500000| Untracked 
| 118|0x0000000087600000, 0x0000000087600000, 0x0000000087700000|  0%| F|  |TAMS 0x0000000087600000, 0x0000000087600000| Untracked 
| 119|0x0000000087700000, 0x0000000087700000, 0x0000000087800000|  0%| F|  |TAMS 0x0000000087700000, 0x0000000087700000| Untracked 
| 120|0x0000000087800000, 0x0000000087800000, 0x0000000087900000|  0%| F|  |TAMS 0x0000000087800000, 0x0000000087800000| Untracked 
| 121|0x0000000087900000, 0x0000000087900000, 0x0000000087a00000|  0%| F|  |TAMS 0x0000000087900000, 0x0000000087900000| Untracked 
| 122|0x0000000087a00000, 0x0000000087a00000, 0x0000000087b00000|  0%| F|  |TAMS 0x0000000087a00000, 0x0000000087a00000| Untracked 
| 123|0x0000000087b00000, 0x0000000087c00000, 0x0000000087c00000|100%| S|CS|TAMS 0x0000000087b00000, 0x0000000087b00000| Complete 
| 124|0x0000000087c00000, 0x0000000087d00000, 0x0000000087d00000|100%| S|CS|TAMS 0x0000000087c00000, 0x0000000087c00000| Complete 
| 125|0x0000000087d00000, 0x0000000087e00000, 0x0000000087e00000|100%| S|CS|TAMS 0x0000000087d00000, 0x0000000087d00000| Complete 
| 126|0x0000000087e00000, 0x0000000087f00000, 0x0000000087f00000|100%| S|CS|TAMS 0x0000000087e00000, 0x0000000087e00000| Complete 
| 127|0x0000000087f00000, 0x0000000087f00000, 0x0000000088000000|  0%| F|  |TAMS 0x0000000087f00000, 0x0000000087f00000| Untracked 
| 128|0x0000000088000000, 0x0000000088000000, 0x0000000088100000|  0%| F|  |TAMS 0x0000000088000000, 0x0000000088000000| Untracked 
| 129|0x0000000088100000, 0x0000000088100000, 0x0000000088200000|  0%| F|  |TAMS 0x0000000088100000, 0x0000000088100000| Untracked 
| 130|0x0000000088200000, 0x0000000088200000, 0x0000000088300000|  0%| F|  |TAMS 0x0000000088200000, 0x0000000088200000| Untracked 
| 131|0x0000000088300000, 0x0000000088300000, 0x0000000088400000|  0%| F|  |TAMS 0x0000000088300000, 0x0000000088300000| Untracked 
| 132|0x0000000088400000, 0x0000000088400000, 0x0000000088500000|  0%| F|  |TAMS 0x0000000088400000, 0x0000000088400000| Untracked 
| 133|0x0000000088500000, 0x00000000885fb120, 0x0000000088600000| 98%| E|  |TAMS 0x0000000088500000, 0x0000000088500000| Complete 
| 134|0x0000000088600000, 0x0000000088700000, 0x0000000088700000|100%| E|CS|TAMS 0x0000000088600000, 0x0000000088600000| Complete 
| 135|0x0000000088700000, 0x0000000088800000, 0x0000000088800000|100%| E|CS|TAMS 0x0000000088700000, 0x0000000088700000| Complete 
| 136|0x0000000088800000, 0x0000000088900000, 0x0000000088900000|100%| E|CS|TAMS 0x0000000088800000, 0x0000000088800000| Complete 
| 137|0x0000000088900000, 0x0000000088a00000, 0x0000000088a00000|100%| E|CS|TAMS 0x0000000088900000, 0x0000000088900000| Complete 
| 138|0x0000000088a00000, 0x0000000088b00000, 0x0000000088b00000|100%| E|  |TAMS 0x0000000088a00000, 0x0000000088a00000| Complete 
| 139|0x0000000088b00000, 0x0000000088c00000, 0x0000000088c00000|100%| E|CS|TAMS 0x0000000088b00000, 0x0000000088b00000| Complete 
| 140|0x0000000088c00000, 0x0000000088d00000, 0x0000000088d00000|100%| E|CS|TAMS 0x0000000088c00000, 0x0000000088c00000| Complete 
| 141|0x0000000088d00000, 0x0000000088e00000, 0x0000000088e00000|100%| E|CS|TAMS 0x0000000088d00000, 0x0000000088d00000| Complete 
| 142|0x0000000088e00000, 0x0000000088f00000, 0x0000000088f00000|100%| E|CS|TAMS 0x0000000088e00000, 0x0000000088e00000| Complete 
| 143|0x0000000088f00000, 0x0000000089000000, 0x0000000089000000|100%| E|CS|TAMS 0x0000000088f00000, 0x0000000088f00000| Complete 
| 144|0x0000000089000000, 0x0000000089100000, 0x0000000089100000|100%| E|CS|TAMS 0x0000000089000000, 0x0000000089000000| Complete 
| 145|0x0000000089100000, 0x0000000089200000, 0x0000000089200000|100%| E|CS|TAMS 0x0000000089100000, 0x0000000089100000| Complete 
| 146|0x0000000089200000, 0x0000000089300000, 0x0000000089300000|100%| E|CS|TAMS 0x0000000089200000, 0x0000000089200000| Complete 
| 147|0x0000000089300000, 0x0000000089400000, 0x0000000089400000|100%| E|CS|TAMS 0x0000000089300000, 0x0000000089300000| Complete 
| 148|0x0000000089400000, 0x0000000089500000, 0x0000000089500000|100%| E|CS|TAMS 0x0000000089400000, 0x0000000089400000| Complete 
| 149|0x0000000089500000, 0x0000000089600000, 0x0000000089600000|100%| E|CS|TAMS 0x0000000089500000, 0x0000000089500000| Complete 
| 150|0x0000000089600000, 0x0000000089700000, 0x0000000089700000|100%| E|CS|TAMS 0x0000000089600000, 0x0000000089600000| Complete 
| 151|0x0000000089700000, 0x0000000089800000, 0x0000000089800000|100%| E|CS|TAMS 0x0000000089700000, 0x0000000089700000| Complete 
| 152|0x0000000089800000, 0x0000000089900000, 0x0000000089900000|100%| E|CS|TAMS 0x0000000089800000, 0x0000000089800000| Complete 
| 153|0x0000000089900000, 0x0000000089a00000, 0x0000000089a00000|100%| E|CS|TAMS 0x0000000089900000, 0x0000000089900000| Complete 
| 154|0x0000000089a00000, 0x0000000089b00000, 0x0000000089b00000|100%| E|CS|TAMS 0x0000000089a00000, 0x0000000089a00000| Complete 
| 155|0x0000000089b00000, 0x0000000089c00000, 0x0000000089c00000|100%| E|CS|TAMS 0x0000000089b00000, 0x0000000089b00000| Complete 
| 156|0x0000000089c00000, 0x0000000089d00000, 0x0000000089d00000|100%| E|CS|TAMS 0x0000000089c00000, 0x0000000089c00000| Complete 
| 157|0x0000000089d00000, 0x0000000089e00000, 0x0000000089e00000|100%| E|CS|TAMS 0x0000000089d00000, 0x0000000089d00000| Complete 
| 158|0x0000000089e00000, 0x0000000089f00000, 0x0000000089f00000|100%| E|CS|TAMS 0x0000000089e00000, 0x0000000089e00000| Complete 
| 159|0x0000000089f00000, 0x000000008a000000, 0x000000008a000000|100%| E|CS|TAMS 0x0000000089f00000, 0x0000000089f00000| Complete 
| 160|0x000000008a000000, 0x000000008a100000, 0x000000008a100000|100%| E|CS|TAMS 0x000000008a000000, 0x000000008a000000| Complete 
| 161|0x000000008a100000, 0x000000008a200000, 0x000000008a200000|100%| E|CS|TAMS 0x000000008a100000, 0x000000008a100000| Complete 
| 162|0x000000008a200000, 0x000000008a300000, 0x000000008a300000|100%| E|CS|TAMS 0x000000008a200000, 0x000000008a200000| Complete 
| 163|0x000000008a300000, 0x000000008a400000, 0x000000008a400000|100%| E|CS|TAMS 0x000000008a300000, 0x000000008a300000| Complete 
| 164|0x000000008a400000, 0x000000008a500000, 0x000000008a500000|100%| E|CS|TAMS 0x000000008a400000, 0x000000008a400000| Complete 
| 165|0x000000008a500000, 0x000000008a600000, 0x000000008a600000|100%| E|CS|TAMS 0x000000008a500000, 0x000000008a500000| Complete 
| 166|0x000000008a600000, 0x000000008a700000, 0x000000008a700000|100%| E|CS|TAMS 0x000000008a600000, 0x000000008a600000| Complete 
| 167|0x000000008a700000, 0x000000008a800000, 0x000000008a800000|100%| E|CS|TAMS 0x000000008a700000, 0x000000008a700000| Complete 

Card table byte_map: [0x00000298f89c0000,0x00000298f8dc0000] _byte_map_base: 0x00000298f85c0000

Marking Bits (Prev, Next): (CMBitMap*) 0x00000298e3890cf8, (CMBitMap*) 0x00000298e3890d30
 Prev Bits: [0x00000298f91c0000, 0x00000298fb1c0000)
 Next Bits: [0x00000298fb1c0000, 0x00000298fd1c0000)

Polling page: 0x00000298e3930000

Metaspace:

Usage:
  Non-class:     79.11 MB capacity,    77.71 MB ( 98%) used,     1.16 MB (  1%) free+waste,   256.13 KB ( <1%) overhead. 
      Class:     12.37 MB capacity,    11.56 MB ( 93%) used,   708.13 KB (  6%) free+waste,   115.50 KB ( <1%) overhead. 
       Both:     91.48 MB capacity,    89.27 MB ( 98%) used,     1.85 MB (  2%) free+waste,   371.63 KB ( <1%) overhead. 

Virtual space:
  Non-class space:       80.00 MB reserved,      79.25 MB (>99%) committed 
      Class space:        1.00 GB reserved,      12.45 MB (  1%) committed 
             Both:        1.08 GB reserved,      91.70 MB (  8%) committed 

Chunk freelists:
   Non-Class:  15.00 KB
       Class:  9.00 KB
        Both:  24.00 KB

MaxMetaspaceSize: 17179869184.00 GB
CompressedClassSpaceSize: 1.00 GB

CodeHeap 'non-profiled nmethods': size=120000Kb used=4982Kb max_used=4982Kb free=115017Kb
 bounds [0x00000298f0630000, 0x00000298f0b10000, 0x00000298f7b60000]
CodeHeap 'profiled nmethods': size=120000Kb used=21791Kb max_used=21791Kb free=98208Kb
 bounds [0x00000298e9100000, 0x00000298ea650000, 0x00000298f0630000]
CodeHeap 'non-nmethods': size=5760Kb used=2300Kb max_used=2331Kb free=3459Kb
 bounds [0x00000298e8b60000, 0x00000298e8dd0000, 0x00000298e9100000]
 total_blobs=11338 nmethods=10434 adapters=815
 compilation: enabled
              stopped_count=0, restarted_count=0
 full_count=0

Compilation events (20 events):
Event: 31.241 Thread 0x00000298ffcba000 nmethod 10557 0x00000298ea60bf90 code [0x00000298ea60c160, 0x00000298ea60c3c8]
Event: 31.241 Thread 0x00000298ffcba000 10539       2       com.android.tools.r8.graph.j0$m::j (111 bytes)
Event: 31.242 Thread 0x00000298ffcba000 nmethod 10539 0x00000298ea60c510 code [0x00000298ea60c720, 0x00000298ea60cca8]
Event: 31.242 Thread 0x00000298ffcba000 10555       2       com.android.tools.r8.internal.PF::<init> (25 bytes)
Event: 31.242 Thread 0x00000298ffcba000 nmethod 10555 0x00000298ea60cf90 code [0x00000298ea60d140, 0x00000298ea60d298]
Event: 31.242 Thread 0x00000298ffcba000 10543       2       com.android.tools.r8.graph.T::e (10 bytes)
Event: 31.243 Thread 0x00000298ffcba000 nmethod 10543 0x00000298ea60d310 code [0x00000298ea60d500, 0x00000298ea60d948]
Event: 31.243 Thread 0x00000298ffcba000 10546       2       com.android.tools.r8.graph.j0$e::<init> (13 bytes)
Event: 31.243 Thread 0x00000298ffcba000 nmethod 10546 0x00000298ea60db90 code [0x00000298ea60dd40, 0x00000298ea60de68]
Event: 31.243 Thread 0x00000298ffcba000 10532       2       com.android.tools.r8.graph.j0$m::c (61 bytes)
Event: 31.244 Thread 0x00000298ffcba000 nmethod 10532 0x00000298ea60df10 code [0x00000298ea60e100, 0x00000298ea60e338]
Event: 31.244 Thread 0x00000298ffcba000 10540       2       com.android.tools.r8.internal.pf$a::c (8 bytes)
Event: 31.244 Thread 0x00000298ffcba000 nmethod 10540 0x00000298ea60e490 code [0x00000298ea60e660, 0x00000298ea60e958]
Event: 31.245 Thread 0x00000298ffcba000 10552       2       com.android.tools.r8.graph.j0::d (4 bytes)
Event: 31.245 Thread 0x00000298ffcba000 nmethod 10552 0x00000298ea60eb10 code [0x00000298ea60ecc0, 0x00000298ea60ed98]
Event: 31.245 Thread 0x00000298ffcba000 10533       2       com.android.tools.r8.internal.q::<init> (21 bytes)
Event: 31.246 Thread 0x00000298ffcb3800 nmethod 10454 0x00000298f0b0c390 code [0x00000298f0b0c5a0, 0x00000298f0b0cab0]
Event: 31.246 Thread 0x00000298ffcba000 nmethod 10533 0x00000298ea60ee10 code [0x00000298ea60efe0, 0x00000298ea60f1f8]
Event: 31.246 Thread 0x00000298ffcb3800 10558   !   4       java.util.concurrent.ConcurrentHashMap::transfer (828 bytes)
Event: 31.246 Thread 0x00000298ffcba000 10559       2       com.android.tools.r8.internal.T6::a (4191 bytes)

GC Heap History (20 events):
Event: 23.117 GC heap before
{Heap before GC invocations=22 (full 0):
 garbage-first heap   total 118784K, used 95802K [0x0000000080000000, 0x0000000100000000)
  region size 1024K, 35 young (35840K), 3 survivors (3072K)
 Metaspace       used 74028K, capacity 75651K, committed 75852K, reserved 1114112K
  class space    used 9606K, capacity 10229K, committed 10316K, reserved 1048576K
}
Event: 23.133 GC heap after
{Heap after GC invocations=23 (full 0):
 garbage-first heap   total 118784K, used 64622K [0x0000000080000000, 0x0000000100000000)
  region size 1024K, 4 young (4096K), 4 survivors (4096K)
 Metaspace       used 74028K, capacity 75651K, committed 75852K, reserved 1114112K
  class space    used 9606K, capacity 10229K, committed 10316K, reserved 1048576K
}
Event: 24.223 GC heap before
{Heap before GC invocations=24 (full 0):
 garbage-first heap   total 118784K, used 97390K [0x0000000080000000, 0x0000000100000000)
  region size 1024K, 36 young (36864K), 4 survivors (4096K)
 Metaspace       used 77684K, capacity 79564K, committed 79692K, reserved 1118208K
  class space    used 10118K, capacity 10790K, committed 10828K, reserved 1048576K
}
Event: 24.234 GC heap after
{Heap after GC invocations=25 (full 0):
 garbage-first heap   total 118784K, used 66786K [0x0000000080000000, 0x0000000100000000)
  region size 1024K, 5 young (5120K), 5 survivors (5120K)
 Metaspace       used 77684K, capacity 79564K, committed 79692K, reserved 1118208K
  class space    used 10118K, capacity 10790K, committed 10828K, reserved 1048576K
}
Event: 25.266 GC heap before
{Heap before GC invocations=25 (full 0):
 garbage-first heap   total 118784K, used 97506K [0x0000000080000000, 0x0000000100000000)
  region size 1024K, 35 young (35840K), 5 survivors (5120K)
 Metaspace       used 79998K, capacity 81871K, committed 81996K, reserved 1120256K
  class space    used 10428K, capacity 11072K, committed 11084K, reserved 1048576K
}
Event: 25.285 GC heap after
{Heap after GC invocations=26 (full 0):
 garbage-first heap   total 118784K, used 69268K [0x0000000080000000, 0x0000000100000000)
  region size 1024K, 5 young (5120K), 5 survivors (5120K)
 Metaspace       used 79998K, capacity 81871K, committed 81996K, reserved 1120256K
  class space    used 10428K, capacity 11072K, committed 11084K, reserved 1048576K
}
Event: 26.336 GC heap before
{Heap before GC invocations=27 (full 0):
 garbage-first heap   total 118784K, used 97940K [0x0000000080000000, 0x0000000100000000)
  region size 1024K, 34 young (34816K), 5 survivors (5120K)
 Metaspace       used 81652K, capacity 83922K, committed 84044K, reserved 1122304K
  class space    used 10715K, capacity 11538K, committed 11596K, reserved 1048576K
}
Event: 26.353 GC heap after
{Heap after GC invocations=28 (full 0):
 garbage-first heap   total 143360K, used 72169K [0x0000000080000000, 0x0000000100000000)
  region size 1024K, 5 young (5120K), 5 survivors (5120K)
 Metaspace       used 81652K, capacity 83922K, committed 84044K, reserved 1122304K
  class space    used 10715K, capacity 11538K, committed 11596K, reserved 1048576K
}
Event: 27.536 GC heap before
{Heap before GC invocations=28 (full 0):
 garbage-first heap   total 143360K, used 111081K [0x0000000080000000, 0x0000000100000000)
  region size 1024K, 44 young (45056K), 5 survivors (5120K)
 Metaspace       used 82031K, capacity 84254K, committed 84300K, reserved 1122304K
  class space    used 10727K, capacity 11551K, committed 11596K, reserved 1048576K
}
Event: 27.555 GC heap after
{Heap after GC invocations=29 (full 0):
 garbage-first heap   total 143360K, used 75831K [0x0000000080000000, 0x0000000100000000)
  region size 1024K, 6 young (6144K), 6 survivors (6144K)
 Metaspace       used 82031K, capacity 84254K, committed 84300K, reserved 1122304K
  class space    used 10727K, capacity 11551K, committed 11596K, reserved 1048576K
}
Event: 28.143 GC heap before
{Heap before GC invocations=30 (full 0):
 garbage-first heap   total 143360K, used 112695K [0x0000000080000000, 0x0000000100000000)
  region size 1024K, 43 young (44032K), 6 survivors (6144K)
 Metaspace       used 82482K, capacity 84760K, committed 84940K, reserved 1122304K
  class space    used 10773K, capacity 11603K, committed 11724K, reserved 1048576K
}
Event: 28.157 GC heap after
{Heap after GC invocations=31 (full 0):
 garbage-first heap   total 143360K, used 78210K [0x0000000080000000, 0x0000000100000000)
  region size 1024K, 4 young (4096K), 4 survivors (4096K)
 Metaspace       used 82482K, capacity 84760K, committed 84940K, reserved 1122304K
  class space    used 10773K, capacity 11603K, committed 11724K, reserved 1048576K
}
Event: 29.003 GC heap before
{Heap before GC invocations=31 (full 0):
 garbage-first heap   total 143360K, used 114050K [0x0000000080000000, 0x0000000100000000)
  region size 1024K, 40 young (40960K), 4 survivors (4096K)
 Metaspace       used 84435K, capacity 86646K, committed 86860K, reserved 1124352K
  class space    used 10962K, capacity 11798K, committed 11852K, reserved 1048576K
}
Event: 29.021 GC heap after
{Heap after GC invocations=32 (full 0):
 garbage-first heap   total 143360K, used 80592K [0x0000000080000000, 0x0000000100000000)
  region size 1024K, 3 young (3072K), 3 survivors (3072K)
 Metaspace       used 84435K, capacity 86646K, committed 86860K, reserved 1124352K
  class space    used 10962K, capacity 11798K, committed 11852K, reserved 1048576K
}
Event: 30.323 GC heap before
{Heap before GC invocations=33 (full 0):
 garbage-first heap   total 143360K, used 116432K [0x0000000080000000, 0x0000000100000000)
  region size 1024K, 39 young (39936K), 3 survivors (3072K)
 Metaspace       used 86109K, capacity 88254K, committed 88908K, reserved 1126400K
  class space    used 11129K, capacity 11893K, committed 12108K, reserved 1048576K
}
Event: 30.336 GC heap after
{Heap after GC invocations=34 (full 0):
 garbage-first heap   total 172032K, used 82514K [0x0000000080000000, 0x0000000100000000)
  region size 1024K, 5 young (5120K), 5 survivors (5120K)
 Metaspace       used 86109K, capacity 88254K, committed 88908K, reserved 1126400K
  class space    used 11129K, capacity 11893K, committed 12108K, reserved 1048576K
}
Event: 30.605 GC heap before
{Heap before GC invocations=34 (full 0):
 garbage-first heap   total 172032K, used 126546K [0x0000000080000000, 0x0000000100000000)
  region size 1024K, 50 young (51200K), 5 survivors (5120K)
 Metaspace       used 87849K, capacity 89996K, committed 90444K, reserved 1128448K
  class space    used 11359K, capacity 12131K, committed 12364K, reserved 1048576K
}
Event: 30.618 GC heap after
{Heap after GC invocations=35 (full 0):
 garbage-first heap   total 172032K, used 92399K [0x0000000080000000, 0x0000000100000000)
  region size 1024K, 7 young (7168K), 7 survivors (7168K)
 Metaspace       used 87849K, capacity 89996K, committed 90444K, reserved 1128448K
  class space    used 11359K, capacity 12131K, committed 12364K, reserved 1048576K
}
Event: 30.926 GC heap before
{Heap before GC invocations=36 (full 0):
 garbage-first heap   total 172032K, used 135407K [0x0000000080000000, 0x0000000100000000)
  region size 1024K, 48 young (49152K), 7 survivors (7168K)
 Metaspace       used 89279K, capacity 91442K, committed 91852K, reserved 1128448K
  class space    used 11551K, capacity 12339K, committed 12492K, reserved 1048576K
}
Event: 30.936 GC heap after
{Heap after GC invocations=37 (full 0):
 garbage-first heap   total 172032K, used 99138K [0x0000000080000000, 0x0000000100000000)
  region size 1024K, 6 young (6144K), 6 survivors (6144K)
 Metaspace       used 89279K, capacity 91442K, committed 91852K, reserved 1128448K
  class space    used 11551K, capacity 12339K, committed 12492K, reserved 1048576K
}

Deoptimization events (20 events):
Event: 31.000 Thread 0x0000029881a79000 Uncommon trap: trap_request=0xffffff4d fr.pc=0x00000298f0ae15f0 relative=0x0000000000000370
Event: 31.000 Thread 0x0000029881a79000 Uncommon trap: reason=unstable_if action=reinterpret pc=0x00000298f0ae15f0 method=com.android.tools.r8.graph.c0.a(C)I @ 1 c2
Event: 31.000 Thread 0x0000029881a79000 DEOPT PACKING pc=0x00000298f0ae15f0 sp=0x000000f93f2fa310
Event: 31.000 Thread 0x0000029881a79000 DEOPT UNPACKING pc=0x00000298e8b878af sp=0x000000f93f2fa248 mode 2
Event: 31.000 Thread 0x0000029881a79000 Uncommon trap: trap_request=0xffffff4d fr.pc=0x00000298f0addc8c relative=0x000000000000006c
Event: 31.000 Thread 0x0000029881a79000 Uncommon trap: reason=unstable_if action=reinterpret pc=0x00000298f0addc8c method=com.android.tools.r8.graph.c0.a(C[BI)I @ 1 c2
Event: 31.000 Thread 0x0000029881a79000 DEOPT PACKING pc=0x00000298f0addc8c sp=0x000000f93f2fa290
Event: 31.000 Thread 0x0000029881a79000 DEOPT UNPACKING pc=0x00000298e8b878af sp=0x000000f93f2fa230 mode 2
Event: 31.089 Thread 0x0000029884830800 Uncommon trap: trap_request=0xffffff4d fr.pc=0x00000298f0ae2124 relative=0x0000000000000084
Event: 31.089 Thread 0x0000029884830800 Uncommon trap: reason=unstable_if action=reinterpret pc=0x00000298f0ae2124 method=com.android.tools.r8.internal.Xe.d(I)Z @ 45 c2
Event: 31.089 Thread 0x0000029884830800 DEOPT PACKING pc=0x00000298f0ae2124 sp=0x000000f93f6fa070
Event: 31.089 Thread 0x0000029884830800 DEOPT UNPACKING pc=0x00000298e8b878af sp=0x000000f93f6fa000 mode 2
Event: 31.097 Thread 0x0000029881a7a000 DEOPT PACKING pc=0x00000298ea59a7b8 sp=0x000000f93f3f9c80
Event: 31.098 Thread 0x0000029881a7a000 DEOPT UNPACKING pc=0x00000298e8b876ce sp=0x000000f93f3f91a8 mode 0
Event: 31.148 Thread 0x0000029881a79000 DEOPT PACKING pc=0x00000298ea59a7b8 sp=0x000000f93f2fa350
Event: 31.148 Thread 0x0000029881a79000 DEOPT UNPACKING pc=0x00000298e8b876ce sp=0x000000f93f2f9878 mode 0
Event: 31.237 Thread 0x0000029881a7b800 DEOPT PACKING pc=0x00000298ea2dba76 sp=0x000000f93f4fa1c0
Event: 31.237 Thread 0x0000029881a7b800 DEOPT UNPACKING pc=0x00000298e8b876ce sp=0x000000f93f4f96e0 mode 0
Event: 31.266 Thread 0x0000029884832800 DEOPT PACKING pc=0x00000298ea2dba76 sp=0x000000f93f9f9f90
Event: 31.266 Thread 0x0000029884832800 DEOPT UNPACKING pc=0x00000298e8b876ce sp=0x000000f93f9f94b0 mode 0

Classes redefined (0 events):
No events

Internal exceptions (20 events):
Event: 30.463 Thread 0x0000029884830800 Exception <a 'sun/nio/fs/WindowsException'{0x0000000089d2f7b8}> (0x0000000089d2f7b8) thrown at [./src/hotspot/share/prims/jni.cpp, line 615]
Event: 30.540 Thread 0x0000029884831000 Exception <a 'sun/nio/fs/WindowsException'{0x0000000088b0acd8}> (0x0000000088b0acd8) thrown at [./src/hotspot/share/prims/jni.cpp, line 615]
Event: 30.566 Thread 0x0000029881a7a000 Exception <a 'sun/nio/fs/WindowsException'{0x00000000885e5550}> (0x00000000885e5550) thrown at [./src/hotspot/share/prims/jni.cpp, line 615]
Event: 30.689 Thread 0x0000029884832800 Exception <a 'sun/nio/fs/WindowsException'{0x0000000089d3d1e8}> (0x0000000089d3d1e8) thrown at [./src/hotspot/share/prims/jni.cpp, line 615]
Event: 30.885 Thread 0x0000029881a79000 Exception <a 'java/lang/NoSuchMethodError'{0x000000008832ccb8}: 'java.lang.Object java.lang.invoke.DirectMethodHandle$Holder.invokeStatic(java.lang.Object, java.lang.Object, java.lang.Object, java.lang.Object, java.lang.Object, java.lang.Object, java.lang.Object, java.lang.Object, java.lang.Object, java.lang.Object, java.lang.Object, java.lang.Object, java.lang.Object, java.lang.Object, java.lang.Object, java.lang.Object, java.lang.Object, java.lang.Object, int, java.lang.Object)'> (0x000000008832ccb8) thr
Event: 30.886 Thread 0x0000029881a79000 Exception <a 'java/lang/NoSuchMethodError'{0x0000000088332d40}: 'java.lang.Object java.lang.invoke.DirectMethodHandle$Holder.invokeStaticInit(java.lang.Object, java.lang.Object, java.lang.Object, java.lang.Object, java.lang.Object, java.lang.Object, java.lang.Object, java.lang.Object, java.lang.Object, java.lang.Object, java.lang.Object, java.lang.Object, java.lang.Object, java.lang.Object, java.lang.Object, java.lang.Object, java.lang.Object, java.lang.Object, int, java.lang.Object)'> (0x0000000088332d40)
Event: 30.952 Thread 0x0000029881a79000 Exception <a 'java/lang/IncompatibleClassChangeError'{0x000000008a672bf0}: Found class java.lang.Object, but interface was expected> (0x000000008a672bf0) thrown at [./src/hotspot/share/interpreter/linkResolver.cpp, line 839]
Event: 30.952 Thread 0x0000029884831000 Exception <a 'java/lang/IncompatibleClassChangeError'{0x000000008a665f28}: Found class java.lang.Object, but interface was expected> (0x000000008a665f28) thrown at [./src/hotspot/share/interpreter/linkResolver.cpp, line 839]
Event: 30.952 Thread 0x0000029884830800 Exception <a 'java/lang/IncompatibleClassChangeError'{0x000000008a66f180}: Found class java.lang.Object, but interface was expected> (0x000000008a66f180) thrown at [./src/hotspot/share/interpreter/linkResolver.cpp, line 839]
Event: 30.963 Thread 0x0000029881a7a000 Exception <a 'java/lang/IncompatibleClassChangeError'{0x000000008a52f8e8}: Found class java.lang.Object, but interface was expected> (0x000000008a52f8e8) thrown at [./src/hotspot/share/interpreter/linkResolver.cpp, line 839]
Event: 31.012 Thread 0x0000029881a7b800 Exception <a 'sun/nio/fs/WindowsException'{0x000000008a0990d8}> (0x000000008a0990d8) thrown at [./src/hotspot/share/prims/jni.cpp, line 615]
Event: 31.038 Thread 0x0000029884830800 Exception <a 'java/lang/NoSuchMethodError'{0x0000000089f1c7a0}: 'long java.lang.invoke.DirectMethodHandle$Holder.invokeStatic(java.lang.Object, long, java.lang.Object)'> (0x0000000089f1c7a0) thrown at [./src/hotspot/share/interpreter/linkResolver.cpp, line 773]
Event: 31.040 Thread 0x0000029884832800 Exception <a 'java/lang/NoSuchMethodError'{0x0000000089ff2838}: 'java.lang.Object java.lang.invoke.DirectMethodHandle$Holder.invokeStatic(java.lang.Object, long)'> (0x0000000089ff2838) thrown at [./src/hotspot/share/interpreter/linkResolver.cpp, line 773]
Event: 31.042 Thread 0x0000029884831000 Exception <a 'java/lang/NoSuchMethodError'{0x0000000089e020b0}: 'java.lang.Object java.lang.invoke.DirectMethodHandle$Holder.invokeStatic(java.lang.Object, long)'> (0x0000000089e020b0) thrown at [./src/hotspot/share/interpreter/linkResolver.cpp, line 773]
Event: 31.042 Thread 0x0000029881a79000 Exception <a 'java/lang/NoSuchMethodError'{0x000000008a1f0a80}: 'java.lang.Object java.lang.invoke.DirectMethodHandle$Holder.invokeStatic(java.lang.Object, long)'> (0x000000008a1f0a80) thrown at [./src/hotspot/share/interpreter/linkResolver.cpp, line 773]
Event: 31.045 Thread 0x0000029884832800 Exception <a 'java/lang/NoSuchMethodError'{0x0000000089ff65e8}: 'java.lang.Object java.lang.invoke.DirectMethodHandle$Holder.invokeSpecial(java.lang.Object, java.lang.Object, long)'> (0x0000000089ff65e8) thrown at [./src/hotspot/share/interpreter/linkResolver.cpp, line 773]
Event: 31.045 Thread 0x0000029881a79000 Exception <a 'java/lang/NoSuchMethodError'{0x0000000089e30cf8}: 'java.lang.Object java.lang.invoke.DirectMethodHandle$Holder.invokeSpecial(java.lang.Object, java.lang.Object, long)'> (0x0000000089e30cf8) thrown at [./src/hotspot/share/interpreter/linkResolver.cpp, line 773]
Event: 31.047 Thread 0x0000029884832800 Exception <a 'java/lang/NoSuchMethodError'{0x0000000089e42260}: 'java.lang.Object java.lang.invoke.Invokers$Holder.linkToTargetMethod(long, java.lang.Object)'> (0x0000000089e42260) thrown at [./src/hotspot/share/interpreter/linkResolver.cpp, line 773]
Event: 31.047 Thread 0x0000029881a79000 Exception <a 'java/lang/NoSuchMethodError'{0x0000000089e344b0}: 'java.lang.Object java.lang.invoke.Invokers$Holder.linkToTargetMethod(long, java.lang.Object)'> (0x0000000089e344b0) thrown at [./src/hotspot/share/interpreter/linkResolver.cpp, line 773]
Event: 31.269 Thread 0x0000029881a79000 Exception <a 'java/lang/NoSuchMethodError'{0x0000000088ef0828}: 'int java.lang.invoke.DirectMethodHandle$Holder.invokeVirtual(java.lang.Object, java.lang.Object, java.lang.Object, java.lang.Object)'> (0x0000000088ef0828) thrown at [./src/hotspot/share/interpreter/linkResolver.cpp, line 773]

Events (20 events):
Event: 31.268 loading class com/android/tools/r8/graph/e
Event: 31.268 loading class com/android/tools/r8/graph/e done
Event: 31.268 loading class com/android/tools/r8/graph/X
Event: 31.268 loading class com/android/tools/r8/graph/X done
Event: 31.268 loading class com/android/tools/r8/graph/e
Event: 31.268 loading class com/android/tools/r8/graph/e done
Event: 31.268 loading class com/android/tools/r8/graph/X
Event: 31.268 loading class com/android/tools/r8/graph/X done
Event: 31.268 loading class com/android/tools/r8/graph/e
Event: 31.268 loading class com/android/tools/r8/graph/e done
Event: 31.268 loading class com/android/tools/r8/graph/e
Event: 31.268 loading class com/android/tools/r8/graph/e done
Event: 31.268 loading class com/android/tools/r8/graph/X
Event: 31.268 loading class com/android/tools/r8/graph/X done
Event: 31.269 loading class com/android/tools/r8/graph/T$Q
Event: 31.269 loading class com/android/tools/r8/graph/T$Q done
Event: 31.269 loading class com/android/tools/r8/graph/T$Q
Event: 31.269 loading class com/android/tools/r8/graph/T$Q done
Event: 31.270 loading class com/android/tools/r8/internal/Wo
Event: 31.270 loading class com/android/tools/r8/internal/Wo done


Dynamic libraries:
0x00007ff6fb830000 - 0x00007ff6fb83a000 	C:\Program Files\Android\Android Studio2\jre\bin\java.exe
0x00007ffcb9850000 - 0x00007ffcb9a48000 	C:\windows\SYSTEM32\ntdll.dll
0x00007ffcb8250000 - 0x00007ffcb830d000 	C:\windows\System32\KERNEL32.DLL
0x00007ffcb7540000 - 0x00007ffcb780e000 	C:\windows\System32\KERNELBASE.dll
0x00007ffcb7440000 - 0x00007ffcb7540000 	C:\windows\System32\ucrtbase.dll
0x00007ffcad510000 - 0x00007ffcad529000 	C:\Program Files\Android\Android Studio2\jre\bin\jli.dll
0x00007ffcb1fa0000 - 0x00007ffcb1fb7000 	C:\Program Files\Android\Android Studio2\jre\bin\VCRUNTIME140.dll
0x00007ffcb93b0000 - 0x00007ffcb9550000 	C:\windows\System32\USER32.dll
0x00007ffcb6f70000 - 0x00007ffcb6f92000 	C:\windows\System32\win32u.dll
0x00007ffcb97e0000 - 0x00007ffcb980a000 	C:\windows\System32\GDI32.dll
0x00007ffcb6fa0000 - 0x00007ffcb70ab000 	C:\windows\System32\gdi32full.dll
0x00007ffcb7810000 - 0x00007ffcb78ad000 	C:\windows\System32\msvcp_win.dll
0x00007ffc9d6a0000 - 0x00007ffc9d93a000 	C:\windows\WinSxS\amd64_microsoft.windows.common-controls_6595b64144ccf1df_6.0.19041.1110_none_60b5254171f9507e\COMCTL32.dll
0x00007ffcb9550000 - 0x00007ffcb95ee000 	C:\windows\System32\msvcrt.dll
0x00007ffcb7bd0000 - 0x00007ffcb7c00000 	C:\windows\System32\IMM32.DLL
0x00007ffc8f260000 - 0x00007ffc8f2fd000 	C:\Program Files\Android\Android Studio2\jre\bin\msvcp140.dll
0x00007ffc6e650000 - 0x00007ffc6f11f000 	C:\Program Files\Android\Android Studio2\jre\bin\server\jvm.dll
0x00007ffcb95f0000 - 0x00007ffcb969e000 	C:\windows\System32\ADVAPI32.dll
0x00007ffcb84d0000 - 0x00007ffcb856c000 	C:\windows\System32\sechost.dll
0x00007ffcb9280000 - 0x00007ffcb93a5000 	C:\windows\System32\RPCRT4.dll
0x00007ffcb84c0000 - 0x00007ffcb84c8000 	C:\windows\System32\PSAPI.DLL
0x00007ffc66c70000 - 0x00007ffc66c79000 	C:\windows\SYSTEM32\WSOCK32.dll
0x00007ffcaf620000 - 0x00007ffcaf62a000 	C:\windows\SYSTEM32\VERSION.dll
0x00007ffcac340000 - 0x00007ffcac367000 	C:\windows\SYSTEM32\WINMM.dll
0x00007ffcb8d20000 - 0x00007ffcb8d8b000 	C:\windows\System32\WS2_32.dll
0x00007ffcb4e70000 - 0x00007ffcb4e82000 	C:\windows\SYSTEM32\kernel.appcore.dll
0x00007ffca73b0000 - 0x00007ffca73c1000 	C:\Program Files\Android\Android Studio2\jre\bin\verify.dll
0x00007ffca7900000 - 0x00007ffca7ae4000 	C:\windows\SYSTEM32\DBGHELP.DLL
0x00007ffca78a0000 - 0x00007ffca78cc000 	C:\windows\SYSTEM32\dbgcore.DLL
0x00007ffcb70e0000 - 0x00007ffcb7162000 	C:\windows\System32\bcryptPrimitives.dll
0x00007ffc9e600000 - 0x00007ffc9e629000 	C:\Program Files\Android\Android Studio2\jre\bin\java.dll
0x00007ffcb21c0000 - 0x00007ffcb21cb000 	C:\Program Files\Android\Android Studio2\jre\bin\jimage.dll
0x00007ffca7340000 - 0x00007ffca7358000 	C:\Program Files\Android\Android Studio2\jre\bin\zip.dll
0x00007ffcb85d0000 - 0x00007ffcb8d14000 	C:\windows\System32\SHELL32.dll
0x00007ffcb5070000 - 0x00007ffcb5804000 	C:\windows\SYSTEM32\windows.storage.dll
0x00007ffcb7e60000 - 0x00007ffcb81b4000 	C:\windows\System32\combase.dll
0x00007ffcb6950000 - 0x00007ffcb6980000 	C:\windows\SYSTEM32\Wldp.dll
0x00007ffcb79d0000 - 0x00007ffcb7a7d000 	C:\windows\System32\SHCORE.dll
0x00007ffcb9780000 - 0x00007ffcb97d5000 	C:\windows\System32\shlwapi.dll
0x00007ffcb6eb0000 - 0x00007ffcb6ecf000 	C:\windows\SYSTEM32\profapi.dll
0x00007ffca6e70000 - 0x00007ffca6e8a000 	C:\Program Files\Android\Android Studio2\jre\bin\net.dll
0x00007ffcad650000 - 0x00007ffcad75a000 	C:\windows\SYSTEM32\WINHTTP.dll
0x00007ffcb6660000 - 0x00007ffcb66ca000 	C:\windows\system32\mswsock.dll
0x00007ffca4c50000 - 0x00007ffca4c64000 	C:\Program Files\Android\Android Studio2\jre\bin\nio.dll
0x00007ffc8e4c0000 - 0x00007ffc8e4e7000 	C:\Users\Home\.gradle\native\8bec1ad78214c89d9ad589b4d07fe93259594b29d510b10fafb7a158f7737e5d\windows-amd64\native-platform.dll
0x00007ffc85940000 - 0x00007ffc85a7d000 	C:\Users\Home\.gradle\native\53dbd7edfb1c66fb8903c78663c9afc45aea4f116125fa6feffd364cf09443e8\windows-amd64\native-platform-file-events.dll
0x00007ffcb2080000 - 0x00007ffcb208a000 	C:\Program Files\Android\Android Studio2\jre\bin\management.dll
0x00007ffcb1ff0000 - 0x00007ffcb1ffc000 	C:\Program Files\Android\Android Studio2\jre\bin\management_ext.dll
0x00007ffcb68b0000 - 0x00007ffcb68c8000 	C:\windows\SYSTEM32\CRYPTSP.dll
0x00007ffcb5fe0000 - 0x00007ffcb6014000 	C:\windows\system32\rsaenh.dll
0x00007ffcb70b0000 - 0x00007ffcb70d7000 	C:\windows\System32\bcrypt.dll
0x00007ffcb6e30000 - 0x00007ffcb6e5e000 	C:\windows\SYSTEM32\USERENV.dll
0x00007ffcb6980000 - 0x00007ffcb698c000 	C:\windows\SYSTEM32\CRYPTBASE.dll
0x00007ffcb6350000 - 0x00007ffcb638b000 	C:\windows\SYSTEM32\IPHLPAPI.DLL
0x00007ffcb84a0000 - 0x00007ffcb84a8000 	C:\windows\System32\NSI.dll
0x00007ffcaebf0000 - 0x00007ffcaec07000 	C:\windows\SYSTEM32\dhcpcsvc6.DLL
0x00007ffcaeeb0000 - 0x00007ffcaeecd000 	C:\windows\SYSTEM32\dhcpcsvc.DLL
0x00007ffcb6390000 - 0x00007ffcb645b000 	C:\windows\SYSTEM32\DNSAPI.dll

dbghelp: loaded successfully - version: 4.0.5 - missing functions: none
symbol engine: initialized successfully - sym options: 0x614 - pdb path: .;C:\Program Files\Android\Android Studio2\jre\bin;C:\windows\SYSTEM32;C:\windows\WinSxS\amd64_microsoft.windows.common-controls_6595b64144ccf1df_6.0.19041.1110_none_60b5254171f9507e;C:\Program Files\Android\Android Studio2\jre\bin\server;C:\Users\Home\.gradle\native\8bec1ad78214c89d9ad589b4d07fe93259594b29d510b10fafb7a158f7737e5d\windows-amd64;C:\Users\Home\.gradle\native\53dbd7edfb1c66fb8903c78663c9afc45aea4f116125fa6feffd364cf09443e8\windows-amd64

VM Arguments:
jvm_args: --add-opens=java.base/java.util=ALL-UNNAMED --add-opens=java.base/java.lang=ALL-UNNAMED --add-opens=java.base/java.lang.invoke=ALL-UNNAMED --add-opens=java.base/java.util=ALL-UNNAMED --add-opens=java.prefs/java.util.prefs=ALL-UNNAMED --add-opens=java.prefs/java.util.prefs=ALL-UNNAMED --add-opens=java.base/java.nio.charset=ALL-UNNAMED --add-opens=java.base/java.net=ALL-UNNAMED --add-opens=java.base/java.util.concurrent.atomic=ALL-UNNAMED -Xmx2048m -Dfile.encoding=UTF-8 -Duser.country=IN -Duser.language=en -Duser.variant 
java_command: org.gradle.launcher.daemon.bootstrap.GradleDaemon 7.0.2
java_class_path (initial): C:\Users\Home\.gradle\wrapper\dists\gradle-7.0.2-bin\857tjihv64xamwrf0h14cai3r\gradle-7.0.2\lib\gradle-launcher-7.0.2.jar
Launcher Type: SUN_STANDARD

[Global flags]
     intx CICompilerCount                          = 4                                         {product} {ergonomic}
     uint ConcGCThreads                            = 2                                         {product} {ergonomic}
     uint G1ConcRefinementThreads                  = 8                                         {product} {ergonomic}
   size_t G1HeapRegionSize                         = 1048576                                   {product} {ergonomic}
    uintx GCDrainStackTargetSize                   = 64                                        {product} {ergonomic}
   size_t InitialHeapSize                          = 100663296                                 {product} {ergonomic}
   size_t MarkStackSize                            = 4194304                                   {product} {ergonomic}
   size_t MaxHeapSize                              = 2147483648                                {product} {command line}
   size_t MaxNewSize                               = 1287651328                                {product} {ergonomic}
   size_t MinHeapDeltaBytes                        = 1048576                                   {product} {ergonomic}
    uintx NonNMethodCodeHeapSize                   = 5836300                                {pd product} {ergonomic}
    uintx NonProfiledCodeHeapSize                  = 122910970                              {pd product} {ergonomic}
    uintx ProfiledCodeHeapSize                     = 122910970                              {pd product} {ergonomic}
    uintx ReservedCodeCacheSize                    = 251658240                              {pd product} {ergonomic}
     bool SegmentedCodeCache                       = true                                      {product} {ergonomic}
     bool UseCompressedClassPointers               = true                                 {lp64_product} {ergonomic}
     bool UseCompressedOops                        = true                                 {lp64_product} {ergonomic}
     bool UseG1GC                                  = true                                      {product} {ergonomic}
     bool UseLargePagesIndividualAllocation        = false                                  {pd product} {ergonomic}

Logging:
Log output configuration:
 #0: stdout all=warning uptime,level,tags
 #1: stderr all=off uptime,level,tags

Environment Variables:
PATH=C:\Program Files (x86)\VMware\VMware Workstation\bin\;C:\Program Files (x86)\Common Files\Intel\Shared Libraries\redist\intel64\compiler;C:\Program Files\Common Files\Oracle\Java\javapath;C:\Program Files (x86)\Common Files\Oracle\Java\javapath;C:\windows\system32;C:\windows;C:\windows\System32\Wbem;C:\windows\System32\WindowsPowerShell\v1.0\;C:\windows\System32\OpenSSH\;C:\Program Files (x86)\NVIDIA Corporation\PhysX\Common;C:\Program Files\NVIDIA Corporation\NVIDIA NvDLISR;C:\Program Files\Java\jdk-16.0.1\bin;C:\Program Files (x86)\mingw-w64\i686-8.1.0-posix-dwarf-rt_v6-rev0\mingw32\bin;C:\sqlite;C:\Program Files\kotlinc\bin;C:\Program Files\Git\cmd;C:\Program Files\nodejs\;C:\Users\Home\AppData\Local\Programs\Python\Python39\Scripts\;C:\Users\Home\AppData\Local\Programs\Python\Python39\;C:\Users\Home\AppData\Local\Microsoft\WindowsApps;C:\Program Files (x86)\mingw-w64\i686-8.1.0-posix-dwarf-rt_v6-rev0\mingw32\bin;C:\Users\Home\AppData\Local\Programs\Microsoft VS Code\bin;C:\Users\Home\Desktop\Songs\todolist;C:\Program Files\JetBrains\IntelliJ IDEA Community Edition 2021.3\bin;;C:\Program Files\kotlinc\bin;C:\modeltech64_2020.4\win64;C:\Dart\dart-sdk\bin;C:\Users\Home\AppData\Roaming\npm
USERNAME=Home
OS=Windows_NT
PROCESSOR_IDENTIFIER=AMD64 Family 23 Model 24 Stepping 1, AuthenticAMD



---------------  S Y S T E M  ---------------

OS: Windows 10 , 64 bit Build 19041 (10.0.19041.1806)
OS uptime: 10 days 18:27 hours

CPU:total 8 (initial active 8) (8 cores per cpu, 2 threads per core) family 23 model 24 stepping 1 microcode 0x0, cmov, cx8, fxsr, mmx, sse, sse2, sse3, ssse3, sse4.1, sse4.2, popcnt, avx, avx2, aes, clmul, mmxext, 3dnowpref, lzcnt, sse4a, ht, tsc, tscinvbit, tscinv, bmi1, bmi2, adx, s

Memory: 4k page, system-wide physical 6021M (648M free)
TotalPageFile size 24453M (AvailPageFile size 0M)
current process WorkingSet (physical memory assigned to process): 404M, peak: 404M
current process commit charge ("private bytes"): 518M, peak: 518M

vm_info: OpenJDK 64-Bit Server VM (11.0.10+0-b96-7249189) for windows-amd64 JRE (11.0.10+0-b96-7249189), built on Mar 31 2021 21:44:00 by "builder" with MS VC++ 14.0 (VS2015)

END.
