#
# There is insufficient memory for the Java Runtime Environment to continue.
# Native memory allocation (mmap) failed to map 46137344 bytes for Failed to commit area from 0x0000000088c00000 to 0x000000008b800000 of length 46137344.
# Possible reasons:
#   The system is out of physical RAM or swap space
#   The process is running with CompressedOops enabled, and the Java Heap may be blocking the growth of the native heap
# Possible solutions:
#   Reduce memory load on the system
#   Increase physical memory or swap space
#   Check if swap backing store is full
#   Decrease Java heap size (-Xmx/-Xms)
#   Decrease number of Java threads
#   Decrease Java thread stack sizes (-Xss)
#   Set larger code cache with -XX:ReservedCodeCacheSize=
#   JVM is running with Unscaled Compressed Oops mode in which the Java heap is
#     placed in the first 4GB address space. The Java Heap base address is the
#     maximum limit for the native heap growth. Please use -XX:HeapBaseMinAddress
#     to set the Java Heap base and to place the Java Heap above 4GB virtual address.
# This output file may be truncated or incomplete.
#
#  Out of Memory Error (./src/hotspot/os/windows/os_windows.cpp:3301), pid=22400, tid=20652
#
# JRE version: OpenJDK Runtime Environment (11.0.10) (build 11.0.10+0-b96-7249189)
# Java VM: OpenJDK 64-Bit Server VM (11.0.10+0-b96-7249189, mixed mode, tiered, compressed oops, g1 gc, windows-amd64)
# No core dump will be written. Minidumps are not enabled by default on client versions of Windows
#

---------------  S U M M A R Y ------------

Command Line: --add-opens=java.base/java.util=ALL-UNNAMED --add-opens=java.base/java.lang=ALL-UNNAMED --add-opens=java.base/java.lang.invoke=ALL-UNNAMED --add-opens=java.base/java.util=ALL-UNNAMED --add-opens=java.prefs/java.util.prefs=ALL-UNNAMED --add-opens=java.prefs/java.util.prefs=ALL-UNNAMED --add-opens=java.base/java.nio.charset=ALL-UNNAMED --add-opens=java.base/java.net=ALL-UNNAMED --add-opens=java.base/java.util.concurrent.atomic=ALL-UNNAMED -Xmx2048m -Dfile.encoding=UTF-8 -Duser.country=IN -Duser.language=en -Duser.variant org.gradle.launcher.daemon.bootstrap.GradleDaemon 7.0.2

Host: AMD Ryzen 5 3550H with Radeon Vega Mobile Gfx  , 8 cores, 5G,  Windows 10 , 64 bit Build 19041 (10.0.19041.1806)
Time: Thu Aug  4 13:31:58 2022 India Standard Time elapsed time: 36.385315 seconds (0d 0h 0m 36s)

---------------  T H R E A D  ---------------

Current thread (0x000002d62b315000):  VMThread "VM Thread" [stack: 0x000000dab0e00000,0x000000dab0f00000] [id=20652]

Stack: [0x000000dab0e00000,0x000000dab0f00000]
[error occurred during error reporting (printing stack bounds), id 0xc0000005, EXCEPTION_ACCESS_VIOLATION (0xc0000005) at pc=0x000002d6149b0f2d]

Native frames: (J=compiled Java code, j=interpreted, Vv=VM code, C=native code)
V  [jvm.dll+0x5ecfaa]
V  [jvm.dll+0x722bd5]
V  [jvm.dll+0x72412d]
V  [jvm.dll+0x724745]
V  [jvm.dll+0x7246fb]
V  [jvm.dll+0x5ec348]
V  [jvm.dll+0x5ecad8]
C  [ntdll.dll+0xa229f]
C  [ntdll.dll+0x51454]
C  [ntdll.dll+0xa0dce]
C  0x000002d6149b0f2d

VM_Operation (0x000000dab3ff8250): G1CollectForAllocation, mode: safepoint, requested by thread 0x000002d630091800


---------------  P R O C E S S  ---------------

Threads class SMR info:
_java_thread_list=0x000002d62dee2b40, length=60, elements={
0x000002d610ebd800, 0x000002d62b317000, 0x000002d62b322800, 0x000002d62bcb2800,
0x000002d62b336800, 0x000002d62b337000, 0x000002d62b345800, 0x000002d62b34a800,
0x000002d62b356000, 0x000002d62be0f000, 0x000002d62be10000, 0x000002d62be11000,
0x000002d62be11800, 0x000002d62be12800, 0x000002d62be13800, 0x000002d62be0d800,
0x000002d62be14000, 0x000002d62be0e800, 0x000002d62dadc800, 0x000002d62dade000,
0x000002d62dadd800, 0x000002d62dad8800, 0x000002d62dad9000, 0x000002d62dadf000,
0x000002d62dadb800, 0x000002d62dada000, 0x000002d62dadb000, 0x000002d630085800,
0x000002d630088800, 0x000002d630087800, 0x000002d630086000, 0x000002d630089800,
0x000002d630083800, 0x000002d63008f000, 0x000002d630090000, 0x000002d63008d800,
0x000002d63008a000, 0x000002d63008e000, 0x000002d630090800, 0x000002d63008b000,
0x000002d630091800, 0x000002d63008c000, 0x000002d62cd8f800, 0x000002d62cd8d800,
0x000002d62cd8e800, 0x000002d62cd8a800, 0x000002d62cd8b000, 0x000002d62cd8d000,
0x000002d62cd8c000, 0x000002d62cd89800, 0x000002d62cd90000, 0x000002d62cd92800,
0x000002d62cd91000, 0x000002d62cd96000, 0x000002d62cd96800, 0x000002d62cd93800,
0x000002d62cd97800, 0x000002d62cd98800, 0x000002d62cd94000, 0x000002d62ceda000
}

Java Threads: ( => current thread )
  0x000002d610ebd800 JavaThread "main" [_thread_blocked, id=24732, stack(0x000000dab0800000,0x000000dab0900000)]
  0x000002d62b317000 JavaThread "Reference Handler" daemon [_thread_blocked, id=12000, stack(0x000000dab0f00000,0x000000dab1000000)]
  0x000002d62b322800 JavaThread "Finalizer" daemon [_thread_blocked, id=3772, stack(0x000000dab1000000,0x000000dab1100000)]
  0x000002d62bcb2800 JavaThread "Signal Dispatcher" daemon [_thread_blocked, id=10636, stack(0x000000dab1100000,0x000000dab1200000)]
  0x000002d62b336800 JavaThread "Attach Listener" daemon [_thread_blocked, id=26248, stack(0x000000dab1200000,0x000000dab1300000)]
  0x000002d62b337000 JavaThread "Service Thread" daemon [_thread_blocked, id=15764, stack(0x000000dab1300000,0x000000dab1400000)]
  0x000002d62b345800 JavaThread "C2 CompilerThread0" daemon [_thread_blocked, id=20144, stack(0x000000dab1400000,0x000000dab1500000)]
  0x000002d62b34a800 JavaThread "C1 CompilerThread0" daemon [_thread_blocked, id=23604, stack(0x000000dab1500000,0x000000dab1600000)]
  0x000002d62b356000 JavaThread "Sweeper thread" daemon [_thread_blocked, id=10876, stack(0x000000dab1600000,0x000000dab1700000)]
  0x000002d62be0f000 JavaThread "Common-Cleaner" daemon [_thread_blocked, id=19068, stack(0x000000dab1700000,0x000000dab1800000)]
  0x000002d62be10000 JavaThread "Daemon health stats" [_thread_blocked, id=23300, stack(0x000000dab1a00000,0x000000dab1b00000)]
  0x000002d62be11000 JavaThread "Incoming local TCP Connector on port 13996" [_thread_in_native, id=23608, stack(0x000000dab1d00000,0x000000dab1e00000)]
  0x000002d62be11800 JavaThread "Daemon periodic checks" [_thread_blocked, id=19440, stack(0x000000dab1e00000,0x000000dab1f00000)]
  0x000002d62be12800 JavaThread "Daemon" [_thread_blocked, id=8692, stack(0x000000dab1f00000,0x000000dab2000000)]
  0x000002d62be13800 JavaThread "Handler for socket connection from /127.0.0.1:13996 to /127.0.0.1:13997" [_thread_in_native, id=23088, stack(0x000000dab2000000,0x000000dab2100000)]
  0x000002d62be0d800 JavaThread "Cancel handler" [_thread_blocked, id=16348, stack(0x000000dab2100000,0x000000dab2200000)]
  0x000002d62be14000 JavaThread "Daemon worker" [_thread_blocked, id=10404, stack(0x000000dab2200000,0x000000dab2300000)]
  0x000002d62be0e800 JavaThread "Asynchronous log dispatcher for DefaultDaemonConnection: socket connection from /127.0.0.1:13996 to /127.0.0.1:13997" [_thread_blocked, id=21644, stack(0x000000dab2300000,0x000000dab2400000)]
  0x000002d62dadc800 JavaThread "Stdin handler" [_thread_blocked, id=9720, stack(0x000000dab2400000,0x000000dab2500000)]
  0x000002d62dade000 JavaThread "Daemon client event forwarder" [_thread_blocked, id=2000, stack(0x000000dab2500000,0x000000dab2600000)]
  0x000002d62dadd800 JavaThread "Cache worker for file hash cache (C:\Users\Home\.gradle\caches\7.0.2\fileHashes)" [_thread_blocked, id=19568, stack(0x000000dab2a00000,0x000000dab2b00000)]
  0x000002d62dad8800 JavaThread "File lock request listener" [_thread_in_native, id=22232, stack(0x000000dab2b00000,0x000000dab2c00000)]
  0x000002d62dad9000 JavaThread "Cache worker for journal cache (C:\Users\Home\.gradle\caches\journal-1)" [_thread_blocked, id=4000, stack(0x000000dab2d00000,0x000000dab2e00000)]
  0x000002d62dadf000 JavaThread "Cache worker for file hash cache (H:\Android_2.0\nit_ticTacToe\.gradle\7.0.2\fileHashes)" [_thread_blocked, id=8644, stack(0x000000dab2e00000,0x000000dab2f00000)]
  0x000002d62dadb800 JavaThread "File watcher server" daemon [_thread_blocked, id=12224, stack(0x000000dab2f00000,0x000000dab3000000)]
  0x000002d62dada000 JavaThread "File watcher consumer" daemon [_thread_blocked, id=6744, stack(0x000000dab3000000,0x000000dab3100000)]
  0x000002d62dadb000 JavaThread "Cache worker for checksums cache (H:\Android_2.0\nit_ticTacToe\.gradle\checksums)" [_thread_blocked, id=16624, stack(0x000000dab3100000,0x000000dab3200000)]
  0x000002d630085800 JavaThread "Cache worker for cache directory md-supplier (C:\Users\Home\.gradle\caches\7.0.2\md-supplier)" [_thread_blocked, id=20708, stack(0x000000dab3200000,0x000000dab3300000)]
  0x000002d630088800 JavaThread "Cache worker for cache directory md-rule (C:\Users\Home\.gradle\caches\7.0.2\md-rule)" [_thread_blocked, id=16052, stack(0x000000dab3300000,0x000000dab3400000)]
  0x000002d630087800 JavaThread "Cache worker for execution history cache (C:\Users\Home\.gradle\caches\7.0.2\executionHistory)" [_thread_blocked, id=23960, stack(0x000000dab3400000,0x000000dab3500000)]
  0x000002d630086000 JavaThread "jar transforms" [_thread_blocked, id=22788, stack(0x000000dab3500000,0x000000dab3600000)]
  0x000002d630089800 JavaThread "jar transforms Thread 2" [_thread_blocked, id=22036, stack(0x000000dab3600000,0x000000dab3700000)]
  0x000002d630083800 JavaThread "Cache worker for file content cache (C:\Users\Home\.gradle\caches\7.0.2\fileContent)" [_thread_blocked, id=10668, stack(0x000000dab3700000,0x000000dab3800000)]
  0x000002d63008f000 JavaThread "Cache worker for dependencies-accessors (H:\Android_2.0\nit_ticTacToe\.gradle\7.0.2\dependencies-accessors)" [_thread_blocked, id=8200, stack(0x000000dab3800000,0x000000dab3900000)]
  0x000002d630090000 JavaThread "jar transforms Thread 3" [_thread_blocked, id=15264, stack(0x000000dab3900000,0x000000dab3a00000)]
  0x000002d63008d800 JavaThread "Cache worker for Build Output Cleanup Cache (H:\Android_2.0\nit_ticTacToe\.gradle\buildOutputCleanup)" [_thread_blocked, id=22552, stack(0x000000dab3a00000,0x000000dab3b00000)]
  0x000002d63008a000 JavaThread "Build operations" [_thread_blocked, id=14348, stack(0x000000dab3b00000,0x000000dab3c00000)]
  0x000002d63008e000 JavaThread "Build operations Thread 2" [_thread_blocked, id=23764, stack(0x000000dab3c00000,0x000000dab3d00000)]
  0x000002d630090800 JavaThread "Build operations Thread 3" [_thread_blocked, id=24852, stack(0x000000dab3d00000,0x000000dab3e00000)]
  0x000002d63008b000 JavaThread "Build operations Thread 4" [_thread_blocked, id=22000, stack(0x000000dab3e00000,0x000000dab3f00000)]
  0x000002d630091800 JavaThread "Build operations Thread 5" [_thread_blocked, id=18848, stack(0x000000dab3f00000,0x000000dab4000000)]
  0x000002d63008c000 JavaThread "Build operations Thread 6" [_thread_blocked, id=25540, stack(0x000000dab4000000,0x000000dab4100000)]
  0x000002d62cd8f800 JavaThread "Build operations Thread 7" [_thread_blocked, id=8476, stack(0x000000dab4100000,0x000000dab4200000)]
  0x000002d62cd8d800 JavaThread "Build operations Thread 8" [_thread_blocked, id=23104, stack(0x000000dab4200000,0x000000dab4300000)]
  0x000002d62cd8e800 JavaThread "jar transforms Thread 4" [_thread_blocked, id=19812, stack(0x000000dab4300000,0x000000dab4400000)]
  0x000002d62cd8a800 JavaThread "jar transforms Thread 5" [_thread_blocked, id=3048, stack(0x000000dab4400000,0x000000dab4500000)]
  0x000002d62cd8b000 JavaThread "jar transforms Thread 6" [_thread_blocked, id=22396, stack(0x000000dab4500000,0x000000dab4600000)]
  0x000002d62cd8d000 JavaThread "jar transforms Thread 7" [_thread_blocked, id=4836, stack(0x000000dab4600000,0x000000dab4700000)]
  0x000002d62cd8c000 JavaThread "jar transforms Thread 8" [_thread_blocked, id=16112, stack(0x000000dab4700000,0x000000dab4800000)]
  0x000002d62cd89800 JavaThread "Memory manager" [_thread_blocked, id=3400, stack(0x000000dab4900000,0x000000dab4a00000)]
  0x000002d62cd90000 JavaThread "build event listener" [_thread_blocked, id=17100, stack(0x000000dab4800000,0x000000dab4900000)]
  0x000002d62cd92800 JavaThread "Execution worker for ':'" [_thread_blocked, id=1764, stack(0x000000dab4a00000,0x000000dab4b00000)]
  0x000002d62cd91000 JavaThread "Execution worker for ':' Thread 2" [_thread_blocked, id=24912, stack(0x000000dab4b00000,0x000000dab4c00000)]
  0x000002d62cd96000 JavaThread "Execution worker for ':' Thread 3" [_thread_blocked, id=8584, stack(0x000000dab4c00000,0x000000dab4d00000)]
  0x000002d62cd96800 JavaThread "Execution worker for ':' Thread 4" [_thread_blocked, id=10384, stack(0x000000dab4d00000,0x000000dab4e00000)]
  0x000002d62cd93800 JavaThread "Execution worker for ':' Thread 5" [_thread_blocked, id=25620, stack(0x000000dab4e00000,0x000000dab4f00000)]
  0x000002d62cd97800 JavaThread "Execution worker for ':' Thread 6" [_thread_blocked, id=15872, stack(0x000000dab4f00000,0x000000dab5000000)]
  0x000002d62cd98800 JavaThread "Execution worker for ':' Thread 7" [_thread_blocked, id=15400, stack(0x000000dab5000000,0x000000dab5100000)]
  0x000002d62cd94000 JavaThread "Cache worker for execution history cache (H:\Android_2.0\nit_ticTacToe\.gradle\7.0.2\executionHistory)" [_thread_blocked, id=13876, stack(0x000000dab5100000,0x000000dab5200000)]
  0x000002d62ceda000 JavaThread "WorkerExecutor Queue" [_thread_blocked, id=25060, stack(0x000000dab5400000,0x000000dab5500000)]

Other Threads:
=>0x000002d62b315000 VMThread "VM Thread" [stack: 0x000000dab0e00000,0x000000dab0f00000] [id=20652]
  0x000002d62be4a800 WatcherThread [stack: 0x000000dab1800000,0x000000dab1900000] [id=14572]
  0x000002d610ed4800 GCTaskThread "GC Thread#0" [stack: 0x000000dab0900000,0x000000dab0a00000] [id=25892]
  0x000002d62cff6000 GCTaskThread "GC Thread#1" [stack: 0x000000dab1900000,0x000000dab1a00000] [id=12528]
  0x000002d62ca1f000 GCTaskThread "GC Thread#2" [stack: 0x000000dab1b00000,0x000000dab1c00000] [id=9816]
  0x000002d62d49b800 GCTaskThread "GC Thread#3" [stack: 0x000000dab1c00000,0x000000dab1d00000] [id=17568]
  0x000002d62cc70000 GCTaskThread "GC Thread#4" [stack: 0x000000dab2600000,0x000000dab2700000] [id=25680]
  0x000002d62c068000 GCTaskThread "GC Thread#5" [stack: 0x000000dab2700000,0x000000dab2800000] [id=21616]
  0x000002d62c280800 GCTaskThread "GC Thread#6" [stack: 0x000000dab2800000,0x000000dab2900000] [id=18460]
  0x000002d62c250000 GCTaskThread "GC Thread#7" [stack: 0x000000dab2900000,0x000000dab2a00000] [id=22796]
  0x000002d610f05800 ConcurrentGCThread "G1 Main Marker" [stack: 0x000000dab0a00000,0x000000dab0b00000] [id=16756]
  0x000002d610f07000 ConcurrentGCThread "G1 Conc#0" [stack: 0x000000dab0b00000,0x000000dab0c00000] [id=15156]
  0x000002d62cb77000 ConcurrentGCThread "G1 Conc#1" [stack: 0x000000dab2c00000,0x000000dab2d00000] [id=18844]
  0x000002d610f8f000 ConcurrentGCThread "G1 Refine#0" [stack: 0x000000dab0c00000,0x000000dab0d00000] [id=15208]
  0x000002d610f90000 ConcurrentGCThread "G1 Young RemSet Sampling" [stack: 0x000000dab0d00000,0x000000dab0e00000] [id=22264]

Threads with active compile tasks:
C2 CompilerThread0  36431 10196 % !   4       java.util.concurrent.ConcurrentHashMap::transfer @ 372 (828 bytes)

VM state:at safepoint (normal execution)

VM Mutex/Monitor currently owned by a thread:  ([mutex/lock_event])
[0x000002d610eb7bf0] Threads_lock - owner thread: 0x000002d62b315000
[0x000002d610eb9930] Heap_lock - owner thread: 0x000002d630091800

Heap address: 0x0000000080000000, size: 2048 MB, Compressed Oops mode: 32-bit
Narrow klass base: 0x0000000000000000, Narrow klass shift: 3
Compressed class space size: 1073741824 Address: 0x0000000100000000

Heap:
 garbage-first heap   total 188416K, used 96103K [0x0000000080000000, 0x0000000100000000)
  region size 1024K, 4 young (4096K), 4 survivors (4096K)
 Metaspace       used 88134K, capacity 90346K, committed 90572K, reserved 1128448K
  class space    used 11426K, capacity 12207K, committed 12236K, reserved 1048576K
Heap Regions: E=young(eden), S=young(survivor), O=old, HS=humongous(starts), HC=humongous(continues), CS=collection set, F=free, A=archive, TAMS=top-at-mark-start (previous, next)
|   0|0x0000000080000000, 0x0000000080100000, 0x0000000080100000|100%| O|  |TAMS 0x0000000080100000, 0x0000000080000000| Untracked 
|   1|0x0000000080100000, 0x0000000080200000, 0x0000000080200000|100%| O|  |TAMS 0x0000000080200000, 0x0000000080100000| Untracked 
|   2|0x0000000080200000, 0x0000000080300000, 0x0000000080300000|100%| O|  |TAMS 0x0000000080300000, 0x0000000080200000| Untracked 
|   3|0x0000000080300000, 0x0000000080400000, 0x0000000080400000|100%|HS|  |TAMS 0x0000000080400000, 0x0000000080300000| Complete 
|   4|0x0000000080400000, 0x0000000080500000, 0x0000000080500000|100%|HC|  |TAMS 0x0000000080500000, 0x0000000080400000| Complete 
|   5|0x0000000080500000, 0x0000000080600000, 0x0000000080600000|100%|HC|  |TAMS 0x0000000080600000, 0x0000000080500000| Complete 
|   6|0x0000000080600000, 0x0000000080700000, 0x0000000080700000|100%| O|  |TAMS 0x0000000080700000, 0x0000000080600000| Untracked 
|   7|0x0000000080700000, 0x0000000080800000, 0x0000000080800000|100%| O|  |TAMS 0x0000000080800000, 0x0000000080700000| Untracked 
|   8|0x0000000080800000, 0x0000000080900000, 0x0000000080900000|100%| O|  |TAMS 0x0000000080900000, 0x0000000080800000| Untracked 
|   9|0x0000000080900000, 0x0000000080a00000, 0x0000000080a00000|100%| O|  |TAMS 0x0000000080a00000, 0x0000000080900000| Untracked 
|  10|0x0000000080a00000, 0x0000000080b00000, 0x0000000080b00000|100%| O|  |TAMS 0x0000000080b00000, 0x0000000080a00000| Untracked 
|  11|0x0000000080b00000, 0x0000000080c00000, 0x0000000080c00000|100%| O|  |TAMS 0x0000000080c00000, 0x0000000080b00000| Untracked 
|  12|0x0000000080c00000, 0x0000000080d00000, 0x0000000080d00000|100%| O|  |TAMS 0x0000000080d00000, 0x0000000080c00000| Untracked 
|  13|0x0000000080d00000, 0x0000000080e00000, 0x0000000080e00000|100%| O|  |TAMS 0x0000000080e00000, 0x0000000080d00000| Untracked 
|  14|0x0000000080e00000, 0x0000000080f00000, 0x0000000080f00000|100%| O|  |TAMS 0x0000000080f00000, 0x0000000080e00000| Untracked 
|  15|0x0000000080f00000, 0x0000000081000000, 0x0000000081000000|100%| O|  |TAMS 0x0000000081000000, 0x0000000080f00000| Untracked 
|  16|0x0000000081000000, 0x0000000081100000, 0x0000000081100000|100%| O|  |TAMS 0x0000000081100000, 0x0000000081000000| Untracked 
|  17|0x0000000081100000, 0x0000000081200000, 0x0000000081200000|100%| O|  |TAMS 0x0000000081200000, 0x0000000081100000| Untracked 
|  18|0x0000000081200000, 0x0000000081300000, 0x0000000081300000|100%| O|  |TAMS 0x0000000081300000, 0x0000000081200000| Untracked 
|  19|0x0000000081300000, 0x0000000081400000, 0x0000000081400000|100%| O|  |TAMS 0x0000000081400000, 0x0000000081300000| Untracked 
|  20|0x0000000081400000, 0x0000000081500000, 0x0000000081500000|100%| O|  |TAMS 0x0000000081500000, 0x0000000081400000| Untracked 
|  21|0x0000000081500000, 0x0000000081600000, 0x0000000081600000|100%| O|  |TAMS 0x0000000081600000, 0x0000000081500000| Untracked 
|  22|0x0000000081600000, 0x0000000081700000, 0x0000000081700000|100%| O|  |TAMS 0x0000000081700000, 0x0000000081600000| Untracked 
|  23|0x0000000081700000, 0x0000000081800000, 0x0000000081800000|100%| O|  |TAMS 0x0000000081800000, 0x0000000081700000| Untracked 
|  24|0x0000000081800000, 0x0000000081900000, 0x0000000081900000|100%| O|  |TAMS 0x0000000081900000, 0x0000000081800000| Untracked 
|  25|0x0000000081900000, 0x0000000081a00000, 0x0000000081a00000|100%| O|  |TAMS 0x0000000081a00000, 0x0000000081900000| Untracked 
|  26|0x0000000081a00000, 0x0000000081b00000, 0x0000000081b00000|100%|HS|  |TAMS 0x0000000081b00000, 0x0000000081a00000| Complete 
|  27|0x0000000081b00000, 0x0000000081c00000, 0x0000000081c00000|100%|HS|  |TAMS 0x0000000081c00000, 0x0000000081b00000| Complete 
|  28|0x0000000081c00000, 0x0000000081d00000, 0x0000000081d00000|100%| O|  |TAMS 0x0000000081d00000, 0x0000000081c00000| Untracked 
|  29|0x0000000081d00000, 0x0000000081e00000, 0x0000000081e00000|100%| O|  |TAMS 0x0000000081e00000, 0x0000000081d00000| Untracked 
|  30|0x0000000081e00000, 0x0000000081f00000, 0x0000000081f00000|100%|HS|  |TAMS 0x0000000081f00000, 0x0000000081e00000| Complete 
|  31|0x0000000081f00000, 0x0000000082000000, 0x0000000082000000|100%|HS|  |TAMS 0x0000000082000000, 0x0000000081f00000| Complete 
|  32|0x0000000082000000, 0x0000000082100000, 0x0000000082100000|100%|HC|  |TAMS 0x0000000082100000, 0x0000000082000000| Complete 
|  33|0x0000000082100000, 0x0000000082200000, 0x0000000082200000|100%|HC|  |TAMS 0x0000000082200000, 0x0000000082100000| Complete 
|  34|0x0000000082200000, 0x0000000082300000, 0x0000000082300000|100%|HS|  |TAMS 0x0000000082300000, 0x0000000082200000| Complete 
|  35|0x0000000082300000, 0x0000000082400000, 0x0000000082400000|100%|HC|  |TAMS 0x0000000082400000, 0x0000000082300000| Complete 
|  36|0x0000000082400000, 0x0000000082500000, 0x0000000082500000|100%| O|  |TAMS 0x0000000082500000, 0x0000000082400000| Untracked 
|  37|0x0000000082500000, 0x0000000082600000, 0x0000000082600000|100%| O|  |TAMS 0x0000000082600000, 0x0000000082500000| Untracked 
|  38|0x0000000082600000, 0x0000000082700000, 0x0000000082700000|100%| O|  |TAMS 0x0000000082700000, 0x0000000082600000| Untracked 
|  39|0x0000000082700000, 0x0000000082800000, 0x0000000082800000|100%| O|  |TAMS 0x0000000082800000, 0x0000000082700000| Untracked 
|  40|0x0000000082800000, 0x0000000082900000, 0x0000000082900000|100%| O|  |TAMS 0x0000000082900000, 0x0000000082800000| Untracked 
|  41|0x0000000082900000, 0x0000000082a00000, 0x0000000082a00000|100%| O|  |TAMS 0x0000000082a00000, 0x0000000082900000| Untracked 
|  42|0x0000000082a00000, 0x0000000082b00000, 0x0000000082b00000|100%| O|  |TAMS 0x0000000082b00000, 0x0000000082a00000| Untracked 
|  43|0x0000000082b00000, 0x0000000082c00000, 0x0000000082c00000|100%| O|  |TAMS 0x0000000082c00000, 0x0000000082b00000| Untracked 
|  44|0x0000000082c00000, 0x0000000082d00000, 0x0000000082d00000|100%| O|  |TAMS 0x0000000082d00000, 0x0000000082c00000| Untracked 
|  45|0x0000000082d00000, 0x0000000082e00000, 0x0000000082e00000|100%| O|  |TAMS 0x0000000082e00000, 0x0000000082d00000| Untracked 
|  46|0x0000000082e00000, 0x0000000082f00000, 0x0000000082f00000|100%| O|  |TAMS 0x0000000082f00000, 0x0000000082e00000| Untracked 
|  47|0x0000000082f00000, 0x0000000083000000, 0x0000000083000000|100%| O|  |TAMS 0x0000000083000000, 0x0000000082f00000| Untracked 
|  48|0x0000000083000000, 0x0000000083100000, 0x0000000083100000|100%| O|  |TAMS 0x0000000083100000, 0x0000000083000000| Untracked 
|  49|0x0000000083100000, 0x0000000083200000, 0x0000000083200000|100%| O|  |TAMS 0x0000000083200000, 0x0000000083100000| Untracked 
|  50|0x0000000083200000, 0x0000000083300000, 0x0000000083300000|100%| O|  |TAMS 0x0000000083300000, 0x0000000083200000| Untracked 
|  51|0x0000000083300000, 0x0000000083400000, 0x0000000083400000|100%| O|  |TAMS 0x0000000083400000, 0x0000000083300000| Untracked 
|  52|0x0000000083400000, 0x0000000083500000, 0x0000000083500000|100%| O|  |TAMS 0x0000000083500000, 0x0000000083400000| Untracked 
|  53|0x0000000083500000, 0x0000000083600000, 0x0000000083600000|100%| O|  |TAMS 0x0000000083600000, 0x0000000083500000| Untracked 
|  54|0x0000000083600000, 0x0000000083700000, 0x0000000083700000|100%| O|  |TAMS 0x0000000083700000, 0x0000000083600000| Untracked 
|  55|0x0000000083700000, 0x0000000083800000, 0x0000000083800000|100%| O|  |TAMS 0x0000000083800000, 0x0000000083700000| Untracked 
|  56|0x0000000083800000, 0x0000000083900000, 0x0000000083900000|100%| O|  |TAMS 0x0000000083900000, 0x0000000083800000| Untracked 
|  57|0x0000000083900000, 0x0000000083a00000, 0x0000000083a00000|100%| O|  |TAMS 0x0000000083a00000, 0x0000000083900000| Untracked 
|  58|0x0000000083a00000, 0x0000000083b00000, 0x0000000083b00000|100%| O|  |TAMS 0x0000000083b00000, 0x0000000083a00000| Untracked 
|  59|0x0000000083b00000, 0x0000000083c00000, 0x0000000083c00000|100%| O|  |TAMS 0x0000000083c00000, 0x0000000083b00000| Untracked 
|  60|0x0000000083c00000, 0x0000000083d00000, 0x0000000083d00000|100%| O|  |TAMS 0x0000000083d00000, 0x0000000083c00000| Untracked 
|  61|0x0000000083d00000, 0x0000000083e00000, 0x0000000083e00000|100%| O|  |TAMS 0x0000000083e00000, 0x0000000083d00000| Untracked 
|  62|0x0000000083e00000, 0x0000000083f00000, 0x0000000083f00000|100%| O|  |TAMS 0x0000000083f00000, 0x0000000083e00000| Untracked 
|  63|0x0000000083f00000, 0x0000000084000000, 0x0000000084000000|100%| O|  |TAMS 0x0000000084000000, 0x0000000083f00000| Untracked 
|  64|0x0000000084000000, 0x0000000084100000, 0x0000000084100000|100%| O|  |TAMS 0x0000000084100000, 0x0000000084000000| Untracked 
|  65|0x0000000084100000, 0x0000000084200000, 0x0000000084200000|100%| O|  |TAMS 0x0000000084200000, 0x0000000084100000| Untracked 
|  66|0x0000000084200000, 0x0000000084300000, 0x0000000084300000|100%| O|  |TAMS 0x0000000084300000, 0x0000000084200000| Untracked 
|  67|0x0000000084300000, 0x0000000084400000, 0x0000000084400000|100%| O|  |TAMS 0x0000000084400000, 0x0000000084300000| Untracked 
|  68|0x0000000084400000, 0x0000000084500000, 0x0000000084500000|100%| O|  |TAMS 0x0000000084500000, 0x0000000084400000| Untracked 
|  69|0x0000000084500000, 0x0000000084600000, 0x0000000084600000|100%| O|  |TAMS 0x0000000084600000, 0x0000000084500000| Untracked 
|  70|0x0000000084600000, 0x0000000084700000, 0x0000000084700000|100%| O|  |TAMS 0x0000000084700000, 0x0000000084600000| Untracked 
|  71|0x0000000084700000, 0x0000000084800000, 0x0000000084800000|100%| O|  |TAMS 0x0000000084800000, 0x0000000084700000| Untracked 
|  72|0x0000000084800000, 0x0000000084900000, 0x0000000084900000|100%| O|  |TAMS 0x0000000084800000, 0x0000000084800000| Untracked 
|  73|0x0000000084900000, 0x0000000084a00000, 0x0000000084a00000|100%| O|  |TAMS 0x0000000084a00000, 0x0000000084900000| Untracked 
|  74|0x0000000084a00000, 0x0000000084b00000, 0x0000000084b00000|100%| O|  |TAMS 0x0000000084b00000, 0x0000000084a00000| Untracked 
|  75|0x0000000084b00000, 0x0000000084c00000, 0x0000000084c00000|100%| O|  |TAMS 0x0000000084c00000, 0x0000000084b00000| Untracked 
|  76|0x0000000084c00000, 0x0000000084d00000, 0x0000000084d00000|100%| O|  |TAMS 0x0000000084d00000, 0x0000000084c00000| Untracked 
|  77|0x0000000084d00000, 0x0000000084e00000, 0x0000000084e00000|100%| O|  |TAMS 0x0000000084e00000, 0x0000000084d00000| Untracked 
|  78|0x0000000084e00000, 0x0000000084f00000, 0x0000000084f00000|100%| O|  |TAMS 0x0000000084f00000, 0x0000000084e00000| Untracked 
|  79|0x0000000084f00000, 0x0000000085000000, 0x0000000085000000|100%| O|  |TAMS 0x0000000084f69400, 0x0000000084f00000| Untracked 
|  80|0x0000000085000000, 0x0000000085100000, 0x0000000085100000|100%| O|  |TAMS 0x0000000085000000, 0x0000000085000000| Untracked 
|  81|0x0000000085100000, 0x0000000085200000, 0x0000000085200000|100%| O|  |TAMS 0x0000000085100000, 0x0000000085100000| Untracked 
|  82|0x0000000085200000, 0x0000000085300000, 0x0000000085300000|100%| O|  |TAMS 0x0000000085200000, 0x0000000085200000| Untracked 
|  83|0x0000000085300000, 0x0000000085400000, 0x0000000085400000|100%| O|  |TAMS 0x0000000085300000, 0x0000000085300000| Untracked 
|  84|0x0000000085400000, 0x0000000085500000, 0x0000000085500000|100%| O|  |TAMS 0x0000000085400000, 0x0000000085400000| Untracked 
|  85|0x0000000085500000, 0x0000000085600000, 0x0000000085600000|100%| O|  |TAMS 0x0000000085500000, 0x0000000085500000| Untracked 
|  86|0x0000000085600000, 0x0000000085700000, 0x0000000085700000|100%| O|  |TAMS 0x0000000085600000, 0x0000000085600000| Untracked 
|  87|0x0000000085700000, 0x0000000085700000, 0x0000000085800000|  0%| F|  |TAMS 0x0000000085700000, 0x0000000085700000| Untracked 
|  88|0x0000000085800000, 0x0000000085900000, 0x0000000085900000|100%|HS|  |TAMS 0x0000000085800000, 0x0000000085800000| Complete 
|  89|0x0000000085900000, 0x0000000085a00000, 0x0000000085a00000|100%| O|  |TAMS 0x0000000085900000, 0x0000000085900000| Untracked 
|  90|0x0000000085a00000, 0x0000000085ad9e00, 0x0000000085b00000| 85%| O|  |TAMS 0x0000000085a00000, 0x0000000085a00000| Untracked 
|  91|0x0000000085b00000, 0x0000000085b00000, 0x0000000085c00000|  0%| F|  |TAMS 0x0000000085b00000, 0x0000000085b00000| Untracked 
|  92|0x0000000085c00000, 0x0000000085c00000, 0x0000000085d00000|  0%| F|  |TAMS 0x0000000085c00000, 0x0000000085c00000| Untracked 
|  93|0x0000000085d00000, 0x0000000085d00000, 0x0000000085e00000|  0%| F|  |TAMS 0x0000000085d00000, 0x0000000085d00000| Untracked 
|  94|0x0000000085e00000, 0x0000000085e00000, 0x0000000085f00000|  0%| F|  |TAMS 0x0000000085e00000, 0x0000000085e00000| Untracked 
|  95|0x0000000085f00000, 0x0000000085f00000, 0x0000000086000000|  0%| F|  |TAMS 0x0000000085f00000, 0x0000000085f00000| Untracked 
|  96|0x0000000086000000, 0x0000000086000000, 0x0000000086100000|  0%| F|  |TAMS 0x0000000086000000, 0x0000000086000000| Untracked 
|  97|0x0000000086100000, 0x0000000086100000, 0x0000000086200000|  0%| F|  |TAMS 0x0000000086100000, 0x0000000086100000| Untracked 
|  98|0x0000000086200000, 0x0000000086200000, 0x0000000086300000|  0%| F|  |TAMS 0x0000000086200000, 0x0000000086200000| Untracked 
|  99|0x0000000086300000, 0x0000000086300000, 0x0000000086400000|  0%| F|  |TAMS 0x0000000086300000, 0x0000000086300000| Untracked 
| 100|0x0000000086400000, 0x0000000086400000, 0x0000000086500000|  0%| F|  |TAMS 0x0000000086400000, 0x0000000086400000| Untracked 
| 101|0x0000000086500000, 0x0000000086500000, 0x0000000086600000|  0%| F|  |TAMS 0x0000000086500000, 0x0000000086500000| Untracked 
| 102|0x0000000086600000, 0x0000000086600000, 0x0000000086700000|  0%| F|  |TAMS 0x0000000086600000, 0x0000000086600000| Untracked 
| 103|0x0000000086700000, 0x0000000086700000, 0x0000000086800000|  0%| F|  |TAMS 0x0000000086700000, 0x0000000086700000| Untracked 
| 104|0x0000000086800000, 0x0000000086800000, 0x0000000086900000|  0%| F|  |TAMS 0x0000000086800000, 0x0000000086800000| Untracked 
| 105|0x0000000086900000, 0x0000000086900000, 0x0000000086a00000|  0%| F|  |TAMS 0x0000000086900000, 0x0000000086900000| Untracked 
| 106|0x0000000086a00000, 0x0000000086a00000, 0x0000000086b00000|  0%| F|  |TAMS 0x0000000086a00000, 0x0000000086a00000| Untracked 
| 107|0x0000000086b00000, 0x0000000086b00000, 0x0000000086c00000|  0%| F|  |TAMS 0x0000000086b00000, 0x0000000086b00000| Untracked 
| 108|0x0000000086c00000, 0x0000000086c00000, 0x0000000086d00000|  0%| F|  |TAMS 0x0000000086c00000, 0x0000000086c00000| Untracked 
| 109|0x0000000086d00000, 0x0000000086d00000, 0x0000000086e00000|  0%| F|  |TAMS 0x0000000086d00000, 0x0000000086d00000| Untracked 
| 110|0x0000000086e00000, 0x0000000086f00000, 0x0000000086f00000|100%| S|CS|TAMS 0x0000000086e00000, 0x0000000086e00000| Complete 
| 111|0x0000000086f00000, 0x0000000087000000, 0x0000000087000000|100%| S|CS|TAMS 0x0000000086f00000, 0x0000000086f00000| Complete 
| 112|0x0000000087000000, 0x0000000087000000, 0x0000000087100000|  0%| F|  |TAMS 0x0000000087000000, 0x0000000087000000| Untracked 
| 113|0x0000000087100000, 0x0000000087100000, 0x0000000087200000|  0%| F|  |TAMS 0x0000000087100000, 0x0000000087100000| Untracked 
| 114|0x0000000087200000, 0x0000000087200000, 0x0000000087300000|  0%| F|  |TAMS 0x0000000087200000, 0x0000000087200000| Untracked 
| 115|0x0000000087300000, 0x0000000087300000, 0x0000000087400000|  0%| F|  |TAMS 0x0000000087300000, 0x0000000087300000| Untracked 
| 116|0x0000000087400000, 0x0000000087500000, 0x0000000087500000|100%| S|CS|TAMS 0x0000000087400000, 0x0000000087400000| Complete 
| 117|0x0000000087500000, 0x0000000087600000, 0x0000000087600000|100%| S|CS|TAMS 0x0000000087500000, 0x0000000087500000| Complete 
| 118|0x0000000087600000, 0x0000000087600000, 0x0000000087700000|  0%| F|  |TAMS 0x0000000087600000, 0x0000000087600000| Untracked 
| 119|0x0000000087700000, 0x0000000087700000, 0x0000000087800000|  0%| F|  |TAMS 0x0000000087700000, 0x0000000087700000| Untracked 
| 120|0x0000000087800000, 0x0000000087800000, 0x0000000087900000|  0%| F|  |TAMS 0x0000000087800000, 0x0000000087800000| Untracked 
| 121|0x0000000087900000, 0x0000000087900000, 0x0000000087a00000|  0%| F|  |TAMS 0x0000000087900000, 0x0000000087900000| Untracked 
| 122|0x0000000087a00000, 0x0000000087a00000, 0x0000000087b00000|  0%| F|  |TAMS 0x0000000087a00000, 0x0000000087a00000| Untracked 
| 123|0x0000000087b00000, 0x0000000087b00000, 0x0000000087c00000|  0%| F|  |TAMS 0x0000000087b00000, 0x0000000087b00000| Untracked 
| 124|0x0000000087c00000, 0x0000000087c00000, 0x0000000087d00000|  0%| F|  |TAMS 0x0000000087c00000, 0x0000000087c00000| Untracked 
| 125|0x0000000087d00000, 0x0000000087d00000, 0x0000000087e00000|  0%| F|  |TAMS 0x0000000087d00000, 0x0000000087d00000| Untracked 
| 126|0x0000000087e00000, 0x0000000087e00000, 0x0000000087f00000|  0%| F|  |TAMS 0x0000000087e00000, 0x0000000087e00000| Untracked 
| 127|0x0000000087f00000, 0x0000000087f00000, 0x0000000088000000|  0%| F|  |TAMS 0x0000000087f00000, 0x0000000087f00000| Untracked 
| 128|0x0000000088000000, 0x0000000088000000, 0x0000000088100000|  0%| F|  |TAMS 0x0000000088000000, 0x0000000088000000| Untracked 
| 129|0x0000000088100000, 0x0000000088100000, 0x0000000088200000|  0%| F|  |TAMS 0x0000000088100000, 0x0000000088100000| Untracked 
| 130|0x0000000088200000, 0x0000000088200000, 0x0000000088300000|  0%| F|  |TAMS 0x0000000088200000, 0x0000000088200000| Untracked 
| 131|0x0000000088300000, 0x0000000088300000, 0x0000000088400000|  0%| F|  |TAMS 0x0000000088300000, 0x0000000088300000| Untracked 
| 132|0x0000000088400000, 0x0000000088400000, 0x0000000088500000|  0%| F|  |TAMS 0x0000000088400000, 0x0000000088400000| Untracked 
| 133|0x0000000088500000, 0x0000000088500000, 0x0000000088600000|  0%| F|  |TAMS 0x0000000088500000, 0x0000000088500000| Untracked 
| 134|0x0000000088600000, 0x0000000088600000, 0x0000000088700000|  0%| F|  |TAMS 0x0000000088600000, 0x0000000088600000| Untracked 
| 135|0x0000000088700000, 0x0000000088700000, 0x0000000088800000|  0%| F|  |TAMS 0x0000000088700000, 0x0000000088700000| Untracked 
| 136|0x0000000088800000, 0x0000000088800000, 0x0000000088900000|  0%| F|  |TAMS 0x0000000088800000, 0x0000000088800000| Untracked 
| 137|0x0000000088900000, 0x0000000088900000, 0x0000000088a00000|  0%| F|  |TAMS 0x0000000088900000, 0x0000000088900000| Untracked 
| 138|0x0000000088a00000, 0x0000000088a00000, 0x0000000088b00000|  0%| F|  |TAMS 0x0000000088a00000, 0x0000000088a00000| Untracked 
| 139|0x0000000088b00000, 0x0000000088b00000, 0x0000000088c00000|  0%| F|  |TAMS 0x0000000088b00000, 0x0000000088b00000| Untracked 

Card table byte_map: [0x000002d6240e0000,0x000002d6244e0000] _byte_map_base: 0x000002d623ce0000

Marking Bits (Prev, Next): (CMBitMap*) 0x000002d610efcd60, (CMBitMap*) 0x000002d610efcd28
 Prev Bits: [0x000002d6268e0000, 0x000002d6288e0000)
 Next Bits: [0x000002d6248e0000, 0x000002d6268e0000)

Polling page: 0x000002d60f060000

Metaspace:

Usage:
  Non-class:     76.31 MB capacity,    74.91 MB ( 98%) used,     1.16 MB (  2%) free+waste,   245.88 KB ( <1%) overhead. 
      Class:     11.92 MB capacity,    11.16 MB ( 94%) used,   669.98 KB (  5%) free+waste,   110.25 KB ( <1%) overhead. 
       Both:     88.23 MB capacity,    86.07 MB ( 98%) used,     1.81 MB (  2%) free+waste,   356.13 KB ( <1%) overhead. 

Virtual space:
  Non-class space:       78.00 MB reserved,      76.50 MB ( 98%) committed 
      Class space:        1.00 GB reserved,      11.95 MB (  1%) committed 
             Both:        1.08 GB reserved,      88.45 MB (  8%) committed 

Chunk freelists:
   Non-Class:  5.00 KB
       Class:  17.00 KB
        Both:  22.00 KB

MaxMetaspaceSize: 17179869184.00 GB
CompressedClassSpaceSize: 1.00 GB

CodeHeap 'non-profiled nmethods': size=120000Kb used=5280Kb max_used=5280Kb free=114720Kb
 bounds [0x000002d61c480000, 0x000002d61c9b0000, 0x000002d6239b0000]
CodeHeap 'profiled nmethods': size=120000Kb used=21574Kb max_used=21574Kb free=98426Kb
 bounds [0x000002d614f50000, 0x000002d616470000, 0x000002d61c480000]
CodeHeap 'non-nmethods': size=5760Kb used=2282Kb max_used=2322Kb free=3477Kb
 bounds [0x000002d6149b0000, 0x000002d614c20000, 0x000002d614f50000]
 total_blobs=10913 nmethods=10029 adapters=795
 compilation: enabled
              stopped_count=0, restarted_count=0
 full_count=0

Compilation events (20 events):
Event: 36.349 Thread 0x000002d62b34a800 10203       3       com.android.tools.r8.graph.T::a (69 bytes)
Event: 36.350 Thread 0x000002d62b34a800 nmethod 10203 0x000002d61645c610 code [0x000002d61645c880, 0x000002d61645d638]
Event: 36.350 Thread 0x000002d62b34a800 10204       3       com.android.tools.r8.internal.ef::a (26 bytes)
Event: 36.350 Thread 0x000002d62b34a800 nmethod 10204 0x000002d61645da90 code [0x000002d61645dc60, 0x000002d61645def8]
Event: 36.352 Thread 0x000002d62b34a800 10205       3       com.android.tools.r8.internal.Nf$a::a (8 bytes)
Event: 36.353 Thread 0x000002d62b34a800 nmethod 10205 0x000002d61645e010 code [0x000002d61645e220, 0x000002d61645e7f8]
Event: 36.353 Thread 0x000002d62b34a800 10207       3       com.android.tools.r8.internal.ef::b (35 bytes)
Event: 36.354 Thread 0x000002d62b34a800 nmethod 10207 0x000002d61645ea10 code [0x000002d61645ec00, 0x000002d61645f0f8]
Event: 36.354 Thread 0x000002d62b34a800 10206       1       com.android.tools.r8.internal.oe::b (5 bytes)
Event: 36.354 Thread 0x000002d62b34a800 nmethod 10206 0x000002d61c9a7d10 code [0x000002d61c9a7ec0, 0x000002d61c9a7f58]
Event: 36.356 Thread 0x000002d62b34a800 10208       3       java.util.IdentityHashMap::nextKeyIndex (15 bytes)
Event: 36.356 Thread 0x000002d62b34a800 nmethod 10208 0x000002d61645f310 code [0x000002d61645f4c0, 0x000002d61645f5f8]
Event: 36.357 Thread 0x000002d62b34a800 10209       3       com.android.tools.r8.graph.d0::g (24 bytes)
Event: 36.358 Thread 0x000002d62b34a800 nmethod 10209 0x000002d61645f690 code [0x000002d61645f880, 0x000002d61645fce8]
Event: 36.358 Thread 0x000002d62b34a800 10210       3       com.android.tools.r8.graph.a0::g (62 bytes)
Event: 36.359 Thread 0x000002d62b34a800 nmethod 10210 0x000002d61645fe10 code [0x000002d616460060, 0x000002d616460a08]
Event: 36.359 Thread 0x000002d62b34a800 10211       3       com.android.tools.r8.internal.Hj::a (12 bytes)
Event: 36.360 Thread 0x000002d62b34a800 nmethod 10211 0x000002d616460c90 code [0x000002d616460e40, 0x000002d616460f78]
Event: 36.360 Thread 0x000002d62b34a800 10212       3       jdk.internal.util.ArraysSupport::mismatch (73 bytes)
Event: 36.360 Thread 0x000002d62b34a800 nmethod 10212 0x000002d616461090 code [0x000002d616461260, 0x000002d616461638]

GC Heap History (20 events):
Event: 34.789 GC heap after
{Heap after GC invocations=50 (full 0):
 garbage-first heap   total 98304K, used 79099K [0x0000000080000000, 0x0000000100000000)
  region size 1024K, 1 young (1024K), 1 survivors (1024K)
 Metaspace       used 82218K, capacity 84216K, committed 84556K, reserved 1122304K
  class space    used 10693K, capacity 11462K, committed 11596K, reserved 1048576K
}
Event: 34.813 GC heap before
{Heap before GC invocations=50 (full 0):
 garbage-first heap   total 98304K, used 82171K [0x0000000080000000, 0x0000000100000000)
  region size 1024K, 4 young (4096K), 1 survivors (1024K)
 Metaspace       used 82225K, capacity 84216K, committed 84556K, reserved 1122304K
  class space    used 10693K, capacity 11462K, committed 11596K, reserved 1048576K
}
Event: 34.816 GC heap after
{Heap after GC invocations=51 (full 0):
 garbage-first heap   total 98304K, used 79173K [0x0000000080000000, 0x0000000100000000)
  region size 1024K, 1 young (1024K), 1 survivors (1024K)
 Metaspace       used 82225K, capacity 84216K, committed 84556K, reserved 1122304K
  class space    used 10693K, capacity 11462K, committed 11596K, reserved 1048576K
}
Event: 34.853 GC heap before
{Heap before GC invocations=51 (full 0):
 garbage-first heap   total 98304K, used 83269K [0x0000000080000000, 0x0000000100000000)
  region size 1024K, 6 young (6144K), 1 survivors (1024K)
 Metaspace       used 82226K, capacity 84216K, committed 84556K, reserved 1122304K
  class space    used 10693K, capacity 11462K, committed 11596K, reserved 1048576K
}
Event: 34.858 GC heap after
{Heap after GC invocations=52 (full 0):
 garbage-first heap   total 118784K, used 80169K [0x0000000080000000, 0x0000000100000000)
  region size 1024K, 1 young (1024K), 1 survivors (1024K)
 Metaspace       used 82226K, capacity 84216K, committed 84556K, reserved 1122304K
  class space    used 10693K, capacity 11462K, committed 11596K, reserved 1048576K
}
Event: 35.185 GC heap before
{Heap before GC invocations=53 (full 0):
 garbage-first heap   total 118784K, used 93481K [0x0000000080000000, 0x0000000100000000)
  region size 1024K, 14 young (14336K), 1 survivors (1024K)
 Metaspace       used 82342K, capacity 84361K, committed 84556K, reserved 1122304K
  class space    used 10694K, capacity 11462K, committed 11596K, reserved 1048576K
}
Event: 35.188 GC heap after
{Heap after GC invocations=54 (full 0):
 garbage-first heap   total 118784K, used 81143K [0x0000000080000000, 0x0000000100000000)
  region size 1024K, 2 young (2048K), 2 survivors (2048K)
 Metaspace       used 82342K, capacity 84361K, committed 84556K, reserved 1122304K
  class space    used 10694K, capacity 11462K, committed 11596K, reserved 1048576K
}
Event: 35.266 GC heap before
{Heap before GC invocations=54 (full 0):
 garbage-first heap   total 118784K, used 84215K [0x0000000080000000, 0x0000000100000000)
  region size 1024K, 5 young (5120K), 2 survivors (2048K)
 Metaspace       used 82473K, capacity 84524K, committed 84812K, reserved 1122304K
  class space    used 10703K, capacity 11469K, committed 11596K, reserved 1048576K
}
Event: 35.268 GC heap after
{Heap after GC invocations=55 (full 0):
 garbage-first heap   total 118784K, used 80777K [0x0000000080000000, 0x0000000100000000)
  region size 1024K, 1 young (1024K), 1 survivors (1024K)
 Metaspace       used 82473K, capacity 84524K, committed 84812K, reserved 1122304K
  class space    used 10703K, capacity 11469K, committed 11596K, reserved 1048576K
}
Event: 35.402 GC heap before
{Heap before GC invocations=55 (full 0):
 garbage-first heap   total 118784K, used 93065K [0x0000000080000000, 0x0000000100000000)
  region size 1024K, 14 young (14336K), 1 survivors (1024K)
 Metaspace       used 83629K, capacity 85689K, committed 85836K, reserved 1124352K
  class space    used 10801K, capacity 11561K, committed 11596K, reserved 1048576K
}
Event: 35.407 GC heap after
{Heap after GC invocations=56 (full 0):
 garbage-first heap   total 118784K, used 81434K [0x0000000080000000, 0x0000000100000000)
  region size 1024K, 2 young (2048K), 2 survivors (2048K)
 Metaspace       used 83629K, capacity 85689K, committed 85836K, reserved 1124352K
  class space    used 10801K, capacity 11561K, committed 11596K, reserved 1048576K
}
Event: 35.568 GC heap before
{Heap before GC invocations=56 (full 0):
 garbage-first heap   total 118784K, used 94746K [0x0000000080000000, 0x0000000100000000)
  region size 1024K, 16 young (16384K), 2 survivors (2048K)
 Metaspace       used 84099K, capacity 86139K, committed 86476K, reserved 1124352K
  class space    used 10865K, capacity 11625K, committed 11724K, reserved 1048576K
}
Event: 35.572 GC heap after
{Heap after GC invocations=57 (full 0):
 garbage-first heap   total 143360K, used 82272K [0x0000000080000000, 0x0000000100000000)
  region size 1024K, 2 young (2048K), 2 survivors (2048K)
 Metaspace       used 84099K, capacity 86139K, committed 86476K, reserved 1124352K
  class space    used 10865K, capacity 11625K, committed 11724K, reserved 1048576K
}
Event: 35.845 GC heap before
{Heap before GC invocations=58 (full 0):
 garbage-first heap   total 143360K, used 105824K [0x0000000080000000, 0x0000000100000000)
  region size 1024K, 26 young (26624K), 2 survivors (2048K)
 Metaspace       used 84974K, capacity 87023K, committed 87116K, reserved 1124352K
  class space    used 10984K, capacity 11762K, committed 11852K, reserved 1048576K
}
Event: 35.849 GC heap after
{Heap after GC invocations=59 (full 0):
 garbage-first heap   total 143360K, used 83660K [0x0000000080000000, 0x0000000100000000)
  region size 1024K, 3 young (3072K), 3 survivors (3072K)
 Metaspace       used 84974K, capacity 87023K, committed 87116K, reserved 1124352K
  class space    used 10984K, capacity 11762K, committed 11852K, reserved 1048576K
}
Event: 36.101 GC heap before
{Heap before GC invocations=59 (full 0):
 garbage-first heap   total 143360K, used 108236K [0x0000000080000000, 0x0000000100000000)
  region size 1024K, 28 young (28672K), 3 survivors (3072K)
 Metaspace       used 86662K, capacity 88852K, committed 89164K, reserved 1126400K
  class space    used 11223K, capacity 12007K, committed 12108K, reserved 1048576K
}
Event: 36.108 GC heap after
{Heap after GC invocations=60 (full 0):
 garbage-first heap   total 143360K, used 87340K [0x0000000080000000, 0x0000000100000000)
  region size 1024K, 4 young (4096K), 4 survivors (4096K)
 Metaspace       used 86662K, capacity 88852K, committed 89164K, reserved 1126400K
  class space    used 11223K, capacity 12007K, committed 12108K, reserved 1048576K
}
Event: 36.223 GC heap before
{Heap before GC invocations=60 (full 0):
 garbage-first heap   total 143360K, used 110892K [0x0000000080000000, 0x0000000100000000)
  region size 1024K, 28 young (28672K), 4 survivors (4096K)
 Metaspace       used 87355K, capacity 89525K, committed 89804K, reserved 1126400K
  class space    used 11321K, capacity 12103K, committed 12236K, reserved 1048576K
}
Event: 36.231 GC heap after
{Heap after GC invocations=61 (full 0):
 garbage-first heap   total 143360K, used 92296K [0x0000000080000000, 0x0000000100000000)
  region size 1024K, 4 young (4096K), 4 survivors (4096K)
 Metaspace       used 87355K, capacity 89525K, committed 89804K, reserved 1126400K
  class space    used 11321K, capacity 12103K, committed 12236K, reserved 1048576K
}
Event: 36.361 GC heap before
{Heap before GC invocations=61 (full 0):
 garbage-first heap   total 143360K, used 115848K [0x0000000080000000, 0x0000000100000000)
  region size 1024K, 26 young (26624K), 4 survivors (4096K)
 Metaspace       used 88134K, capacity 90346K, committed 90572K, reserved 1128448K
  class space    used 11426K, capacity 12207K, committed 12236K, reserved 1048576K
}

Deoptimization events (20 events):
Event: 35.978 Thread 0x000002d63008e000 DEOPT PACKING pc=0x000002d61c4b1390 sp=0x000000dab3cf73b0
Event: 35.978 Thread 0x000002d63008e000 DEOPT UNPACKING pc=0x000002d6149d78af sp=0x000000dab3cf7350 mode 2
Event: 36.090 Thread 0x000002d630091800 Uncommon trap: trap_request=0xffffff4d fr.pc=0x000002d61c987a4c relative=0x000000000000156c
Event: 36.090 Thread 0x000002d630091800 Uncommon trap: reason=unstable_if action=reinterpret pc=0x000002d61c987a4c method=java.util.concurrent.ConcurrentHashMap.putVal(Ljava/lang/Object;Ljava/lang/Object;Z)Ljava/lang/Object; @ 162 c2
Event: 36.090 Thread 0x000002d630091800 DEOPT PACKING pc=0x000002d61c987a4c sp=0x000000dab3ff2470
Event: 36.090 Thread 0x000002d630091800 DEOPT UNPACKING pc=0x000002d6149d78af sp=0x000000dab3ff2408 mode 2
Event: 36.091 Thread 0x000002d630091800 Uncommon trap: trap_request=0xffffff4d fr.pc=0x000002d61c909c50 relative=0x0000000000000170
Event: 36.091 Thread 0x000002d630091800 Uncommon trap: reason=unstable_if action=reinterpret pc=0x000002d61c909c50 method=com.google.common.collect.MapMakerInternalMap$Segment.getEntry(Ljava/lang/Object;I)Lcom/google/common/collect/MapMakerInternalMap$InternalEntry; @ 63 c2
Event: 36.091 Thread 0x000002d630091800 DEOPT PACKING pc=0x000002d61c909c50 sp=0x000000dab3ff2330
Event: 36.091 Thread 0x000002d630091800 DEOPT UNPACKING pc=0x000002d6149d78af sp=0x000000dab3ff22e8 mode 2
Event: 36.091 Thread 0x000002d630091800 Uncommon trap: trap_request=0xffffff4d fr.pc=0x000002d61c8fcd2c relative=0x00000000000017ec
Event: 36.091 Thread 0x000002d630091800 Uncommon trap: reason=unstable_if action=reinterpret pc=0x000002d61c8fcd2c method=com.google.common.collect.MapMakerInternalMap$Segment.put(Ljava/lang/Object;ILjava/lang/Object;Z)Ljava/lang/Object; @ 92 c2
Event: 36.091 Thread 0x000002d630091800 DEOPT PACKING pc=0x000002d61c8fcd2c sp=0x000000dab3ff2380
Event: 36.091 Thread 0x000002d630091800 DEOPT UNPACKING pc=0x000002d6149d78af sp=0x000000dab3ff2318 mode 2
Event: 36.220 Thread 0x000002d630091800 DEOPT PACKING pc=0x000002d6155265b8 sp=0x000000dab3ff9fd0
Event: 36.220 Thread 0x000002d630091800 DEOPT UNPACKING pc=0x000002d6149d76ce sp=0x000000dab3ff9450 mode 0
Event: 36.356 Thread 0x000002d63008b000 DEOPT PACKING pc=0x000002d6162631d5 sp=0x000000dab3ef9b50
Event: 36.356 Thread 0x000002d63008b000 DEOPT UNPACKING pc=0x000002d6149d76ce sp=0x000000dab3ef9070 mode 0
Event: 36.360 Thread 0x000002d63008b000 DEOPT PACKING pc=0x000002d6162631f6 sp=0x000000dab3ef9d90
Event: 36.360 Thread 0x000002d63008b000 DEOPT UNPACKING pc=0x000002d6149d76ce sp=0x000000dab3ef92b0 mode 0

Classes redefined (0 events):
No events

Internal exceptions (20 events):
Event: 35.271 Thread 0x000002d62cd93800 Exception <a 'java/lang/NoSuchMethodError'{0x0000000087335680}: <clinit>> (0x0000000087335680) thrown at [./src/hotspot/share/prims/jni.cpp, line 1362]
Event: 35.271 Thread 0x000002d62cd93800 Exception <a 'java/lang/NoSuchMethodError'{0x0000000087336e50}: <clinit>> (0x0000000087336e50) thrown at [./src/hotspot/share/prims/jni.cpp, line 1362]
Event: 35.320 Thread 0x000002d62cd93800 Exception <a 'sun/nio/fs/WindowsException'{0x0000000086f10b08}> (0x0000000086f10b08) thrown at [./src/hotspot/share/prims/jni.cpp, line 615]
Event: 35.320 Thread 0x000002d62cd93800 Exception <a 'sun/nio/fs/WindowsException'{0x0000000086f119a0}> (0x0000000086f119a0) thrown at [./src/hotspot/share/prims/jni.cpp, line 615]
Event: 35.321 Thread 0x000002d62cd93800 Exception <a 'sun/nio/fs/WindowsException'{0x0000000086f11da0}> (0x0000000086f11da0) thrown at [./src/hotspot/share/prims/jni.cpp, line 615]
Event: 35.321 Thread 0x000002d62cd93800 Exception <a 'sun/nio/fs/WindowsException'{0x0000000086f12c20}> (0x0000000086f12c20) thrown at [./src/hotspot/share/prims/jni.cpp, line 615]
Event: 35.321 Thread 0x000002d62cd93800 Exception <a 'sun/nio/fs/WindowsException'{0x0000000086f12f20}> (0x0000000086f12f20) thrown at [./src/hotspot/share/prims/jni.cpp, line 615]
Event: 35.322 Thread 0x000002d62cd93800 Exception <a 'sun/nio/fs/WindowsException'{0x0000000086f13db0}> (0x0000000086f13db0) thrown at [./src/hotspot/share/prims/jni.cpp, line 615]
Event: 35.322 Thread 0x000002d62cd93800 Exception <a 'sun/nio/fs/WindowsException'{0x0000000086f14050}> (0x0000000086f14050) thrown at [./src/hotspot/share/prims/jni.cpp, line 615]
Event: 35.322 Thread 0x000002d62cd93800 Exception <a 'sun/nio/fs/WindowsException'{0x0000000086f14eb0}> (0x0000000086f14eb0) thrown at [./src/hotspot/share/prims/jni.cpp, line 615]
Event: 35.335 Thread 0x000002d62cd93800 Exception <a 'java/lang/NoSuchMethodError'{0x0000000086e99d50}: <clinit>> (0x0000000086e99d50) thrown at [./src/hotspot/share/prims/jni.cpp, line 1362]
Event: 35.337 Thread 0x000002d62cd93800 Exception <a 'java/lang/NoSuchMethodError'{0x0000000086ed03f0}: <clinit>> (0x0000000086ed03f0) thrown at [./src/hotspot/share/prims/jni.cpp, line 1362]
Event: 35.339 Thread 0x000002d62cd93800 Exception <a 'java/lang/NoSuchMethodError'{0x0000000086efe1e8}: <clinit>> (0x0000000086efe1e8) thrown at [./src/hotspot/share/prims/jni.cpp, line 1362]
Event: 35.340 Thread 0x000002d62cd93800 Exception <a 'java/lang/NoSuchMethodError'{0x0000000086d112c0}: <clinit>> (0x0000000086d112c0) thrown at [./src/hotspot/share/prims/jni.cpp, line 1362]
Event: 35.823 Thread 0x000002d62cd96000 Exception <a 'java/lang/NoSuchMethodError'{0x000000008763d878}: 'void java.lang.invoke.DirectMethodHandle$Holder.invokeStatic(java.lang.Object, java.lang.Object, java.lang.Object, java.lang.Object, java.lang.Object, java.lang.Object, java.lang.Object)'> (0x000000008763d878) thrown at [./src/hotspot/share/interpreter/linkResolver.cpp, line 773]
Event: 36.075 Thread 0x000002d630091800 Exception <a 'sun/nio/fs/WindowsException'{0x000000008769cd58}> (0x000000008769cd58) thrown at [./src/hotspot/share/prims/jni.cpp, line 615]
Event: 36.075 Thread 0x000002d63008e000 Exception <a 'sun/nio/fs/WindowsException'{0x0000000087611b28}> (0x0000000087611b28) thrown at [./src/hotspot/share/prims/jni.cpp, line 615]
Event: 36.194 Thread 0x000002d63008a000 Exception <a 'sun/nio/fs/WindowsException'{0x00000000878810b0}> (0x00000000878810b0) thrown at [./src/hotspot/share/prims/jni.cpp, line 615]
Event: 36.195 Thread 0x000002d630090800 Exception <a 'sun/nio/fs/WindowsException'{0x0000000087812738}> (0x0000000087812738) thrown at [./src/hotspot/share/prims/jni.cpp, line 615]
Event: 36.354 Thread 0x000002d63008b000 Exception <a 'sun/nio/fs/WindowsException'{0x000000008763b128}> (0x000000008763b128) thrown at [./src/hotspot/share/prims/jni.cpp, line 615]

Events (20 events):
Event: 36.356 loading class com/android/tools/r8/graph/d0 done
Event: 36.356 loading class com/android/tools/r8/internal/Sm$b
Event: 36.356 loading class com/android/tools/r8/internal/Sm$b done
Event: 36.356 loading class com/android/tools/r8/graph/d0
Event: 36.356 loading class com/android/tools/r8/graph/d0 done
Event: 36.356 loading class com/android/tools/r8/internal/Sm$b
Event: 36.356 loading class com/android/tools/r8/internal/Sm$b done
Event: 36.357 loading class kotlin/reflect/jvm/internal/impl/metadata/ProtoBuf$Type$ArgumentOrBuilder
Event: 36.357 loading class kotlin/reflect/jvm/internal/impl/metadata/ProtoBuf$Type$ArgumentOrBuilder done
Event: 36.358 loading class com/android/tools/r8/internal/Sm$c
Event: 36.358 loading class com/android/tools/r8/internal/Sm$c done
Event: 36.359 loading class com/android/tools/r8/internal/Sm$d
Event: 36.359 loading class com/android/tools/r8/internal/Sm$d done
Event: 36.360 loading class com/android/tools/r8/internal/Sm$e
Event: 36.360 loading class com/android/tools/r8/internal/Sm$e done
Event: 36.360 loading class com/android/tools/r8/graph/d0
Event: 36.360 loading class com/android/tools/r8/graph/d0 done
Event: 36.360 loading class com/android/tools/r8/internal/M9
Event: 36.360 loading class com/android/tools/r8/internal/M9 done
Event: 36.360 Executing VM operation: G1CollectForAllocation


Dynamic libraries:
0x00007ff605b70000 - 0x00007ff605b7a000 	C:\Program Files\Android\Android Studio2\jre\bin\java.exe
0x00007ffcb9850000 - 0x00007ffcb9a48000 	C:\windows\SYSTEM32\ntdll.dll
0x00007ffcb8250000 - 0x00007ffcb830d000 	C:\windows\System32\KERNEL32.DLL
0x00007ffcb7540000 - 0x00007ffcb780e000 	C:\windows\System32\KERNELBASE.dll
0x00007ffcb7440000 - 0x00007ffcb7540000 	C:\windows\System32\ucrtbase.dll
0x00007ffc9c220000 - 0x00007ffc9c237000 	C:\Program Files\Android\Android Studio2\jre\bin\VCRUNTIME140.dll
0x00007ffc96200000 - 0x00007ffc96219000 	C:\Program Files\Android\Android Studio2\jre\bin\jli.dll
0x00007ffcb93b0000 - 0x00007ffcb9550000 	C:\windows\System32\USER32.dll
0x00007ffcb6f70000 - 0x00007ffcb6f92000 	C:\windows\System32\win32u.dll
0x00007ffcb97e0000 - 0x00007ffcb980a000 	C:\windows\System32\GDI32.dll
0x00007ffc9d6a0000 - 0x00007ffc9d93a000 	C:\windows\WinSxS\amd64_microsoft.windows.common-controls_6595b64144ccf1df_6.0.19041.1110_none_60b5254171f9507e\COMCTL32.dll
0x00007ffcb6fa0000 - 0x00007ffcb70ab000 	C:\windows\System32\gdi32full.dll
0x00007ffcb7810000 - 0x00007ffcb78ad000 	C:\windows\System32\msvcp_win.dll
0x00007ffcb9550000 - 0x00007ffcb95ee000 	C:\windows\System32\msvcrt.dll
0x00007ffcb7bd0000 - 0x00007ffcb7c00000 	C:\windows\System32\IMM32.DLL
0x00007ffc8f150000 - 0x00007ffc8f1ed000 	C:\Program Files\Android\Android Studio2\jre\bin\msvcp140.dll
0x00007ffc6e650000 - 0x00007ffc6f11f000 	C:\Program Files\Android\Android Studio2\jre\bin\server\jvm.dll
0x00007ffcb95f0000 - 0x00007ffcb969e000 	C:\windows\System32\ADVAPI32.dll
0x00007ffcb84d0000 - 0x00007ffcb856c000 	C:\windows\System32\sechost.dll
0x00007ffcb9280000 - 0x00007ffcb93a5000 	C:\windows\System32\RPCRT4.dll
0x00007ffcb84c0000 - 0x00007ffcb84c8000 	C:\windows\System32\PSAPI.DLL
0x00007ffcac340000 - 0x00007ffcac367000 	C:\windows\SYSTEM32\WINMM.dll
0x00007ffc66c70000 - 0x00007ffc66c79000 	C:\windows\SYSTEM32\WSOCK32.dll
0x00007ffcaf620000 - 0x00007ffcaf62a000 	C:\windows\SYSTEM32\VERSION.dll
0x00007ffcb8d20000 - 0x00007ffcb8d8b000 	C:\windows\System32\WS2_32.dll
0x00007ffcb4e70000 - 0x00007ffcb4e82000 	C:\windows\SYSTEM32\kernel.appcore.dll
0x00007ffca73b0000 - 0x00007ffca73c1000 	C:\Program Files\Android\Android Studio2\jre\bin\verify.dll
0x00007ffca7900000 - 0x00007ffca7ae4000 	C:\windows\SYSTEM32\DBGHELP.DLL
0x00007ffca78a0000 - 0x00007ffca78cc000 	C:\windows\SYSTEM32\dbgcore.DLL
0x00007ffcb70e0000 - 0x00007ffcb7162000 	C:\windows\System32\bcryptPrimitives.dll
0x00007ffc9e600000 - 0x00007ffc9e629000 	C:\Program Files\Android\Android Studio2\jre\bin\java.dll
0x00007ffcb21c0000 - 0x00007ffcb21cb000 	C:\Program Files\Android\Android Studio2\jre\bin\jimage.dll
0x00007ffca7340000 - 0x00007ffca7358000 	C:\Program Files\Android\Android Studio2\jre\bin\zip.dll
0x00007ffcb85d0000 - 0x00007ffcb8d14000 	C:\windows\System32\SHELL32.dll
0x00007ffcb5070000 - 0x00007ffcb5804000 	C:\windows\SYSTEM32\windows.storage.dll
0x00007ffcb7e60000 - 0x00007ffcb81b4000 	C:\windows\System32\combase.dll
0x00007ffcb6950000 - 0x00007ffcb6980000 	C:\windows\SYSTEM32\Wldp.dll
0x00007ffcb79d0000 - 0x00007ffcb7a7d000 	C:\windows\System32\SHCORE.dll
0x00007ffcb9780000 - 0x00007ffcb97d5000 	C:\windows\System32\shlwapi.dll
0x00007ffcb6eb0000 - 0x00007ffcb6ecf000 	C:\windows\SYSTEM32\profapi.dll
0x00007ffca6e70000 - 0x00007ffca6e8a000 	C:\Program Files\Android\Android Studio2\jre\bin\net.dll
0x00007ffcad650000 - 0x00007ffcad75a000 	C:\windows\SYSTEM32\WINHTTP.dll
0x00007ffcb6660000 - 0x00007ffcb66ca000 	C:\windows\system32\mswsock.dll
0x00007ffca4c50000 - 0x00007ffca4c64000 	C:\Program Files\Android\Android Studio2\jre\bin\nio.dll
0x00007ffc8e4c0000 - 0x00007ffc8e4e7000 	C:\Users\Home\.gradle\native\8bec1ad78214c89d9ad589b4d07fe93259594b29d510b10fafb7a158f7737e5d\windows-amd64\native-platform.dll
0x00007ffc85940000 - 0x00007ffc85a7d000 	C:\Users\Home\.gradle\native\53dbd7edfb1c66fb8903c78663c9afc45aea4f116125fa6feffd364cf09443e8\windows-amd64\native-platform-file-events.dll
0x00007ffcb2080000 - 0x00007ffcb208a000 	C:\Program Files\Android\Android Studio2\jre\bin\management.dll
0x00007ffcb1ff0000 - 0x00007ffcb1ffc000 	C:\Program Files\Android\Android Studio2\jre\bin\management_ext.dll
0x00007ffcb68b0000 - 0x00007ffcb68c8000 	C:\windows\SYSTEM32\CRYPTSP.dll
0x00007ffcb5fe0000 - 0x00007ffcb6014000 	C:\windows\system32\rsaenh.dll
0x00007ffcb70b0000 - 0x00007ffcb70d7000 	C:\windows\System32\bcrypt.dll
0x00007ffcb6e30000 - 0x00007ffcb6e5e000 	C:\windows\SYSTEM32\USERENV.dll
0x00007ffcb6980000 - 0x00007ffcb698c000 	C:\windows\SYSTEM32\CRYPTBASE.dll
0x00007ffcb6350000 - 0x00007ffcb638b000 	C:\windows\SYSTEM32\IPHLPAPI.DLL
0x00007ffcb84a0000 - 0x00007ffcb84a8000 	C:\windows\System32\NSI.dll
0x00007ffcaebf0000 - 0x00007ffcaec07000 	C:\windows\SYSTEM32\dhcpcsvc6.DLL
0x00007ffcaeeb0000 - 0x00007ffcaeecd000 	C:\windows\SYSTEM32\dhcpcsvc.DLL
0x00007ffcb6390000 - 0x00007ffcb645b000 	C:\windows\SYSTEM32\DNSAPI.dll

dbghelp: loaded successfully - version: 4.0.5 - missing functions: none
symbol engine: initialized successfully - sym options: 0x614 - pdb path: .;C:\Program Files\Android\Android Studio2\jre\bin;C:\windows\SYSTEM32;C:\windows\WinSxS\amd64_microsoft.windows.common-controls_6595b64144ccf1df_6.0.19041.1110_none_60b5254171f9507e;C:\Program Files\Android\Android Studio2\jre\bin\server;C:\Users\Home\.gradle\native\8bec1ad78214c89d9ad589b4d07fe93259594b29d510b10fafb7a158f7737e5d\windows-amd64;C:\Users\Home\.gradle\native\53dbd7edfb1c66fb8903c78663c9afc45aea4f116125fa6feffd364cf09443e8\windows-amd64

VM Arguments:
jvm_args: --add-opens=java.base/java.util=ALL-UNNAMED --add-opens=java.base/java.lang=ALL-UNNAMED --add-opens=java.base/java.lang.invoke=ALL-UNNAMED --add-opens=java.base/java.util=ALL-UNNAMED --add-opens=java.prefs/java.util.prefs=ALL-UNNAMED --add-opens=java.prefs/java.util.prefs=ALL-UNNAMED --add-opens=java.base/java.nio.charset=ALL-UNNAMED --add-opens=java.base/java.net=ALL-UNNAMED --add-opens=java.base/java.util.concurrent.atomic=ALL-UNNAMED -Xmx2048m -Dfile.encoding=UTF-8 -Duser.country=IN -Duser.language=en -Duser.variant 
java_command: org.gradle.launcher.daemon.bootstrap.GradleDaemon 7.0.2
java_class_path (initial): C:\Users\Home\.gradle\wrapper\dists\gradle-7.0.2-bin\857tjihv64xamwrf0h14cai3r\gradle-7.0.2\lib\gradle-launcher-7.0.2.jar
Launcher Type: SUN_STANDARD

[Global flags]
     intx CICompilerCount                          = 4                                         {product} {ergonomic}
     uint ConcGCThreads                            = 2                                         {product} {ergonomic}
     uint G1ConcRefinementThreads                  = 8                                         {product} {ergonomic}
   size_t G1HeapRegionSize                         = 1048576                                   {product} {ergonomic}
    uintx GCDrainStackTargetSize                   = 64                                        {product} {ergonomic}
   size_t InitialHeapSize                          = 100663296                                 {product} {ergonomic}
   size_t MarkStackSize                            = 4194304                                   {product} {ergonomic}
   size_t MaxHeapSize                              = 2147483648                                {product} {command line}
   size_t MaxNewSize                               = 1287651328                                {product} {ergonomic}
   size_t MinHeapDeltaBytes                        = 1048576                                   {product} {ergonomic}
    uintx NonNMethodCodeHeapSize                   = 5836300                                {pd product} {ergonomic}
    uintx NonProfiledCodeHeapSize                  = 122910970                              {pd product} {ergonomic}
    uintx ProfiledCodeHeapSize                     = 122910970                              {pd product} {ergonomic}
    uintx ReservedCodeCacheSize                    = 251658240                              {pd product} {ergonomic}
     bool SegmentedCodeCache                       = true                                      {product} {ergonomic}
     bool UseCompressedClassPointers               = true                                 {lp64_product} {ergonomic}
     bool UseCompressedOops                        = true                                 {lp64_product} {ergonomic}
     bool UseG1GC                                  = true                                      {product} {ergonomic}
     bool UseLargePagesIndividualAllocation        = false                                  {pd product} {ergonomic}

Logging:
Log output configuration:
 #0: stdout all=warning uptime,level,tags
 #1: stderr all=off uptime,level,tags

Environment Variables:
PATH=C:\Program Files (x86)\VMware\VMware Workstation\bin\;C:\Program Files (x86)\Common Files\Intel\Shared Libraries\redist\intel64\compiler;C:\Program Files\Common Files\Oracle\Java\javapath;C:\Program Files (x86)\Common Files\Oracle\Java\javapath;C:\windows\system32;C:\windows;C:\windows\System32\Wbem;C:\windows\System32\WindowsPowerShell\v1.0\;C:\windows\System32\OpenSSH\;C:\Program Files (x86)\NVIDIA Corporation\PhysX\Common;C:\Program Files\NVIDIA Corporation\NVIDIA NvDLISR;C:\Program Files\Java\jdk-16.0.1\bin;C:\Program Files (x86)\mingw-w64\i686-8.1.0-posix-dwarf-rt_v6-rev0\mingw32\bin;C:\sqlite;C:\Program Files\kotlinc\bin;C:\Program Files\Git\cmd;C:\Program Files\nodejs\;C:\Users\Home\AppData\Local\Programs\Python\Python39\Scripts\;C:\Users\Home\AppData\Local\Programs\Python\Python39\;C:\Users\Home\AppData\Local\Microsoft\WindowsApps;C:\Program Files (x86)\mingw-w64\i686-8.1.0-posix-dwarf-rt_v6-rev0\mingw32\bin;C:\Users\Home\AppData\Local\Programs\Microsoft VS Code\bin;C:\Users\Home\Desktop\Songs\todolist;C:\Program Files\JetBrains\IntelliJ IDEA Community Edition 2021.3\bin;;C:\Program Files\kotlinc\bin;C:\modeltech64_2020.4\win64;C:\Dart\dart-sdk\bin;C:\Users\Home\AppData\Roaming\npm
USERNAME=Home
OS=Windows_NT
PROCESSOR_IDENTIFIER=AMD64 Family 23 Model 24 Stepping 1, AuthenticAMD



---------------  S Y S T E M  ---------------

OS: Windows 10 , 64 bit Build 19041 (10.0.19041.1806)
OS uptime: 10 days 18:26 hours

CPU:total 8 (initial active 8) (8 cores per cpu, 2 threads per core) family 23 model 24 stepping 1 microcode 0x0, cmov, cx8, fxsr, mmx, sse, sse2, sse3, ssse3, sse4.1, sse4.2, popcnt, avx, avx2, aes, clmul, mmxext, 3dnowpref, lzcnt, sse4a, ht, tsc, tscinvbit, tscinv, bmi1, bmi2, adx, s

Memory: 4k page, system-wide physical 6021M (248M free)
TotalPageFile size 24453M (AvailPageFile size 41M)
current process WorkingSet (physical memory assigned to process): 299M, peak: 311M
current process commit charge ("private bytes"): 431M, peak: 474M

vm_info: OpenJDK 64-Bit Server VM (11.0.10+0-b96-7249189) for windows-amd64 JRE (11.0.10+0-b96-7249189), built on Mar 31 2021 21:44:00 by "builder" with MS VC++ 14.0 (VS2015)

END.
