#
# There is insufficient memory for the Java Runtime Environment to continue.
# Native memory allocation (mmap) failed to map 229638144 bytes for Failed to commit area from 0x000000008ec00000 to 0x000000009c700000 of length 229638144.
# Possible reasons:
#   The system is out of physical RAM or swap space
#   The process is running with CompressedOops enabled, and the Java Heap may be blocking the growth of the native heap
# Possible solutions:
#   Reduce memory load on the system
#   Increase physical memory or swap space
#   Check if swap backing store is full
#   Decrease Java heap size (-Xmx/-Xms)
#   Decrease number of Java threads
#   Decrease Java thread stack sizes (-Xss)
#   Set larger code cache with -XX:ReservedCodeCacheSize=
#   JVM is running with Unscaled Compressed Oops mode in which the Java heap is
#     placed in the first 4GB address space. The Java Heap base address is the
#     maximum limit for the native heap growth. Please use -XX:HeapBaseMinAddress
#     to set the Java Heap base and to place the Java Heap above 4GB virtual address.
# This output file may be truncated or incomplete.
#
#  Out of Memory Error (./src/hotspot/os/windows/os_windows.cpp:3301), pid=10868, tid=12216
#
# JRE version: OpenJDK Runtime Environment (11.0.10) (build 11.0.10+0-b96-7249189)
# Java VM: OpenJDK 64-Bit Server VM (11.0.10+0-b96-7249189, mixed mode, tiered, compressed oops, g1 gc, windows-amd64)
# No core dump will be written. Minidumps are not enabled by default on client versions of Windows
#

---------------  S U M M A R Y ------------

Command Line: --add-opens=java.base/java.util=ALL-UNNAMED --add-opens=java.base/java.lang=ALL-UNNAMED --add-opens=java.base/java.lang.invoke=ALL-UNNAMED --add-opens=java.base/java.util=ALL-UNNAMED --add-opens=java.prefs/java.util.prefs=ALL-UNNAMED --add-opens=java.prefs/java.util.prefs=ALL-UNNAMED --add-opens=java.base/java.nio.charset=ALL-UNNAMED --add-opens=java.base/java.net=ALL-UNNAMED --add-opens=java.base/java.util.concurrent.atomic=ALL-UNNAMED -Xmx2048m -Dfile.encoding=UTF-8 -Duser.country=IN -Duser.language=en -Duser.variant org.gradle.launcher.daemon.bootstrap.GradleDaemon 7.0.2

Host: AMD Ryzen 5 3550H with Radeon Vega Mobile Gfx  , 8 cores, 5G,  Windows 10 , 64 bit Build 19041 (10.0.19041.1806)
Time: Thu Aug  4 13:29:40 2022 India Standard Time elapsed time: 61.529476 seconds (0d 0h 1m 1s)

---------------  T H R E A D  ---------------

Current thread (0x0000022067832800):  VMThread "VM Thread" [stack: 0x000000b7ac900000,0x000000b7aca00000] [id=12216]

Stack: [0x000000b7ac900000,0x000000b7aca00000]
[error occurred during error reporting (printing stack bounds), id 0xc0000005, EXCEPTION_ACCESS_VIOLATION (0xc0000005) at pc=0x0000022050710f2d]

Native frames: (J=compiled Java code, j=interpreted, Vv=VM code, C=native code)
V  [jvm.dll+0x5ecfaa]
V  [jvm.dll+0x722bd5]
V  [jvm.dll+0x72412d]
V  [jvm.dll+0x724745]
V  [jvm.dll+0x7246fb]
V  [jvm.dll+0x5ec348]
V  [jvm.dll+0x5ecad8]
C  [ntdll.dll+0xa229f]
C  [ntdll.dll+0x51454]
C  [ntdll.dll+0xa0dce]
C  0x0000022050710f2d

VM_Operation (0x000000b7af9f9810): G1CollectForAllocation, mode: safepoint, requested by thread 0x000002206aa9d000


---------------  P R O C E S S  ---------------

Threads class SMR info:
_java_thread_list=0x00000220689a1610, length=70, elements={
0x000002204b413000, 0x0000022067835000, 0x0000022067843000, 0x0000022067851000,
0x0000022067853000, 0x0000022067855800, 0x0000022067859000, 0x0000022067869000,
0x000002206786c000, 0x000002206831e000, 0x00000220694b9800, 0x000002206a7f8000,
0x0000022069c28800, 0x000002206993d800, 0x0000022069c2a800, 0x000002206a220000,
0x000002206abb1800, 0x000002206a2f0800, 0x000002206a5b1800, 0x0000022068f6a000,
0x0000022068f6a800, 0x0000022068f6b800, 0x0000022068f6c800, 0x0000022068f6d000,
0x0000022068f6e000, 0x0000022068f68800, 0x0000022068f6f000, 0x0000022068f69000,
0x000002206aa9b000, 0x000002206aa97800, 0x000002206aa99000, 0x000002206aa9b800,
0x000002206aa96000, 0x000002206aaa2000, 0x000002206aa9f000, 0x000002206aa9e000,
0x000002206aaa3000, 0x000002206aaa0800, 0x000002206aa9d000, 0x000002206aa9f800,
0x000002206aaa3800, 0x000002206aaa1800, 0x000002206aaa4800, 0x000002206ad6d800,
0x000002206ad70000, 0x000002206ad71000, 0x000002206ad71800, 0x000002206ad72800,
0x000002206ad6e800, 0x000002206ad73000, 0x000002206ad75000, 0x000002206ad6f000,
0x000002206ad7a000, 0x000002206ad78000, 0x000002206ad75800, 0x000002206ad76800,
0x000002206ad7a800, 0x000002206ad77800, 0x000002206ad79000, 0x000002206ff3d800,
0x000002206ff3f000, 0x000002206ff39800, 0x000002206ff3b000, 0x000002206ff40800,
0x000002206ff41800, 0x000002206ff3e000, 0x000002206ff3b800, 0x000002206ff46800,
0x000002206ff44000, 0x000002206ff3c800
}

Java Threads: ( => current thread )
  0x000002204b413000 JavaThread "main" [_thread_blocked, id=15400, stack(0x000000b7ac300000,0x000000b7ac400000)]
  0x0000022067835000 JavaThread "Reference Handler" daemon [_thread_blocked, id=17432, stack(0x000000b7aca00000,0x000000b7acb00000)]
  0x0000022067843000 JavaThread "Finalizer" daemon [_thread_blocked, id=16052, stack(0x000000b7acb00000,0x000000b7acc00000)]
  0x0000022067851000 JavaThread "Signal Dispatcher" daemon [_thread_blocked, id=9492, stack(0x000000b7acc00000,0x000000b7acd00000)]
  0x0000022067853000 JavaThread "Attach Listener" daemon [_thread_blocked, id=10668, stack(0x000000b7acd00000,0x000000b7ace00000)]
  0x0000022067855800 JavaThread "Service Thread" daemon [_thread_blocked, id=252, stack(0x000000b7ace00000,0x000000b7acf00000)]
  0x0000022067859000 JavaThread "C2 CompilerThread0" daemon [_thread_blocked, id=18436, stack(0x000000b7acf00000,0x000000b7ad000000)]
  0x0000022067869000 JavaThread "C1 CompilerThread0" daemon [_thread_blocked, id=23764, stack(0x000000b7ad000000,0x000000b7ad100000)]
  0x000002206786c000 JavaThread "Sweeper thread" daemon [_thread_blocked, id=3400, stack(0x000000b7ad100000,0x000000b7ad200000)]
  0x000002206831e000 JavaThread "Common-Cleaner" daemon [_thread_blocked, id=7100, stack(0x000000b7ad200000,0x000000b7ad300000)]
  0x00000220694b9800 JavaThread "Daemon health stats" [_thread_blocked, id=22012, stack(0x000000b7ad600000,0x000000b7ad700000)]
  0x000002206a7f8000 JavaThread "Incoming local TCP Connector on port 11010" [_thread_in_native, id=10440, stack(0x000000b7ad400000,0x000000b7ad500000)]
  0x0000022069c28800 JavaThread "Daemon periodic checks" [_thread_blocked, id=24880, stack(0x000000b7ad900000,0x000000b7ada00000)]
  0x000002206993d800 JavaThread "Daemon" [_thread_blocked, id=22644, stack(0x000000b7ada00000,0x000000b7adb00000)]
  0x0000022069c2a800 JavaThread "Handler for socket connection from /127.0.0.1:11010 to /127.0.0.1:11011" [_thread_in_native, id=4256, stack(0x000000b7adb00000,0x000000b7adc00000)]
  0x000002206a220000 JavaThread "Cancel handler" [_thread_blocked, id=25212, stack(0x000000b7adc00000,0x000000b7add00000)]
  0x000002206abb1800 JavaThread "Daemon worker" [_thread_blocked, id=15648, stack(0x000000b7add00000,0x000000b7ade00000)]
  0x000002206a2f0800 JavaThread "Asynchronous log dispatcher for DefaultDaemonConnection: socket connection from /127.0.0.1:11010 to /127.0.0.1:11011" [_thread_blocked, id=23740, stack(0x000000b7ade00000,0x000000b7adf00000)]
  0x000002206a5b1800 JavaThread "Stdin handler" [_thread_blocked, id=15744, stack(0x000000b7adf00000,0x000000b7ae000000)]
  0x0000022068f6a000 JavaThread "Daemon client event forwarder" [_thread_blocked, id=21648, stack(0x000000b7ae000000,0x000000b7ae100000)]
  0x0000022068f6a800 JavaThread "Cache worker for file hash cache (C:\Users\Home\.gradle\caches\7.0.2\fileHashes)" [_thread_blocked, id=25912, stack(0x000000b7ae100000,0x000000b7ae200000)]
  0x0000022068f6b800 JavaThread "File lock request listener" [_thread_in_native, id=22324, stack(0x000000b7ae200000,0x000000b7ae300000)]
  0x0000022068f6c800 JavaThread "Cache worker for journal cache (C:\Users\Home\.gradle\caches\journal-1)" [_thread_blocked, id=18156, stack(0x000000b7ae800000,0x000000b7ae900000)]
  0x0000022068f6d000 JavaThread "Cache worker for file hash cache (H:\Android_2.0\nit_ticTacToe\.gradle\7.0.2\fileHashes)" [_thread_blocked, id=12948, stack(0x000000b7aea00000,0x000000b7aeb00000)]
  0x0000022068f6e000 JavaThread "File watcher server" daemon [_thread_blocked, id=15872, stack(0x000000b7aeb00000,0x000000b7aec00000)]
  0x0000022068f68800 JavaThread "File watcher consumer" daemon [_thread_blocked, id=24812, stack(0x000000b7aec00000,0x000000b7aed00000)]
  0x0000022068f6f000 JavaThread "Cache worker for checksums cache (H:\Android_2.0\nit_ticTacToe\.gradle\checksums)" [_thread_blocked, id=19720, stack(0x000000b7aed00000,0x000000b7aee00000)]
  0x0000022068f69000 JavaThread "Cache worker for cache directory md-supplier (C:\Users\Home\.gradle\caches\7.0.2\md-supplier)" [_thread_blocked, id=5208, stack(0x000000b7ae900000,0x000000b7aea00000)]
  0x000002206aa9b000 JavaThread "Cache worker for cache directory md-rule (C:\Users\Home\.gradle\caches\7.0.2\md-rule)" [_thread_blocked, id=2356, stack(0x000000b7aef00000,0x000000b7af000000)]
  0x000002206aa97800 JavaThread "Cache worker for execution history cache (C:\Users\Home\.gradle\caches\7.0.2\executionHistory)" [_thread_blocked, id=16764, stack(0x000000b7af000000,0x000000b7af100000)]
  0x000002206aa99000 JavaThread "jar transforms" [_thread_blocked, id=9412, stack(0x000000b7aee00000,0x000000b7aef00000)]
  0x000002206aa9b800 JavaThread "jar transforms Thread 2" [_thread_blocked, id=12496, stack(0x000000b7af100000,0x000000b7af200000)]
  0x000002206aa96000 JavaThread "Cache worker for file content cache (C:\Users\Home\.gradle\caches\7.0.2\fileContent)" [_thread_blocked, id=3996, stack(0x000000b7af300000,0x000000b7af400000)]
  0x000002206aaa2000 JavaThread "Cache worker for dependencies-accessors (H:\Android_2.0\nit_ticTacToe\.gradle\7.0.2\dependencies-accessors)" [_thread_blocked, id=18896, stack(0x000000b7af400000,0x000000b7af500000)]
  0x000002206aa9f000 JavaThread "jar transforms Thread 3" [_thread_blocked, id=5080, stack(0x000000b7af500000,0x000000b7af600000)]
  0x000002206aa9e000 JavaThread "Cache worker for Build Output Cleanup Cache (H:\Android_2.0\nit_ticTacToe\.gradle\buildOutputCleanup)" [_thread_blocked, id=24780, stack(0x000000b7af600000,0x000000b7af700000)]
  0x000002206aaa3000 JavaThread "Build operations" [_thread_blocked, id=16340, stack(0x000000b7af700000,0x000000b7af800000)]
  0x000002206aaa0800 JavaThread "Build operations Thread 2" [_thread_blocked, id=3168, stack(0x000000b7af800000,0x000000b7af900000)]
  0x000002206aa9d000 JavaThread "Build operations Thread 3" [_thread_blocked, id=25612, stack(0x000000b7af900000,0x000000b7afa00000)]
  0x000002206aa9f800 JavaThread "Build operations Thread 4" [_thread_blocked, id=22036, stack(0x000000b7afa00000,0x000000b7afb00000)]
  0x000002206aaa3800 JavaThread "Build operations Thread 5" [_thread_blocked, id=11044, stack(0x000000b7afb00000,0x000000b7afc00000)]
  0x000002206aaa1800 JavaThread "Build operations Thread 6" [_thread_blocked, id=17932, stack(0x000000b7afc00000,0x000000b7afd00000)]
  0x000002206aaa4800 JavaThread "Build operations Thread 7" [_thread_blocked, id=8228, stack(0x000000b7afd00000,0x000000b7afe00000)]
  0x000002206ad6d800 JavaThread "Build operations Thread 8" [_thread_blocked, id=22964, stack(0x000000b7afe00000,0x000000b7aff00000)]
  0x000002206ad70000 JavaThread "jar transforms Thread 4" [_thread_blocked, id=26076, stack(0x000000b7aff00000,0x000000b7b0000000)]
  0x000002206ad71000 JavaThread "jar transforms Thread 5" [_thread_blocked, id=23224, stack(0x000000b7b0000000,0x000000b7b0100000)]
  0x000002206ad71800 JavaThread "jar transforms Thread 6" [_thread_blocked, id=11772, stack(0x000000b7b0100000,0x000000b7b0200000)]
  0x000002206ad72800 JavaThread "jar transforms Thread 7" [_thread_blocked, id=14896, stack(0x000000b7b0200000,0x000000b7b0300000)]
  0x000002206ad6e800 JavaThread "jar transforms Thread 8" [_thread_blocked, id=25596, stack(0x000000b7b0300000,0x000000b7b0400000)]
  0x000002206ad73000 JavaThread "Memory manager" [_thread_blocked, id=15036, stack(0x000000b7af200000,0x000000b7af300000)]
  0x000002206ad75000 JavaThread "build event listener" [_thread_blocked, id=7308, stack(0x000000b7b0400000,0x000000b7b0500000)]
  0x000002206ad6f000 JavaThread "Execution worker for ':'" [_thread_blocked, id=3728, stack(0x000000b7b0500000,0x000000b7b0600000)]
  0x000002206ad7a000 JavaThread "Execution worker for ':' Thread 2" [_thread_blocked, id=14956, stack(0x000000b7b0600000,0x000000b7b0700000)]
  0x000002206ad78000 JavaThread "Execution worker for ':' Thread 3" [_thread_blocked, id=25512, stack(0x000000b7b0700000,0x000000b7b0800000)]
  0x000002206ad75800 JavaThread "Execution worker for ':' Thread 4" [_thread_blocked, id=12200, stack(0x000000b7b0800000,0x000000b7b0900000)]
  0x000002206ad76800 JavaThread "Execution worker for ':' Thread 5" [_thread_blocked, id=19604, stack(0x000000b7b0900000,0x000000b7b0a00000)]
  0x000002206ad7a800 JavaThread "Execution worker for ':' Thread 6" [_thread_blocked, id=9224, stack(0x000000b7b0a00000,0x000000b7b0b00000)]
  0x000002206ad77800 JavaThread "Execution worker for ':' Thread 7" [_thread_blocked, id=18780, stack(0x000000b7b0b00000,0x000000b7b0c00000)]
  0x000002206ad79000 JavaThread "Cache worker for execution history cache (H:\Android_2.0\nit_ticTacToe\.gradle\7.0.2\executionHistory)" [_thread_blocked, id=15916, stack(0x000000b7b0c00000,0x000000b7b0d00000)]
  0x000002206ff3d800 JavaThread "WorkerExecutor Queue Thread 3" [_thread_blocked, id=3216, stack(0x000000b7b1100000,0x000000b7b1200000)]
  0x000002206ff3f000 JavaThread "WorkerExecutor Queue Thread 4" [_thread_blocked, id=23896, stack(0x000000b7b1200000,0x000000b7b1300000)]
  0x000002206ff39800 JavaThread "WorkerExecutor Queue Thread 6" [_thread_blocked, id=12580, stack(0x000000b7b1400000,0x000000b7b1500000)]
  0x000002206ff3b000 JavaThread "WorkerExecutor Queue Thread 7" [_thread_blocked, id=20820, stack(0x000000b7b1500000,0x000000b7b1600000)]
  0x000002206ff40800 JavaThread "WorkerExecutor Queue Thread 8" [_thread_blocked, id=22636, stack(0x000000b7b1600000,0x000000b7b1700000)]
  0x000002206ff41800 JavaThread "pool-3-thread-1" [_thread_blocked, id=8580, stack(0x000000b7b1700000,0x000000b7b1800000)]
  0x000002206ff3e000 JavaThread "stderr" [_thread_in_native, id=9172, stack(0x000000b7b1800000,0x000000b7b1900000)]
  0x000002206ff3b800 JavaThread "stdout" [_thread_in_native, id=18132, stack(0x000000b7b1900000,0x000000b7b1a00000)]
  0x000002206ff46800 JavaThread "stderr" [_thread_in_native, id=16856, stack(0x000000b7b1a00000,0x000000b7b1b00000)]
  0x000002206ff44000 JavaThread "stdout" [_thread_in_native, id=23160, stack(0x000000b7b1b00000,0x000000b7b1c00000)]
  0x000002206ff3c800 JavaThread "WorkerExecutor Queue Thread 9" [_thread_blocked, id=520, stack(0x000000b7b0f00000,0x000000b7b1000000)]

Other Threads:
=>0x0000022067832800 VMThread "VM Thread" [stack: 0x000000b7ac900000,0x000000b7aca00000] [id=12216]
  0x000002206834a800 WatcherThread [stack: 0x000000b7ad300000,0x000000b7ad400000] [id=6500]
  0x000002204b427800 GCTaskThread "GC Thread#0" [stack: 0x000000b7ac400000,0x000000b7ac500000] [id=23124]
  0x00000220691a8800 GCTaskThread "GC Thread#1" [stack: 0x000000b7ad500000,0x000000b7ad600000] [id=21784]
  0x000002206a594000 GCTaskThread "GC Thread#2" [stack: 0x000000b7ad700000,0x000000b7ad800000] [id=23356]
  0x000002206a1fc000 GCTaskThread "GC Thread#3" [stack: 0x000000b7ad800000,0x000000b7ad900000] [id=21912]
  0x000002206993f800 GCTaskThread "GC Thread#4" [stack: 0x000000b7ae300000,0x000000b7ae400000] [id=22968]
  0x000002206a6bf000 GCTaskThread "GC Thread#5" [stack: 0x000000b7ae400000,0x000000b7ae500000] [id=20296]
  0x000002206941d800 GCTaskThread "GC Thread#6" [stack: 0x000000b7ae500000,0x000000b7ae600000] [id=11584]
  0x0000022068f2b800 GCTaskThread "GC Thread#7" [stack: 0x000000b7ae600000,0x000000b7ae700000] [id=13092]
  0x000002204b458800 ConcurrentGCThread "G1 Main Marker" [stack: 0x000000b7ac500000,0x000000b7ac600000] [id=7724]
  0x000002204b459800 ConcurrentGCThread "G1 Conc#0" [stack: 0x000000b7ac600000,0x000000b7ac700000] [id=24024]
  0x0000022069d39000 ConcurrentGCThread "G1 Conc#1" [stack: 0x000000b7ae700000,0x000000b7ae800000] [id=19204]
  0x000002204b4df000 ConcurrentGCThread "G1 Refine#0" [stack: 0x000000b7ac700000,0x000000b7ac800000] [id=16632]
  0x000002204b4e0800 ConcurrentGCThread "G1 Young RemSet Sampling" [stack: 0x000000b7ac800000,0x000000b7ac900000] [id=16576]

Threads with active compile tasks:
C2 CompilerThread0  61583 15007       4       com.android.tools.r8.graph.j0$m::f (293 bytes)
C1 CompilerThread0  61583 15064       1       com.android.tools.r8.graph.H0::L (2 bytes)

VM state:at safepoint (normal execution)

VM Mutex/Monitor currently owned by a thread:  ([mutex/lock_event])
[0x000002204b410bb0] Threads_lock - owner thread: 0x0000022067832800
[0x000002204b410df0] Heap_lock - owner thread: 0x000002206aa9d000

Heap address: 0x0000000080000000, size: 2048 MB, Compressed Oops mode: 32-bit
Narrow klass base: 0x0000000000000000, Narrow klass shift: 3
Compressed class space size: 1073741824 Address: 0x0000000100000000

Heap:
 garbage-first heap   total 465920K, used 140768K [0x0000000080000000, 0x0000000100000000)
  region size 1024K, 9 young (9216K), 9 survivors (9216K)
 Metaspace       used 103199K, capacity 105781K, committed 106060K, reserved 1140736K
  class space    used 12918K, capacity 13870K, committed 13900K, reserved 1048576K
Heap Regions: E=young(eden), S=young(survivor), O=old, HS=humongous(starts), HC=humongous(continues), CS=collection set, F=free, A=archive, TAMS=top-at-mark-start (previous, next)
|   0|0x0000000080000000, 0x0000000080100000, 0x0000000080100000|100%| O|  |TAMS 0x0000000080100000, 0x0000000080100000| Untracked 
|   1|0x0000000080100000, 0x0000000080200000, 0x0000000080200000|100%| O|  |TAMS 0x0000000080200000, 0x0000000080200000| Untracked 
|   2|0x0000000080200000, 0x0000000080300000, 0x0000000080300000|100%| O|  |TAMS 0x0000000080300000, 0x0000000080300000| Untracked 
|   3|0x0000000080300000, 0x0000000080400000, 0x0000000080400000|100%|HS|  |TAMS 0x0000000080400000, 0x0000000080400000| Complete 
|   4|0x0000000080400000, 0x0000000080500000, 0x0000000080500000|100%|HC|  |TAMS 0x0000000080500000, 0x0000000080500000| Complete 
|   5|0x0000000080500000, 0x0000000080600000, 0x0000000080600000|100%|HC|  |TAMS 0x0000000080600000, 0x0000000080600000| Complete 
|   6|0x0000000080600000, 0x0000000080700000, 0x0000000080700000|100%| O|  |TAMS 0x0000000080700000, 0x0000000080700000| Untracked 
|   7|0x0000000080700000, 0x0000000080800000, 0x0000000080800000|100%| O|  |TAMS 0x0000000080800000, 0x0000000080800000| Untracked 
|   8|0x0000000080800000, 0x0000000080900000, 0x0000000080900000|100%| O|  |TAMS 0x0000000080900000, 0x0000000080900000| Untracked 
|   9|0x0000000080900000, 0x0000000080a00000, 0x0000000080a00000|100%| O|  |TAMS 0x0000000080a00000, 0x0000000080a00000| Untracked 
|  10|0x0000000080a00000, 0x0000000080b00000, 0x0000000080b00000|100%| O|  |TAMS 0x0000000080b00000, 0x0000000080b00000| Untracked 
|  11|0x0000000080b00000, 0x0000000080c00000, 0x0000000080c00000|100%| O|  |TAMS 0x0000000080c00000, 0x0000000080c00000| Untracked 
|  12|0x0000000080c00000, 0x0000000080d00000, 0x0000000080d00000|100%| O|  |TAMS 0x0000000080d00000, 0x0000000080d00000| Untracked 
|  13|0x0000000080d00000, 0x0000000080e00000, 0x0000000080e00000|100%| O|  |TAMS 0x0000000080e00000, 0x0000000080e00000| Untracked 
|  14|0x0000000080e00000, 0x0000000080f00000, 0x0000000080f00000|100%| O|  |TAMS 0x0000000080f00000, 0x0000000080f00000| Untracked 
|  15|0x0000000080f00000, 0x0000000081000000, 0x0000000081000000|100%| O|  |TAMS 0x0000000081000000, 0x0000000081000000| Untracked 
|  16|0x0000000081000000, 0x0000000081100000, 0x0000000081100000|100%| O|  |TAMS 0x0000000081100000, 0x0000000081100000| Untracked 
|  17|0x0000000081100000, 0x0000000081200000, 0x0000000081200000|100%| O|  |TAMS 0x0000000081200000, 0x0000000081200000| Untracked 
|  18|0x0000000081200000, 0x0000000081300000, 0x0000000081300000|100%| O|  |TAMS 0x0000000081300000, 0x0000000081300000| Untracked 
|  19|0x0000000081300000, 0x0000000081400000, 0x0000000081400000|100%| O|  |TAMS 0x0000000081400000, 0x0000000081400000| Untracked 
|  20|0x0000000081400000, 0x0000000081500000, 0x0000000081500000|100%| O|  |TAMS 0x0000000081500000, 0x0000000081500000| Untracked 
|  21|0x0000000081500000, 0x0000000081600000, 0x0000000081600000|100%| O|  |TAMS 0x0000000081600000, 0x0000000081600000| Untracked 
|  22|0x0000000081600000, 0x0000000081700000, 0x0000000081700000|100%| O|  |TAMS 0x0000000081700000, 0x0000000081700000| Untracked 
|  23|0x0000000081700000, 0x0000000081800000, 0x0000000081800000|100%| O|  |TAMS 0x0000000081800000, 0x0000000081800000| Untracked 
|  24|0x0000000081800000, 0x0000000081900000, 0x0000000081900000|100%| O|  |TAMS 0x0000000081900000, 0x0000000081900000| Untracked 
|  25|0x0000000081900000, 0x0000000081a00000, 0x0000000081a00000|100%| O|  |TAMS 0x0000000081a00000, 0x0000000081a00000| Untracked 
|  26|0x0000000081a00000, 0x0000000081b00000, 0x0000000081b00000|100%|HS|  |TAMS 0x0000000081b00000, 0x0000000081b00000| Complete 
|  27|0x0000000081b00000, 0x0000000081c00000, 0x0000000081c00000|100%|HS|  |TAMS 0x0000000081c00000, 0x0000000081c00000| Complete 
|  28|0x0000000081c00000, 0x0000000081d00000, 0x0000000081d00000|100%| O|  |TAMS 0x0000000081d00000, 0x0000000081d00000| Untracked 
|  29|0x0000000081d00000, 0x0000000081e00000, 0x0000000081e00000|100%|HS|  |TAMS 0x0000000081e00000, 0x0000000081e00000| Complete 
|  30|0x0000000081e00000, 0x0000000081f00000, 0x0000000081f00000|100%|HS|  |TAMS 0x0000000081f00000, 0x0000000081f00000| Complete 
|  31|0x0000000081f00000, 0x0000000082000000, 0x0000000082000000|100%|HC|  |TAMS 0x0000000082000000, 0x0000000082000000| Complete 
|  32|0x0000000082000000, 0x0000000082100000, 0x0000000082100000|100%|HC|  |TAMS 0x0000000082100000, 0x0000000082100000| Complete 
|  33|0x0000000082100000, 0x0000000082200000, 0x0000000082200000|100%|HS|  |TAMS 0x0000000082200000, 0x0000000082200000| Complete 
|  34|0x0000000082200000, 0x0000000082300000, 0x0000000082300000|100%|HC|  |TAMS 0x0000000082300000, 0x0000000082300000| Complete 
|  35|0x0000000082300000, 0x0000000082400000, 0x0000000082400000|100%| O|  |TAMS 0x0000000082400000, 0x0000000082400000| Untracked 
|  36|0x0000000082400000, 0x0000000082500000, 0x0000000082500000|100%| O|  |TAMS 0x0000000082500000, 0x0000000082500000| Untracked 
|  37|0x0000000082500000, 0x0000000082600000, 0x0000000082600000|100%| O|  |TAMS 0x0000000082600000, 0x0000000082600000| Untracked 
|  38|0x0000000082600000, 0x0000000082700000, 0x0000000082700000|100%| O|  |TAMS 0x0000000082700000, 0x0000000082700000| Untracked 
|  39|0x0000000082700000, 0x0000000082800000, 0x0000000082800000|100%| O|  |TAMS 0x0000000082800000, 0x0000000082800000| Untracked 
|  40|0x0000000082800000, 0x0000000082900000, 0x0000000082900000|100%| O|  |TAMS 0x0000000082900000, 0x0000000082900000| Untracked 
|  41|0x0000000082900000, 0x0000000082a00000, 0x0000000082a00000|100%| O|  |TAMS 0x0000000082a00000, 0x0000000082a00000| Untracked 
|  42|0x0000000082a00000, 0x0000000082b00000, 0x0000000082b00000|100%| O|  |TAMS 0x0000000082b00000, 0x0000000082b00000| Untracked 
|  43|0x0000000082b00000, 0x0000000082c00000, 0x0000000082c00000|100%| O|  |TAMS 0x0000000082c00000, 0x0000000082c00000| Untracked 
|  44|0x0000000082c00000, 0x0000000082d00000, 0x0000000082d00000|100%| O|  |TAMS 0x0000000082d00000, 0x0000000082d00000| Untracked 
|  45|0x0000000082d00000, 0x0000000082e00000, 0x0000000082e00000|100%| O|  |TAMS 0x0000000082e00000, 0x0000000082e00000| Untracked 
|  46|0x0000000082e00000, 0x0000000082f00000, 0x0000000082f00000|100%| O|  |TAMS 0x0000000082f00000, 0x0000000082f00000| Untracked 
|  47|0x0000000082f00000, 0x0000000083000000, 0x0000000083000000|100%| O|  |TAMS 0x0000000083000000, 0x0000000083000000| Untracked 
|  48|0x0000000083000000, 0x0000000083100000, 0x0000000083100000|100%| O|  |TAMS 0x0000000083100000, 0x0000000083100000| Untracked 
|  49|0x0000000083100000, 0x0000000083200000, 0x0000000083200000|100%| O|  |TAMS 0x0000000083200000, 0x0000000083200000| Untracked 
|  50|0x0000000083200000, 0x0000000083300000, 0x0000000083300000|100%| O|  |TAMS 0x0000000083300000, 0x0000000083300000| Untracked 
|  51|0x0000000083300000, 0x0000000083400000, 0x0000000083400000|100%| O|  |TAMS 0x0000000083400000, 0x0000000083400000| Untracked 
|  52|0x0000000083400000, 0x0000000083500000, 0x0000000083500000|100%| O|  |TAMS 0x0000000083500000, 0x0000000083500000| Untracked 
|  53|0x0000000083500000, 0x0000000083600000, 0x0000000083600000|100%| O|  |TAMS 0x0000000083600000, 0x0000000083600000| Untracked 
|  54|0x0000000083600000, 0x0000000083700000, 0x0000000083700000|100%| O|  |TAMS 0x0000000083700000, 0x0000000083700000| Untracked 
|  55|0x0000000083700000, 0x0000000083800000, 0x0000000083800000|100%| O|  |TAMS 0x0000000083800000, 0x0000000083800000| Untracked 
|  56|0x0000000083800000, 0x0000000083900000, 0x0000000083900000|100%| O|  |TAMS 0x0000000083900000, 0x0000000083900000| Untracked 
|  57|0x0000000083900000, 0x0000000083a00000, 0x0000000083a00000|100%| O|  |TAMS 0x0000000083a00000, 0x0000000083a00000| Untracked 
|  58|0x0000000083a00000, 0x0000000083b00000, 0x0000000083b00000|100%| O|  |TAMS 0x0000000083b00000, 0x0000000083b00000| Untracked 
|  59|0x0000000083b00000, 0x0000000083c00000, 0x0000000083c00000|100%| O|  |TAMS 0x0000000083c00000, 0x0000000083c00000| Untracked 
|  60|0x0000000083c00000, 0x0000000083d00000, 0x0000000083d00000|100%| O|  |TAMS 0x0000000083d00000, 0x0000000083d00000| Untracked 
|  61|0x0000000083d00000, 0x0000000083e00000, 0x0000000083e00000|100%| O|  |TAMS 0x0000000083e00000, 0x0000000083e00000| Untracked 
|  62|0x0000000083e00000, 0x0000000083f00000, 0x0000000083f00000|100%| O|  |TAMS 0x0000000083f00000, 0x0000000083f00000| Untracked 
|  63|0x0000000083f00000, 0x0000000084000000, 0x0000000084000000|100%| O|  |TAMS 0x0000000084000000, 0x0000000084000000| Untracked 
|  64|0x0000000084000000, 0x0000000084100000, 0x0000000084100000|100%| O|  |TAMS 0x0000000084100000, 0x0000000084100000| Untracked 
|  65|0x0000000084100000, 0x0000000084200000, 0x0000000084200000|100%| O|  |TAMS 0x0000000084200000, 0x0000000084200000| Untracked 
|  66|0x0000000084200000, 0x0000000084300000, 0x0000000084300000|100%| O|  |TAMS 0x0000000084300000, 0x0000000084300000| Untracked 
|  67|0x0000000084300000, 0x0000000084400000, 0x0000000084400000|100%| O|  |TAMS 0x0000000084400000, 0x0000000084400000| Untracked 
|  68|0x0000000084400000, 0x0000000084500000, 0x0000000084500000|100%| O|  |TAMS 0x0000000084500000, 0x0000000084500000| Untracked 
|  69|0x0000000084500000, 0x0000000084600000, 0x0000000084600000|100%| O|  |TAMS 0x0000000084600000, 0x0000000084600000| Untracked 
|  70|0x0000000084600000, 0x0000000084700000, 0x0000000084700000|100%| O|  |TAMS 0x0000000084700000, 0x0000000084700000| Untracked 
|  71|0x0000000084700000, 0x0000000084800000, 0x0000000084800000|100%| O|  |TAMS 0x0000000084800000, 0x0000000084800000| Untracked 
|  72|0x0000000084800000, 0x0000000084900000, 0x0000000084900000|100%| O|  |TAMS 0x0000000084900000, 0x0000000084900000| Untracked 
|  73|0x0000000084900000, 0x0000000084a00000, 0x0000000084a00000|100%| O|  |TAMS 0x0000000084a00000, 0x0000000084a00000| Untracked 
|  74|0x0000000084a00000, 0x0000000084b00000, 0x0000000084b00000|100%| O|  |TAMS 0x0000000084b00000, 0x0000000084b00000| Untracked 
|  75|0x0000000084b00000, 0x0000000084c00000, 0x0000000084c00000|100%| O|  |TAMS 0x0000000084c00000, 0x0000000084c00000| Untracked 
|  76|0x0000000084c00000, 0x0000000084d00000, 0x0000000084d00000|100%| O|  |TAMS 0x0000000084d00000, 0x0000000084d00000| Untracked 
|  77|0x0000000084d00000, 0x0000000084e00000, 0x0000000084e00000|100%| O|  |TAMS 0x0000000084e00000, 0x0000000084e00000| Untracked 
|  78|0x0000000084e00000, 0x0000000084f00000, 0x0000000084f00000|100%| O|  |TAMS 0x0000000084e00000, 0x0000000084f00000| Untracked 
|  79|0x0000000084f00000, 0x0000000085000000, 0x0000000085000000|100%| O|  |TAMS 0x0000000084f00000, 0x0000000085000000| Untracked 
|  80|0x0000000085000000, 0x0000000085100000, 0x0000000085100000|100%| O|  |TAMS 0x0000000085000000, 0x0000000085100000| Untracked 
|  81|0x0000000085100000, 0x0000000085200000, 0x0000000085200000|100%|HS|  |TAMS 0x0000000085100000, 0x0000000085200000| Complete 
|  82|0x0000000085200000, 0x0000000085300000, 0x0000000085300000|100%| O|  |TAMS 0x0000000085200000, 0x0000000085300000| Untracked 
|  83|0x0000000085300000, 0x0000000085400000, 0x0000000085400000|100%| O|  |TAMS 0x0000000085300000, 0x0000000085400000| Untracked 
|  84|0x0000000085400000, 0x0000000085500000, 0x0000000085500000|100%| O|  |TAMS 0x0000000085400000, 0x0000000085500000| Untracked 
|  85|0x0000000085500000, 0x0000000085600000, 0x0000000085600000|100%| O|  |TAMS 0x0000000085500000, 0x0000000085600000| Untracked 
|  86|0x0000000085600000, 0x0000000085700000, 0x0000000085700000|100%| O|  |TAMS 0x0000000085600000, 0x0000000085700000| Untracked 
|  87|0x0000000085700000, 0x0000000085800000, 0x0000000085800000|100%| O|  |TAMS 0x0000000085700000, 0x0000000085800000| Untracked 
|  88|0x0000000085800000, 0x0000000085900000, 0x0000000085900000|100%| O|  |TAMS 0x0000000085800000, 0x0000000085900000| Untracked 
|  89|0x0000000085900000, 0x0000000085a00000, 0x0000000085a00000|100%| O|  |TAMS 0x0000000085900000, 0x0000000085a00000| Untracked 
|  90|0x0000000085a00000, 0x0000000085b00000, 0x0000000085b00000|100%| O|  |TAMS 0x0000000085a00000, 0x0000000085b00000| Untracked 
|  91|0x0000000085b00000, 0x0000000085c00000, 0x0000000085c00000|100%| O|  |TAMS 0x0000000085b00000, 0x0000000085c00000| Untracked 
|  92|0x0000000085c00000, 0x0000000085d00000, 0x0000000085d00000|100%| O|  |TAMS 0x0000000085c00000, 0x0000000085d00000| Untracked 
|  93|0x0000000085d00000, 0x0000000085e00000, 0x0000000085e00000|100%| O|  |TAMS 0x0000000085d00000, 0x0000000085e00000| Untracked 
|  94|0x0000000085e00000, 0x0000000085f00000, 0x0000000085f00000|100%| O|  |TAMS 0x0000000085e00000, 0x0000000085f00000| Untracked 
|  95|0x0000000085f00000, 0x0000000086000000, 0x0000000086000000|100%| O|  |TAMS 0x0000000085f00000, 0x0000000086000000| Untracked 
|  96|0x0000000086000000, 0x0000000086100000, 0x0000000086100000|100%| O|  |TAMS 0x0000000086100000, 0x0000000086100000| Untracked 
|  97|0x0000000086100000, 0x0000000086200000, 0x0000000086200000|100%| O|  |TAMS 0x0000000086100000, 0x0000000086200000| Untracked 
|  98|0x0000000086200000, 0x0000000086300000, 0x0000000086300000|100%| O|  |TAMS 0x0000000086200000, 0x0000000086300000| Untracked 
|  99|0x0000000086300000, 0x0000000086400000, 0x0000000086400000|100%| O|  |TAMS 0x0000000086300000, 0x0000000086400000| Untracked 
| 100|0x0000000086400000, 0x0000000086500000, 0x0000000086500000|100%| O|  |TAMS 0x0000000086400000, 0x0000000086500000| Untracked 
| 101|0x0000000086500000, 0x0000000086600000, 0x0000000086600000|100%| O|  |TAMS 0x0000000086500000, 0x0000000086600000| Untracked 
| 102|0x0000000086600000, 0x0000000086700000, 0x0000000086700000|100%| O|  |TAMS 0x0000000086600000, 0x0000000086700000| Untracked 
| 103|0x0000000086700000, 0x0000000086800000, 0x0000000086800000|100%| O|  |TAMS 0x0000000086800000, 0x0000000086800000| Untracked 
| 104|0x0000000086800000, 0x0000000086900000, 0x0000000086900000|100%| O|  |TAMS 0x0000000086900000, 0x0000000086900000| Untracked 
| 105|0x0000000086900000, 0x0000000086a00000, 0x0000000086a00000|100%| O|  |TAMS 0x0000000086900000, 0x0000000086a00000| Untracked 
| 106|0x0000000086a00000, 0x0000000086b00000, 0x0000000086b00000|100%| O|  |TAMS 0x0000000086b00000, 0x0000000086b00000| Untracked 
| 107|0x0000000086b00000, 0x0000000086c00000, 0x0000000086c00000|100%| O|  |TAMS 0x0000000086c00000, 0x0000000086c00000| Untracked 
| 108|0x0000000086c00000, 0x0000000086d00000, 0x0000000086d00000|100%| O|  |TAMS 0x0000000086c35200, 0x0000000086d00000| Untracked 
| 109|0x0000000086d00000, 0x0000000086e00000, 0x0000000086e00000|100%| O|  |TAMS 0x0000000086d00000, 0x0000000086e00000| Untracked 
| 110|0x0000000086e00000, 0x0000000086f00000, 0x0000000086f00000|100%| O|  |TAMS 0x0000000086e00000, 0x0000000086f00000| Untracked 
| 111|0x0000000086f00000, 0x0000000087000000, 0x0000000087000000|100%| O|  |TAMS 0x0000000086f00000, 0x0000000087000000| Untracked 
| 112|0x0000000087000000, 0x0000000087100000, 0x0000000087100000|100%| O|  |TAMS 0x0000000087000000, 0x0000000087100000| Untracked 
| 113|0x0000000087100000, 0x0000000087200000, 0x0000000087200000|100%| O|  |TAMS 0x0000000087100000, 0x0000000087200000| Untracked 
| 114|0x0000000087200000, 0x0000000087300000, 0x0000000087300000|100%| O|  |TAMS 0x0000000087200000, 0x0000000087300000| Untracked 
| 115|0x0000000087300000, 0x0000000087400000, 0x0000000087400000|100%| O|  |TAMS 0x0000000087300000, 0x0000000087400000| Untracked 
| 116|0x0000000087400000, 0x0000000087500000, 0x0000000087500000|100%| O|  |TAMS 0x0000000087400000, 0x0000000087500000| Untracked 
| 117|0x0000000087500000, 0x0000000087600000, 0x0000000087600000|100%| O|  |TAMS 0x0000000087500000, 0x0000000087600000| Untracked 
| 118|0x0000000087600000, 0x0000000087700000, 0x0000000087700000|100%| O|  |TAMS 0x0000000087600000, 0x0000000087700000| Untracked 
| 119|0x0000000087700000, 0x0000000087800000, 0x0000000087800000|100%| O|  |TAMS 0x0000000087700000, 0x0000000087800000| Untracked 
| 120|0x0000000087800000, 0x0000000087900000, 0x0000000087900000|100%| O|  |TAMS 0x0000000087800000, 0x0000000087900000| Untracked 
| 121|0x0000000087900000, 0x0000000087a00000, 0x0000000087a00000|100%| O|  |TAMS 0x0000000087900000, 0x0000000087a00000| Untracked 
| 122|0x0000000087a00000, 0x0000000087b00000, 0x0000000087b00000|100%| O|  |TAMS 0x0000000087a00000, 0x0000000087b00000| Untracked 
| 123|0x0000000087b00000, 0x0000000087c00000, 0x0000000087c00000|100%| O|  |TAMS 0x0000000087b00000, 0x0000000087c00000| Untracked 
| 124|0x0000000087c00000, 0x0000000087d00000, 0x0000000087d00000|100%| O|  |TAMS 0x0000000087c00000, 0x0000000087d00000| Untracked 
| 125|0x0000000087d00000, 0x0000000087e00000, 0x0000000087e00000|100%| O|  |TAMS 0x0000000087d00000, 0x0000000087e00000| Untracked 
| 126|0x0000000087e00000, 0x0000000087f00000, 0x0000000087f00000|100%| O|  |TAMS 0x0000000087e00000, 0x0000000087f00000| Untracked 
| 127|0x0000000087f00000, 0x0000000088000000, 0x0000000088000000|100%| O|  |TAMS 0x0000000087f00000, 0x0000000088000000| Untracked 
| 128|0x0000000088000000, 0x0000000088078000, 0x0000000088100000| 46%| O|  |TAMS 0x0000000088000000, 0x0000000088078000| Untracked 
| 129|0x0000000088100000, 0x0000000088100000, 0x0000000088200000|  0%| F|  |TAMS 0x0000000088100000, 0x0000000088100000| Untracked 
| 130|0x0000000088200000, 0x0000000088200000, 0x0000000088300000|  0%| F|  |TAMS 0x0000000088200000, 0x0000000088200000| Untracked 
| 131|0x0000000088300000, 0x0000000088300000, 0x0000000088400000|  0%| F|  |TAMS 0x0000000088300000, 0x0000000088300000| Untracked 
| 132|0x0000000088400000, 0x0000000088400000, 0x0000000088500000|  0%| F|  |TAMS 0x0000000088400000, 0x0000000088400000| Untracked 
| 133|0x0000000088500000, 0x0000000088500000, 0x0000000088600000|  0%| F|  |TAMS 0x0000000088500000, 0x0000000088500000| Untracked 
| 134|0x0000000088600000, 0x0000000088600000, 0x0000000088700000|  0%| F|  |TAMS 0x0000000088600000, 0x0000000088600000| Untracked 
| 135|0x0000000088700000, 0x0000000088700000, 0x0000000088800000|  0%| F|  |TAMS 0x0000000088700000, 0x0000000088700000| Untracked 
| 136|0x0000000088800000, 0x0000000088800000, 0x0000000088900000|  0%| F|  |TAMS 0x0000000088800000, 0x0000000088800000| Untracked 
| 137|0x0000000088900000, 0x0000000088900000, 0x0000000088a00000|  0%| F|  |TAMS 0x0000000088900000, 0x0000000088900000| Untracked 
| 138|0x0000000088a00000, 0x0000000088a00000, 0x0000000088b00000|  0%| F|  |TAMS 0x0000000088a00000, 0x0000000088a00000| Untracked 
| 139|0x0000000088b00000, 0x0000000088b00000, 0x0000000088c00000|  0%| F|  |TAMS 0x0000000088b00000, 0x0000000088b00000| Untracked 
| 140|0x0000000088c00000, 0x0000000088c00000, 0x0000000088d00000|  0%| F|  |TAMS 0x0000000088c00000, 0x0000000088c00000| Untracked 
| 141|0x0000000088d00000, 0x0000000088d00000, 0x0000000088e00000|  0%| F|  |TAMS 0x0000000088d00000, 0x0000000088d00000| Untracked 
| 142|0x0000000088e00000, 0x0000000088e00000, 0x0000000088f00000|  0%| F|  |TAMS 0x0000000088e00000, 0x0000000088e00000| Untracked 
| 143|0x0000000088f00000, 0x0000000088f00000, 0x0000000089000000|  0%| F|  |TAMS 0x0000000088f00000, 0x0000000088f00000| Untracked 
| 144|0x0000000089000000, 0x0000000089000000, 0x0000000089100000|  0%| F|  |TAMS 0x0000000089000000, 0x0000000089000000| Untracked 
| 145|0x0000000089100000, 0x0000000089100000, 0x0000000089200000|  0%| F|  |TAMS 0x0000000089100000, 0x0000000089100000| Untracked 
| 146|0x0000000089200000, 0x0000000089200000, 0x0000000089300000|  0%| F|  |TAMS 0x0000000089200000, 0x0000000089200000| Untracked 
| 147|0x0000000089300000, 0x0000000089300000, 0x0000000089400000|  0%| F|  |TAMS 0x0000000089300000, 0x0000000089300000| Untracked 
| 148|0x0000000089400000, 0x0000000089400000, 0x0000000089500000|  0%| F|  |TAMS 0x0000000089400000, 0x0000000089400000| Untracked 
| 149|0x0000000089500000, 0x0000000089500000, 0x0000000089600000|  0%| F|  |TAMS 0x0000000089500000, 0x0000000089500000| Untracked 
| 150|0x0000000089600000, 0x0000000089600000, 0x0000000089700000|  0%| F|  |TAMS 0x0000000089600000, 0x0000000089600000| Untracked 
| 151|0x0000000089700000, 0x0000000089700000, 0x0000000089800000|  0%| F|  |TAMS 0x0000000089700000, 0x0000000089700000| Untracked 
| 152|0x0000000089800000, 0x0000000089800000, 0x0000000089900000|  0%| F|  |TAMS 0x0000000089800000, 0x0000000089800000| Untracked 
| 153|0x0000000089900000, 0x0000000089900000, 0x0000000089a00000|  0%| F|  |TAMS 0x0000000089900000, 0x0000000089900000| Untracked 
| 154|0x0000000089a00000, 0x0000000089a00000, 0x0000000089b00000|  0%| F|  |TAMS 0x0000000089a00000, 0x0000000089a00000| Untracked 
| 155|0x0000000089b00000, 0x0000000089b00000, 0x0000000089c00000|  0%| F|  |TAMS 0x0000000089b00000, 0x0000000089b00000| Untracked 
| 156|0x0000000089c00000, 0x0000000089c00000, 0x0000000089d00000|  0%| F|  |TAMS 0x0000000089c00000, 0x0000000089c00000| Untracked 
| 157|0x0000000089d00000, 0x0000000089d00000, 0x0000000089e00000|  0%| F|  |TAMS 0x0000000089d00000, 0x0000000089d00000| Untracked 
| 158|0x0000000089e00000, 0x0000000089e00000, 0x0000000089f00000|  0%| F|  |TAMS 0x0000000089e00000, 0x0000000089e00000| Untracked 
| 159|0x0000000089f00000, 0x000000008a000000, 0x000000008a000000|100%| S|CS|TAMS 0x0000000089f00000, 0x0000000089f00000| Complete 
| 160|0x000000008a000000, 0x000000008a100000, 0x000000008a100000|100%| S|CS|TAMS 0x000000008a000000, 0x000000008a000000| Complete 
| 161|0x000000008a100000, 0x000000008a100000, 0x000000008a200000|  0%| F|  |TAMS 0x000000008a100000, 0x000000008a100000| Untracked 
| 162|0x000000008a200000, 0x000000008a200000, 0x000000008a300000|  0%| F|  |TAMS 0x000000008a200000, 0x000000008a200000| Untracked 
| 163|0x000000008a300000, 0x000000008a300000, 0x000000008a400000|  0%| F|  |TAMS 0x000000008a300000, 0x000000008a300000| Untracked 
| 164|0x000000008a400000, 0x000000008a400000, 0x000000008a500000|  0%| F|  |TAMS 0x000000008a400000, 0x000000008a400000| Untracked 
| 165|0x000000008a500000, 0x000000008a500000, 0x000000008a600000|  0%| F|  |TAMS 0x000000008a500000, 0x000000008a500000| Untracked 
| 166|0x000000008a600000, 0x000000008a600000, 0x000000008a700000|  0%| F|  |TAMS 0x000000008a600000, 0x000000008a600000| Untracked 
| 167|0x000000008a700000, 0x000000008a700000, 0x000000008a800000|  0%| F|  |TAMS 0x000000008a700000, 0x000000008a700000| Untracked 
| 168|0x000000008a800000, 0x000000008a800000, 0x000000008a900000|  0%| F|  |TAMS 0x000000008a800000, 0x000000008a800000| Untracked 
| 169|0x000000008a900000, 0x000000008a900000, 0x000000008aa00000|  0%| F|  |TAMS 0x000000008a900000, 0x000000008a900000| Untracked 
| 170|0x000000008aa00000, 0x000000008aa00000, 0x000000008ab00000|  0%| F|  |TAMS 0x000000008aa00000, 0x000000008aa00000| Untracked 
| 171|0x000000008ab00000, 0x000000008ac00000, 0x000000008ac00000|100%| S|CS|TAMS 0x000000008ab00000, 0x000000008ab00000| Complete 
| 172|0x000000008ac00000, 0x000000008ad00000, 0x000000008ad00000|100%| S|CS|TAMS 0x000000008ac00000, 0x000000008ac00000| Complete 
| 173|0x000000008ad00000, 0x000000008ae00000, 0x000000008ae00000|100%| S|CS|TAMS 0x000000008ad00000, 0x000000008ad00000| Complete 
| 174|0x000000008ae00000, 0x000000008af00000, 0x000000008af00000|100%| S|CS|TAMS 0x000000008ae00000, 0x000000008ae00000| Complete 
| 175|0x000000008af00000, 0x000000008b000000, 0x000000008b000000|100%| S|CS|TAMS 0x000000008af00000, 0x000000008af00000| Complete 
| 176|0x000000008b000000, 0x000000008b100000, 0x000000008b100000|100%| S|CS|TAMS 0x000000008b000000, 0x000000008b000000| Complete 
| 177|0x000000008b100000, 0x000000008b200000, 0x000000008b200000|100%| S|CS|TAMS 0x000000008b100000, 0x000000008b100000| Complete 
| 178|0x000000008b200000, 0x000000008b200000, 0x000000008b300000|  0%| F|  |TAMS 0x000000008b200000, 0x000000008b200000| Untracked 
| 179|0x000000008b300000, 0x000000008b300000, 0x000000008b400000|  0%| F|  |TAMS 0x000000008b300000, 0x000000008b300000| Untracked 
| 180|0x000000008b400000, 0x000000008b400000, 0x000000008b500000|  0%| F|  |TAMS 0x000000008b400000, 0x000000008b400000| Untracked 
| 181|0x000000008b500000, 0x000000008b500000, 0x000000008b600000|  0%| F|  |TAMS 0x000000008b500000, 0x000000008b500000| Untracked 
| 182|0x000000008b600000, 0x000000008b600000, 0x000000008b700000|  0%| F|  |TAMS 0x000000008b600000, 0x000000008b600000| Untracked 
| 183|0x000000008b700000, 0x000000008b700000, 0x000000008b800000|  0%| F|  |TAMS 0x000000008b700000, 0x000000008b700000| Untracked 
| 184|0x000000008b800000, 0x000000008b800000, 0x000000008b900000|  0%| F|  |TAMS 0x000000008b800000, 0x000000008b800000| Untracked 
| 185|0x000000008b900000, 0x000000008b900000, 0x000000008ba00000|  0%| F|  |TAMS 0x000000008b900000, 0x000000008b900000| Untracked 
| 186|0x000000008ba00000, 0x000000008ba00000, 0x000000008bb00000|  0%| F|  |TAMS 0x000000008ba00000, 0x000000008ba00000| Untracked 
| 187|0x000000008bb00000, 0x000000008bb00000, 0x000000008bc00000|  0%| F|  |TAMS 0x000000008bb00000, 0x000000008bb00000| Untracked 
| 188|0x000000008bc00000, 0x000000008bc00000, 0x000000008bd00000|  0%| F|  |TAMS 0x000000008bc00000, 0x000000008bc00000| Untracked 
| 189|0x000000008bd00000, 0x000000008bd00000, 0x000000008be00000|  0%| F|  |TAMS 0x000000008bd00000, 0x000000008bd00000| Untracked 
| 190|0x000000008be00000, 0x000000008be00000, 0x000000008bf00000|  0%| F|  |TAMS 0x000000008be00000, 0x000000008be00000| Untracked 
| 191|0x000000008bf00000, 0x000000008bf00000, 0x000000008c000000|  0%| F|  |TAMS 0x000000008bf00000, 0x000000008bf00000| Untracked 
| 192|0x000000008c000000, 0x000000008c000000, 0x000000008c100000|  0%| F|  |TAMS 0x000000008c000000, 0x000000008c000000| Untracked 
| 193|0x000000008c100000, 0x000000008c100000, 0x000000008c200000|  0%| F|  |TAMS 0x000000008c100000, 0x000000008c100000| Untracked 
| 194|0x000000008c200000, 0x000000008c200000, 0x000000008c300000|  0%| F|  |TAMS 0x000000008c200000, 0x000000008c200000| Untracked 
| 195|0x000000008c300000, 0x000000008c300000, 0x000000008c400000|  0%| F|  |TAMS 0x000000008c300000, 0x000000008c300000| Untracked 
| 196|0x000000008c400000, 0x000000008c400000, 0x000000008c500000|  0%| F|  |TAMS 0x000000008c400000, 0x000000008c400000| Untracked 
| 197|0x000000008c500000, 0x000000008c500000, 0x000000008c600000|  0%| F|  |TAMS 0x000000008c500000, 0x000000008c500000| Untracked 
| 198|0x000000008c600000, 0x000000008c600000, 0x000000008c700000|  0%| F|  |TAMS 0x000000008c600000, 0x000000008c600000| Untracked 
| 199|0x000000008c700000, 0x000000008c700000, 0x000000008c800000|  0%| F|  |TAMS 0x000000008c700000, 0x000000008c700000| Untracked 
| 200|0x000000008c800000, 0x000000008c800000, 0x000000008c900000|  0%| F|  |TAMS 0x000000008c800000, 0x000000008c800000| Untracked 
| 201|0x000000008c900000, 0x000000008c900000, 0x000000008ca00000|  0%| F|  |TAMS 0x000000008c900000, 0x000000008c900000| Untracked 
| 202|0x000000008ca00000, 0x000000008ca00000, 0x000000008cb00000|  0%| F|  |TAMS 0x000000008ca00000, 0x000000008ca00000| Untracked 
| 203|0x000000008cb00000, 0x000000008cb00000, 0x000000008cc00000|  0%| F|  |TAMS 0x000000008cb00000, 0x000000008cb00000| Untracked 
| 204|0x000000008cc00000, 0x000000008cc00000, 0x000000008cd00000|  0%| F|  |TAMS 0x000000008cc00000, 0x000000008cc00000| Untracked 
| 205|0x000000008cd00000, 0x000000008cd00000, 0x000000008ce00000|  0%| F|  |TAMS 0x000000008cd00000, 0x000000008cd00000| Untracked 
| 206|0x000000008ce00000, 0x000000008ce00000, 0x000000008cf00000|  0%| F|  |TAMS 0x000000008ce00000, 0x000000008ce00000| Untracked 
| 207|0x000000008cf00000, 0x000000008cf00000, 0x000000008d000000|  0%| F|  |TAMS 0x000000008cf00000, 0x000000008cf00000| Untracked 
| 208|0x000000008d000000, 0x000000008d000000, 0x000000008d100000|  0%| F|  |TAMS 0x000000008d000000, 0x000000008d000000| Untracked 
| 209|0x000000008d100000, 0x000000008d100000, 0x000000008d200000|  0%| F|  |TAMS 0x000000008d100000, 0x000000008d100000| Untracked 
| 210|0x000000008d200000, 0x000000008d200000, 0x000000008d300000|  0%| F|  |TAMS 0x000000008d200000, 0x000000008d200000| Untracked 
| 211|0x000000008d300000, 0x000000008d300000, 0x000000008d400000|  0%| F|  |TAMS 0x000000008d300000, 0x000000008d300000| Untracked 
| 212|0x000000008d400000, 0x000000008d400000, 0x000000008d500000|  0%| F|  |TAMS 0x000000008d400000, 0x000000008d400000| Untracked 
| 213|0x000000008d500000, 0x000000008d500000, 0x000000008d600000|  0%| F|  |TAMS 0x000000008d500000, 0x000000008d500000| Untracked 
| 214|0x000000008d600000, 0x000000008d600000, 0x000000008d700000|  0%| F|  |TAMS 0x000000008d600000, 0x000000008d600000| Untracked 
| 215|0x000000008d700000, 0x000000008d700000, 0x000000008d800000|  0%| F|  |TAMS 0x000000008d700000, 0x000000008d700000| Untracked 
| 216|0x000000008d800000, 0x000000008d800000, 0x000000008d900000|  0%| F|  |TAMS 0x000000008d800000, 0x000000008d800000| Untracked 
| 217|0x000000008d900000, 0x000000008d900000, 0x000000008da00000|  0%| F|  |TAMS 0x000000008d900000, 0x000000008d900000| Untracked 
| 218|0x000000008da00000, 0x000000008da00000, 0x000000008db00000|  0%| F|  |TAMS 0x000000008da00000, 0x000000008da00000| Untracked 
| 219|0x000000008db00000, 0x000000008db00000, 0x000000008dc00000|  0%| F|  |TAMS 0x000000008db00000, 0x000000008db00000| Untracked 
| 220|0x000000008dc00000, 0x000000008dc00000, 0x000000008dd00000|  0%| F|  |TAMS 0x000000008dc00000, 0x000000008dc00000| Untracked 
| 221|0x000000008dd00000, 0x000000008dd00000, 0x000000008de00000|  0%| F|  |TAMS 0x000000008dd00000, 0x000000008dd00000| Untracked 
| 222|0x000000008de00000, 0x000000008de00000, 0x000000008df00000|  0%| F|  |TAMS 0x000000008de00000, 0x000000008de00000| Untracked 
| 223|0x000000008df00000, 0x000000008df00000, 0x000000008e000000|  0%| F|  |TAMS 0x000000008df00000, 0x000000008df00000| Untracked 
| 224|0x000000008e000000, 0x000000008e000000, 0x000000008e100000|  0%| F|  |TAMS 0x000000008e000000, 0x000000008e000000| Untracked 
| 225|0x000000008e100000, 0x000000008e100000, 0x000000008e200000|  0%| F|  |TAMS 0x000000008e100000, 0x000000008e100000| Untracked 
| 226|0x000000008e200000, 0x000000008e200000, 0x000000008e300000|  0%| F|  |TAMS 0x000000008e200000, 0x000000008e200000| Untracked 
| 227|0x000000008e300000, 0x000000008e300000, 0x000000008e400000|  0%| F|  |TAMS 0x000000008e300000, 0x000000008e300000| Untracked 
| 228|0x000000008e400000, 0x000000008e400000, 0x000000008e500000|  0%| F|  |TAMS 0x000000008e400000, 0x000000008e400000| Untracked 
| 229|0x000000008e500000, 0x000000008e500000, 0x000000008e600000|  0%| F|  |TAMS 0x000000008e500000, 0x000000008e500000| Untracked 
| 230|0x000000008e600000, 0x000000008e600000, 0x000000008e700000|  0%| F|  |TAMS 0x000000008e600000, 0x000000008e600000| Untracked 
| 231|0x000000008e700000, 0x000000008e700000, 0x000000008e800000|  0%| F|  |TAMS 0x000000008e700000, 0x000000008e700000| Untracked 
| 232|0x000000008e800000, 0x000000008e800000, 0x000000008e900000|  0%| F|  |TAMS 0x000000008e800000, 0x000000008e800000| Untracked 
| 233|0x000000008e900000, 0x000000008e900000, 0x000000008ea00000|  0%| F|  |TAMS 0x000000008e900000, 0x000000008e900000| Untracked 
| 234|0x000000008ea00000, 0x000000008ea00000, 0x000000008eb00000|  0%| F|  |TAMS 0x000000008ea00000, 0x000000008ea00000| Untracked 
| 235|0x000000008eb00000, 0x000000008eb00000, 0x000000008ec00000|  0%| F|  |TAMS 0x000000008eb00000, 0x000000008eb00000| Untracked 

Card table byte_map: [0x0000022060570000,0x0000022060970000] _byte_map_base: 0x0000022060170000

Marking Bits (Prev, Next): (CMBitMap*) 0x000002204b44f830, (CMBitMap*) 0x000002204b44f7f8
 Prev Bits: [0x0000022062d70000, 0x0000022064d70000)
 Next Bits: [0x0000022060d70000, 0x0000022062d70000)

Polling page: 0x000002204b4f0000

Metaspace:

Usage:
  Non-class:     89.76 MB capacity,    88.17 MB ( 98%) used,     1.30 MB (  1%) free+waste,   303.63 KB ( <1%) overhead. 
      Class:     13.54 MB capacity,    12.62 MB ( 93%) used,   814.55 KB (  6%) free+waste,   136.69 KB ( <1%) overhead. 
       Both:    103.30 MB capacity,   100.78 MB ( 98%) used,     2.09 MB (  2%) free+waste,   440.31 KB ( <1%) overhead. 

Virtual space:
  Non-class space:       90.00 MB reserved,      90.00 MB (100%) committed 
      Class space:        1.00 GB reserved,      13.57 MB (  1%) committed 
             Both:        1.09 GB reserved,     103.57 MB (  9%) committed 

Chunk freelists:
   Non-Class:  0 bytes
       Class:  0 bytes
        Both:  0 bytes

MaxMetaspaceSize: 17179869184.00 GB
CompressedClassSpaceSize: 1.00 GB

CodeHeap 'non-profiled nmethods': size=120000Kb used=7724Kb max_used=7724Kb free=112275Kb
 bounds [0x00000220581e0000, 0x0000022058970000, 0x000002205f710000]
CodeHeap 'profiled nmethods': size=120000Kb used=32979Kb max_used=32979Kb free=87020Kb
 bounds [0x0000022050cb0000, 0x0000022052cf0000, 0x00000220581e0000]
CodeHeap 'non-nmethods': size=5760Kb used=2315Kb max_used=2350Kb free=3444Kb
 bounds [0x0000022050710000, 0x0000022050980000, 0x0000022050cb0000]
 total_blobs=15614 nmethods=14688 adapters=837
 compilation: enabled
              stopped_count=0, restarted_count=0
 full_count=0

Compilation events (20 events):
Event: 61.426 Thread 0x0000022067869000 nmethod 15053 0x0000022052ce3310 code [0x0000022052ce34e0, 0x0000022052ce36c8]
Event: 61.426 Thread 0x0000022067869000 15055       2       com.android.tools.r8.graph.z::f0 (34 bytes)
Event: 61.426 Thread 0x0000022067869000 nmethod 15055 0x0000022052ce3890 code [0x0000022052ce3a40, 0x0000022052ce3b68]
Event: 61.426 Thread 0x0000022067869000 15054       2       com.android.tools.r8.graph.Z::Z0 (9 bytes)
Event: 61.427 Thread 0x0000022067869000 nmethod 15054 0x0000022052ce3c10 code [0x0000022052ce3de0, 0x0000022052ce3fb8]
Event: 61.430 Thread 0x0000022067869000 15057       1       com.android.tools.r8.internal.jw::b (2 bytes)
Event: 61.430 Thread 0x0000022067869000 nmethod 15057 0x000002205896a790 code [0x000002205896a940, 0x000002205896a9f8]
Event: 61.430 Thread 0x0000022067869000 15058       1       com.android.tools.r8.graph.V::O (5 bytes)
Event: 61.430 Thread 0x0000022067869000 nmethod 15058 0x000002205896aa90 code [0x000002205896ac40, 0x000002205896acf8]
Event: 61.433 Thread 0x0000022067869000 15059       2       com.android.tools.r8.graph.c::l (8 bytes)
Event: 61.433 Thread 0x0000022067869000 nmethod 15059 0x0000022052ce4110 code [0x0000022052ce42c0, 0x0000022052ce43b8]
Event: 61.433 Thread 0x0000022067869000 15060       2       com.android.tools.r8.graph.e::A (8 bytes)
Event: 61.433 Thread 0x0000022067869000 nmethod 15060 0x0000022052ce4490 code [0x0000022052ce4640, 0x0000022052ce4758]
Event: 61.433 Thread 0x0000022067869000 15061       2       com.android.tools.r8.internal.Ar::a (18 bytes)
Event: 61.433 Thread 0x0000022067869000 nmethod 15061 0x0000022052ce4810 code [0x0000022052ce49c0, 0x0000022052ce4b08]
Event: 61.433 Thread 0x0000022067869000 15062       2       com.android.tools.r8.internal.iw::a (15 bytes)
Event: 61.434 Thread 0x0000022067869000 nmethod 15062 0x0000022052ce4b90 code [0x0000022052ce4d40, 0x0000022052ce4e68]
Event: 61.434 Thread 0x0000022067869000 15063       1       com.android.tools.r8.graph.B::g (5 bytes)
Event: 61.434 Thread 0x0000022067869000 nmethod 15063 0x000002205896ad90 code [0x000002205896af40, 0x000002205896aff8]
Event: 61.434 Thread 0x0000022067869000 15064       1       com.android.tools.r8.graph.H0::L (2 bytes)

GC Heap History (20 events):
Event: 44.844 GC heap after
{Heap after GC invocations=60 (full 0):
 garbage-first heap   total 241664K, used 111173K [0x0000000080000000, 0x0000000100000000)
  region size 1024K, 4 young (4096K), 4 survivors (4096K)
 Metaspace       used 87423K, capacity 89535K, committed 89804K, reserved 1126400K
  class space    used 11133K, capacity 11905K, committed 11980K, reserved 1048576K
}
Event: 45.546 GC heap before
{Heap before GC invocations=60 (full 0):
 garbage-first heap   total 241664K, used 158277K [0x0000000080000000, 0x0000000100000000)
  region size 1024K, 50 young (51200K), 4 survivors (4096K)
 Metaspace       used 89792K, capacity 91881K, committed 92364K, reserved 1130496K
  class space    used 11310K, capacity 12065K, committed 12236K, reserved 1048576K
}
Event: 45.555 GC heap after
{Heap after GC invocations=61 (full 0):
 garbage-first heap   total 241664K, used 113153K [0x0000000080000000, 0x0000000100000000)
  region size 1024K, 3 young (3072K), 3 survivors (3072K)
 Metaspace       used 89792K, capacity 91881K, committed 92364K, reserved 1130496K
  class space    used 11310K, capacity 12065K, committed 12236K, reserved 1048576K
}
Event: 46.230 GC heap before
{Heap before GC invocations=61 (full 0):
 garbage-first heap   total 241664K, used 162305K [0x0000000080000000, 0x0000000100000000)
  region size 1024K, 52 young (53248K), 3 survivors (3072K)
 Metaspace       used 90552K, capacity 92653K, committed 92876K, reserved 1130496K
  class space    used 11377K, capacity 12129K, committed 12236K, reserved 1048576K
}
Event: 46.237 GC heap after
{Heap after GC invocations=62 (full 0):
 garbage-first heap   total 241664K, used 115415K [0x0000000080000000, 0x0000000100000000)
  region size 1024K, 5 young (5120K), 5 survivors (5120K)
 Metaspace       used 90552K, capacity 92653K, committed 92876K, reserved 1130496K
  class space    used 11377K, capacity 12129K, committed 12236K, reserved 1048576K
}
Event: 47.936 GC heap before
{Heap before GC invocations=63 (full 0):
 garbage-first heap   total 241664K, used 155351K [0x0000000080000000, 0x0000000100000000)
  region size 1024K, 58 young (59392K), 5 survivors (5120K)
 Metaspace       used 93317K, capacity 95526K, committed 95820K, reserved 1132544K
  class space    used 11723K, capacity 12526K, committed 12620K, reserved 1048576K
}
Event: 47.944 GC heap after
{Heap after GC invocations=64 (full 0):
 garbage-first heap   total 241664K, used 100192K [0x0000000080000000, 0x0000000100000000)
  region size 1024K, 3 young (3072K), 3 survivors (3072K)
 Metaspace       used 93317K, capacity 95526K, committed 95820K, reserved 1132544K
  class space    used 11723K, capacity 12526K, committed 12620K, reserved 1048576K
}
Event: 48.113 GC heap before
{Heap before GC invocations=64 (full 0):
 garbage-first heap   total 241664K, used 108384K [0x0000000080000000, 0x0000000100000000)
  region size 1024K, 11 young (11264K), 3 survivors (3072K)
 Metaspace       used 93859K, capacity 96102K, committed 96460K, reserved 1132544K
  class space    used 11796K, capacity 12590K, committed 12748K, reserved 1048576K
}
Event: 48.122 GC heap after
{Heap after GC invocations=65 (full 0):
 garbage-first heap   total 241664K, used 87862K [0x0000000080000000, 0x0000000100000000)
  region size 1024K, 2 young (2048K), 2 survivors (2048K)
 Metaspace       used 93859K, capacity 96102K, committed 96460K, reserved 1132544K
  class space    used 11796K, capacity 12590K, committed 12748K, reserved 1048576K
}
Event: 51.108 GC heap before
{Heap before GC invocations=65 (full 0):
 garbage-first heap   total 241664K, used 159542K [0x0000000080000000, 0x0000000100000000)
  region size 1024K, 73 young (74752K), 2 survivors (2048K)
 Metaspace       used 95326K, capacity 97481K, committed 97740K, reserved 1134592K
  class space    used 11915K, capacity 12710K, committed 12748K, reserved 1048576K
}
Event: 51.127 GC heap after
{Heap after GC invocations=66 (full 0):
 garbage-first heap   total 241664K, used 91030K [0x0000000080000000, 0x0000000100000000)
  region size 1024K, 5 young (5120K), 5 survivors (5120K)
 Metaspace       used 95326K, capacity 97481K, committed 97740K, reserved 1134592K
  class space    used 11915K, capacity 12710K, committed 12748K, reserved 1048576K
}
Event: 55.926 GC heap before
{Heap before GC invocations=66 (full 0):
 garbage-first heap   total 241664K, used 173974K [0x0000000080000000, 0x0000000100000000)
  region size 1024K, 87 young (89088K), 5 survivors (5120K)
 Metaspace       used 96116K, capacity 98284K, committed 98636K, reserved 1134592K
  class space    used 11968K, capacity 12758K, committed 12876K, reserved 1048576K
}
Event: 55.939 GC heap after
{Heap after GC invocations=67 (full 0):
 garbage-first heap   total 241664K, used 92824K [0x0000000080000000, 0x0000000100000000)
  region size 1024K, 7 young (7168K), 7 survivors (7168K)
 Metaspace       used 96116K, capacity 98284K, committed 98636K, reserved 1134592K
  class space    used 11968K, capacity 12758K, committed 12876K, reserved 1048576K
}
Event: 59.701 GC heap before
{Heap before GC invocations=67 (full 0):
 garbage-first heap   total 241664K, used 182936K [0x0000000080000000, 0x0000000100000000)
  region size 1024K, 96 young (98304K), 7 survivors (7168K)
 Metaspace       used 97754K, capacity 100062K, committed 100300K, reserved 1136640K
  class space    used 12148K, capacity 12983K, committed 13004K, reserved 1048576K
}
Event: 59.746 GC heap after
{Heap after GC invocations=68 (full 0):
 garbage-first heap   total 241664K, used 99799K [0x0000000080000000, 0x0000000100000000)
  region size 1024K, 12 young (12288K), 12 survivors (12288K)
 Metaspace       used 97754K, capacity 100062K, committed 100300K, reserved 1136640K
  class space    used 12148K, capacity 12983K, committed 13004K, reserved 1048576K
}
Event: 60.387 GC heap before
{Heap before GC invocations=68 (full 0):
 garbage-first heap   total 241664K, used 188887K [0x0000000080000000, 0x0000000100000000)
  region size 1024K, 98 young (100352K), 12 survivors (12288K)
 Metaspace       used 100864K, capacity 103316K, committed 103500K, reserved 1138688K
  class space    used 12606K, capacity 13529K, committed 13644K, reserved 1048576K
}
Event: 60.864 GC heap after
{Heap after GC invocations=69 (full 0):
 garbage-first heap   total 241664K, used 119234K [0x0000000080000000, 0x0000000100000000)
  region size 1024K, 13 young (13312K), 13 survivors (13312K)
 Metaspace       used 100864K, capacity 103316K, committed 103500K, reserved 1138688K
  class space    used 12606K, capacity 13529K, committed 13644K, reserved 1048576K
}
Event: 61.217 GC heap before
{Heap before GC invocations=69 (full 0):
 garbage-first heap   total 241664K, used 184770K [0x0000000080000000, 0x0000000100000000)
  region size 1024K, 78 young (79872K), 13 survivors (13312K)
 Metaspace       used 102333K, capacity 104845K, committed 104908K, reserved 1140736K
  class space    used 12812K, capacity 13737K, committed 13772K, reserved 1048576K
}
Event: 61.261 GC heap after
{Heap after GC invocations=70 (full 0):
 garbage-first heap   total 241664K, used 127628K [0x0000000080000000, 0x0000000100000000)
  region size 1024K, 10 young (10240K), 10 survivors (10240K)
 Metaspace       used 102333K, capacity 104845K, committed 104908K, reserved 1140736K
  class space    used 12812K, capacity 13737K, committed 13772K, reserved 1048576K
}
Event: 61.435 GC heap before
{Heap before GC invocations=70 (full 0):
 garbage-first heap   total 241664K, used 187020K [0x0000000080000000, 0x0000000100000000)
  region size 1024K, 68 young (69632K), 10 survivors (10240K)
 Metaspace       used 103199K, capacity 105781K, committed 106060K, reserved 1140736K
  class space    used 12918K, capacity 13870K, committed 13900K, reserved 1048576K
}

Deoptimization events (20 events):
Event: 60.946 Thread 0x000002206aaa4800 DEOPT PACKING pc=0x000002205250b6f6 sp=0x000000b7afdf9850
Event: 60.946 Thread 0x000002206aaa4800 DEOPT UNPACKING pc=0x00000220507376ce sp=0x000000b7afdf8d70 mode 0
Event: 60.952 Thread 0x000002206aaa4800 DEOPT PACKING pc=0x000002205250b6d5 sp=0x000000b7afdf9730
Event: 60.952 Thread 0x000002206aaa4800 DEOPT UNPACKING pc=0x00000220507376ce sp=0x000000b7afdf8c50 mode 0
Event: 60.959 Thread 0x000002206aaa0800 DEOPT PACKING pc=0x000002205250b6f6 sp=0x000000b7af8f8400
Event: 60.959 Thread 0x000002206aaa0800 DEOPT UNPACKING pc=0x00000220507376ce sp=0x000000b7af8f7920 mode 0
Event: 60.975 Thread 0x000002206aaa1800 DEOPT PACKING pc=0x0000022052b89a07 sp=0x000000b7afcfa250
Event: 60.975 Thread 0x000002206aaa1800 DEOPT UNPACKING pc=0x00000220507376ce sp=0x000000b7afcf9790 mode 0
Event: 61.048 Thread 0x000002206aaa3800 DEOPT PACKING pc=0x0000022052b8f87e sp=0x000000b7afbf9dc0
Event: 61.048 Thread 0x000002206aaa3800 DEOPT UNPACKING pc=0x00000220507376ce sp=0x000000b7afbf9348 mode 0
Event: 61.064 Thread 0x000002206aaa3800 Uncommon trap: trap_request=0xffffff4d fr.pc=0x000002205895d2a0 relative=0x0000000000000ae0
Event: 61.064 Thread 0x000002206aaa3800 Uncommon trap: reason=unstable_if action=reinterpret pc=0x000002205895d2a0 method=com.android.tools.r8.graph.c0.a(C)I @ 16 c2
Event: 61.064 Thread 0x000002206aaa3800 DEOPT PACKING pc=0x000002205895d2a0 sp=0x000000b7afbfa140
Event: 61.064 Thread 0x000002206aaa3800 DEOPT UNPACKING pc=0x00000220507378af sp=0x000000b7afbfa090 mode 2
Event: 61.076 Thread 0x000002206aa9d000 DEOPT PACKING pc=0x0000022052b7a3ab sp=0x000000b7af9fa680
Event: 61.076 Thread 0x000002206aa9d000 DEOPT UNPACKING pc=0x00000220507376ce sp=0x000000b7af9f9f88 mode 0
Event: 61.323 Thread 0x000002206aa9d000 Uncommon trap: trap_request=0xffffff4d fr.pc=0x00000220589624a0 relative=0x0000000000000a40
Event: 61.323 Thread 0x000002206aa9d000 Uncommon trap: reason=unstable_if action=reinterpret pc=0x00000220589624a0 method=com.android.tools.r8.graph.j0$m.f()V @ 146 c2
Event: 61.323 Thread 0x000002206aa9d000 DEOPT PACKING pc=0x00000220589624a0 sp=0x000000b7af9f98f0
Event: 61.323 Thread 0x000002206aa9d000 DEOPT UNPACKING pc=0x00000220507378af sp=0x000000b7af9f98e0 mode 2

Classes redefined (0 events):
No events

Internal exceptions (20 events):
Event: 59.847 Thread 0x000002206ff40800 Exception <a 'java/lang/NoSuchMethodError'{0x000000008d647f10}: 'int java.lang.invoke.DirectMethodHandle$Holder.invokeSpecialIFC(java.lang.Object, java.lang.Object, java.lang.Object)'> (0x000000008d647f10) thrown at [./src/hotspot/share/interpreter/linkResolver.cpp, line 773]
Event: 59.909 Thread 0x000002206aaa1800 Exception <a 'sun/nio/fs/WindowsException'{0x000000008cb69bb0}> (0x000000008cb69bb0) thrown at [./src/hotspot/share/prims/jni.cpp, line 615]
Event: 60.084 Thread 0x000002206aaa4800 Exception <a 'java/lang/NoSuchMethodError'{0x000000008b4d6988}: 'java.lang.Object java.lang.invoke.DirectMethodHandle$Holder.invokeStatic(java.lang.Object, java.lang.Object, java.lang.Object, java.lang.Object, java.lang.Object, java.lang.Object, java.lang.Object, java.lang.Object, java.lang.Object, java.lang.Object, java.lang.Object, java.lang.Object, java.lang.Object, java.lang.Object, java.lang.Object, java.lang.Object, java.lang.Object, java.lang.Object, int, java.lang.Object)'> (0x000000008b4d6988) thr
Event: 60.084 Thread 0x000002206aaa4800 Exception <a 'java/lang/NoSuchMethodError'{0x000000008b4dca10}: 'java.lang.Object java.lang.invoke.DirectMethodHandle$Holder.invokeStaticInit(java.lang.Object, java.lang.Object, java.lang.Object, java.lang.Object, java.lang.Object, java.lang.Object, java.lang.Object, java.lang.Object, java.lang.Object, java.lang.Object, java.lang.Object, java.lang.Object, java.lang.Object, java.lang.Object, java.lang.Object, java.lang.Object, java.lang.Object, java.lang.Object, int, java.lang.Object)'> (0x000000008b4dca10)
Event: 60.110 Thread 0x000002206aaa3800 Exception <a 'sun/nio/fs/WindowsException'{0x000000008b1693e0}> (0x000000008b1693e0) thrown at [./src/hotspot/share/prims/jni.cpp, line 615]
Event: 60.145 Thread 0x000002206aaa1800 Exception <a 'java/lang/IncompatibleClassChangeError'{0x000000008af8f920}: Found class java.lang.Object, but interface was expected> (0x000000008af8f920) thrown at [./src/hotspot/share/interpreter/linkResolver.cpp, line 839]
Event: 60.145 Thread 0x000002206aaa4800 Exception <a 'java/lang/IncompatibleClassChangeError'{0x000000008b1ee5d0}: Found class java.lang.Object, but interface was expected> (0x000000008b1ee5d0) thrown at [./src/hotspot/share/interpreter/linkResolver.cpp, line 839]
Event: 60.145 Thread 0x000002206aaa0800 Exception <a 'java/lang/IncompatibleClassChangeError'{0x000000008b19c310}: Found class java.lang.Object, but interface was expected> (0x000000008b19c310) thrown at [./src/hotspot/share/interpreter/linkResolver.cpp, line 839]
Event: 60.145 Thread 0x000002206aa9f800 Exception <a 'java/lang/IncompatibleClassChangeError'{0x000000008b1c71e0}: Found class java.lang.Object, but interface was expected> (0x000000008b1c71e0) thrown at [./src/hotspot/share/interpreter/linkResolver.cpp, line 839]
Event: 60.145 Thread 0x000002206aaa3000 Exception <a 'java/lang/IncompatibleClassChangeError'{0x000000008b25ce88}: Found class java.lang.Object, but interface was expected> (0x000000008b25ce88) thrown at [./src/hotspot/share/interpreter/linkResolver.cpp, line 839]
Event: 60.145 Thread 0x000002206aaa3800 Exception <a 'java/lang/IncompatibleClassChangeError'{0x000000008aef3d38}: Found class java.lang.Object, but interface was expected> (0x000000008aef3d38) thrown at [./src/hotspot/share/interpreter/linkResolver.cpp, line 839]
Event: 60.150 Thread 0x000002206aa9d000 Exception <a 'sun/nio/fs/WindowsException'{0x000000008adc1468}> (0x000000008adc1468) thrown at [./src/hotspot/share/prims/jni.cpp, line 615]
Event: 60.167 Thread 0x000002206aaa1800 Exception <a 'java/lang/NoSuchMethodError'{0x000000008ad97ca8}: 'void java.lang.invoke.DirectMethodHandle$Holder.invokeStatic(java.lang.Object, java.lang.Object, int, java.lang.Object, java.lang.Object, java.lang.Object, java.lang.Object)'> (0x000000008ad97ca8) thrown at [./src/hotspot/share/interpreter/linkResolver.cpp, line 773]
Event: 60.978 Thread 0x000002206aaa4800 Exception <a 'java/lang/NoSuchMethodError'{0x000000008de8f598}: 'int java.lang.invoke.DirectMethodHandle$Holder.invokeVirtual(java.lang.Object, java.lang.Object, java.lang.Object, java.lang.Object)'> (0x000000008de8f598) thrown at [./src/hotspot/share/interpreter/linkResolver.cpp, line 773]
Event: 61.059 Thread 0x000002206aaa3000 Exception <a 'java/lang/NoSuchMethodError'{0x000000008d031b38}: 'void java.lang.invoke.DirectMethodHandle$Holder.invokeStatic(java.lang.Object, java.lang.Object, java.lang.Object, int)'> (0x000000008d031b38) thrown at [./src/hotspot/share/interpreter/linkResolver.cpp, line 773]
Event: 61.059 Thread 0x000002206aa9f800 Exception <a 'java/lang/NoSuchMethodError'{0x000000008d15f100}: 'void java.lang.invoke.DirectMethodHandle$Holder.invokeStatic(java.lang.Object, java.lang.Object, java.lang.Object, int)'> (0x000000008d15f100) thrown at [./src/hotspot/share/interpreter/linkResolver.cpp, line 773]
Event: 61.059 Thread 0x000002206aaa4800 Exception <a 'java/lang/NoSuchMethodError'{0x000000008d849218}: 'void java.lang.invoke.DirectMethodHandle$Holder.invokeStatic(java.lang.Object, java.lang.Object, java.lang.Object, int)'> (0x000000008d849218) thrown at [./src/hotspot/share/interpreter/linkResolver.cpp, line 773]
Event: 61.061 Thread 0x000002206aa9f800 Exception <a 'java/lang/IncompatibleClassChangeError'{0x000000008d169088}: Found class java.lang.Object, but interface was expected> (0x000000008d169088) thrown at [./src/hotspot/share/interpreter/linkResolver.cpp, line 839]
Event: 61.075 Thread 0x000002206aaa4800 Exception <a 'java/lang/NoSuchMethodError'{0x000000008ce6dc28}: 'int java.lang.invoke.DirectMethodHandle$Holder.invokeVirtual(java.lang.Object, java.lang.Object, java.lang.Object)'> (0x000000008ce6dc28) thrown at [./src/hotspot/share/interpreter/linkResolver.cpp, line 773]
Event: 61.407 Thread 0x000002206aa9f800 Exception <a 'java/lang/NoSuchMethodError'{0x000000008bbad8b0}: 'java.lang.Object java.lang.invoke.DirectMethodHandle$Holder.invokeStatic(java.lang.Object, int, java.lang.Object, java.lang.Object)'> (0x000000008bbad8b0) thrown at [./src/hotspot/share/interpreter/linkResolver.cpp, line 773]

Events (20 events):
Event: 61.433 loading class com/android/tools/r8/internal/a2$h done
Event: 61.433 loading class com/android/tools/r8/internal/a2$h
Event: 61.433 loading class com/android/tools/r8/internal/a2$h done
Event: 61.433 loading class com/android/tools/r8/internal/a2$h
Event: 61.433 loading class com/android/tools/r8/internal/a2$h done
Event: 61.433 loading class com/android/tools/r8/internal/Mi
Event: 61.433 loading class com/android/tools/r8/internal/Mi done
Event: 61.433 loading class com/android/tools/r8/internal/a2$h
Event: 61.433 loading class com/android/tools/r8/internal/a2$h done
Event: 61.434 loading class com/android/tools/r8/internal/a2$h
Event: 61.434 loading class com/android/tools/r8/internal/a2$h done
Event: 61.434 loading class com/android/tools/r8/internal/Mi
Event: 61.434 loading class com/android/tools/r8/internal/Mi done
Event: 61.434 loading class com/android/tools/r8/internal/a2$h
Event: 61.434 loading class com/android/tools/r8/internal/a2$h done
Event: 61.434 loading class com/android/tools/r8/internal/Mi
Event: 61.434 loading class com/android/tools/r8/internal/Mi done
Event: 61.434 loading class com/android/tools/r8/internal/a2$h
Event: 61.434 loading class com/android/tools/r8/internal/a2$h done
Event: 61.434 Executing VM operation: G1CollectForAllocation


Dynamic libraries:
0x00007ff6ca260000 - 0x00007ff6ca26a000 	C:\Program Files\Android\Android Studio2\jre\bin\java.exe
0x00007ffcb9850000 - 0x00007ffcb9a48000 	C:\windows\SYSTEM32\ntdll.dll
0x00007ffcb8250000 - 0x00007ffcb830d000 	C:\windows\System32\KERNEL32.DLL
0x00007ffcb7540000 - 0x00007ffcb780e000 	C:\windows\System32\KERNELBASE.dll
0x00007ffcb7440000 - 0x00007ffcb7540000 	C:\windows\System32\ucrtbase.dll
0x00007ffc9c220000 - 0x00007ffc9c237000 	C:\Program Files\Android\Android Studio2\jre\bin\VCRUNTIME140.dll
0x00007ffc96200000 - 0x00007ffc96219000 	C:\Program Files\Android\Android Studio2\jre\bin\jli.dll
0x00007ffcb93b0000 - 0x00007ffcb9550000 	C:\windows\System32\USER32.dll
0x00007ffcb6f70000 - 0x00007ffcb6f92000 	C:\windows\System32\win32u.dll
0x00007ffcb97e0000 - 0x00007ffcb980a000 	C:\windows\System32\GDI32.dll
0x00007ffcb6fa0000 - 0x00007ffcb70ab000 	C:\windows\System32\gdi32full.dll
0x00007ffcb7810000 - 0x00007ffcb78ad000 	C:\windows\System32\msvcp_win.dll
0x00007ffc9d6a0000 - 0x00007ffc9d93a000 	C:\windows\WinSxS\amd64_microsoft.windows.common-controls_6595b64144ccf1df_6.0.19041.1110_none_60b5254171f9507e\COMCTL32.dll
0x00007ffcb9550000 - 0x00007ffcb95ee000 	C:\windows\System32\msvcrt.dll
0x00007ffcb7bd0000 - 0x00007ffcb7c00000 	C:\windows\System32\IMM32.DLL
0x00007ffc8c130000 - 0x00007ffc8c1cd000 	C:\Program Files\Android\Android Studio2\jre\bin\msvcp140.dll
0x00007ffc6e650000 - 0x00007ffc6f11f000 	C:\Program Files\Android\Android Studio2\jre\bin\server\jvm.dll
0x00007ffcb95f0000 - 0x00007ffcb969e000 	C:\windows\System32\ADVAPI32.dll
0x00007ffcb84d0000 - 0x00007ffcb856c000 	C:\windows\System32\sechost.dll
0x00007ffcb9280000 - 0x00007ffcb93a5000 	C:\windows\System32\RPCRT4.dll
0x00007ffcb84c0000 - 0x00007ffcb84c8000 	C:\windows\System32\PSAPI.DLL
0x00007ffcac340000 - 0x00007ffcac367000 	C:\windows\SYSTEM32\WINMM.dll
0x00007ffcaf620000 - 0x00007ffcaf62a000 	C:\windows\SYSTEM32\VERSION.dll
0x00007ffc66c70000 - 0x00007ffc66c79000 	C:\windows\SYSTEM32\WSOCK32.dll
0x00007ffcb8d20000 - 0x00007ffcb8d8b000 	C:\windows\System32\WS2_32.dll
0x00007ffcb4e70000 - 0x00007ffcb4e82000 	C:\windows\SYSTEM32\kernel.appcore.dll
0x00007ffca73b0000 - 0x00007ffca73c1000 	C:\Program Files\Android\Android Studio2\jre\bin\verify.dll
0x00007ffca7900000 - 0x00007ffca7ae4000 	C:\windows\SYSTEM32\DBGHELP.DLL
0x00007ffca78a0000 - 0x00007ffca78cc000 	C:\windows\SYSTEM32\dbgcore.DLL
0x00007ffcb70e0000 - 0x00007ffcb7162000 	C:\windows\System32\bcryptPrimitives.dll
0x00007ffc9e600000 - 0x00007ffc9e629000 	C:\Program Files\Android\Android Studio2\jre\bin\java.dll
0x00007ffcb21c0000 - 0x00007ffcb21cb000 	C:\Program Files\Android\Android Studio2\jre\bin\jimage.dll
0x00007ffca7340000 - 0x00007ffca7358000 	C:\Program Files\Android\Android Studio2\jre\bin\zip.dll
0x00007ffcb85d0000 - 0x00007ffcb8d14000 	C:\windows\System32\SHELL32.dll
0x00007ffcb5070000 - 0x00007ffcb5804000 	C:\windows\SYSTEM32\windows.storage.dll
0x00007ffcb7e60000 - 0x00007ffcb81b4000 	C:\windows\System32\combase.dll
0x00007ffcb6950000 - 0x00007ffcb6980000 	C:\windows\SYSTEM32\Wldp.dll
0x00007ffcb79d0000 - 0x00007ffcb7a7d000 	C:\windows\System32\SHCORE.dll
0x00007ffcb9780000 - 0x00007ffcb97d5000 	C:\windows\System32\shlwapi.dll
0x00007ffcb6eb0000 - 0x00007ffcb6ecf000 	C:\windows\SYSTEM32\profapi.dll
0x00007ffca6e70000 - 0x00007ffca6e8a000 	C:\Program Files\Android\Android Studio2\jre\bin\net.dll
0x00007ffcad650000 - 0x00007ffcad75a000 	C:\windows\SYSTEM32\WINHTTP.dll
0x00007ffcb6660000 - 0x00007ffcb66ca000 	C:\windows\system32\mswsock.dll
0x00007ffca4c50000 - 0x00007ffca4c64000 	C:\Program Files\Android\Android Studio2\jre\bin\nio.dll
0x00007ffc8e4c0000 - 0x00007ffc8e4e7000 	C:\Users\Home\.gradle\native\8bec1ad78214c89d9ad589b4d07fe93259594b29d510b10fafb7a158f7737e5d\windows-amd64\native-platform.dll
0x00007ffc85940000 - 0x00007ffc85a7d000 	C:\Users\Home\.gradle\native\53dbd7edfb1c66fb8903c78663c9afc45aea4f116125fa6feffd364cf09443e8\windows-amd64\native-platform-file-events.dll
0x00007ffcb2080000 - 0x00007ffcb208a000 	C:\Program Files\Android\Android Studio2\jre\bin\management.dll
0x00007ffcb1ff0000 - 0x00007ffcb1ffc000 	C:\Program Files\Android\Android Studio2\jre\bin\management_ext.dll
0x00007ffcb68b0000 - 0x00007ffcb68c8000 	C:\windows\SYSTEM32\CRYPTSP.dll
0x00007ffcb5fe0000 - 0x00007ffcb6014000 	C:\windows\system32\rsaenh.dll
0x00007ffcb70b0000 - 0x00007ffcb70d7000 	C:\windows\System32\bcrypt.dll
0x00007ffcb6e30000 - 0x00007ffcb6e5e000 	C:\windows\SYSTEM32\USERENV.dll
0x00007ffcb6980000 - 0x00007ffcb698c000 	C:\windows\SYSTEM32\CRYPTBASE.dll
0x00007ffcb6350000 - 0x00007ffcb638b000 	C:\windows\SYSTEM32\IPHLPAPI.DLL
0x00007ffcb84a0000 - 0x00007ffcb84a8000 	C:\windows\System32\NSI.dll
0x00007ffcaebf0000 - 0x00007ffcaec07000 	C:\windows\SYSTEM32\dhcpcsvc6.DLL
0x00007ffcaeeb0000 - 0x00007ffcaeecd000 	C:\windows\SYSTEM32\dhcpcsvc.DLL
0x00007ffcb6390000 - 0x00007ffcb645b000 	C:\windows\SYSTEM32\DNSAPI.dll

dbghelp: loaded successfully - version: 4.0.5 - missing functions: none
symbol engine: initialized successfully - sym options: 0x614 - pdb path: .;C:\Program Files\Android\Android Studio2\jre\bin;C:\windows\SYSTEM32;C:\windows\WinSxS\amd64_microsoft.windows.common-controls_6595b64144ccf1df_6.0.19041.1110_none_60b5254171f9507e;C:\Program Files\Android\Android Studio2\jre\bin\server;C:\Users\Home\.gradle\native\8bec1ad78214c89d9ad589b4d07fe93259594b29d510b10fafb7a158f7737e5d\windows-amd64;C:\Users\Home\.gradle\native\53dbd7edfb1c66fb8903c78663c9afc45aea4f116125fa6feffd364cf09443e8\windows-amd64

VM Arguments:
jvm_args: --add-opens=java.base/java.util=ALL-UNNAMED --add-opens=java.base/java.lang=ALL-UNNAMED --add-opens=java.base/java.lang.invoke=ALL-UNNAMED --add-opens=java.base/java.util=ALL-UNNAMED --add-opens=java.prefs/java.util.prefs=ALL-UNNAMED --add-opens=java.prefs/java.util.prefs=ALL-UNNAMED --add-opens=java.base/java.nio.charset=ALL-UNNAMED --add-opens=java.base/java.net=ALL-UNNAMED --add-opens=java.base/java.util.concurrent.atomic=ALL-UNNAMED -Xmx2048m -Dfile.encoding=UTF-8 -Duser.country=IN -Duser.language=en -Duser.variant 
java_command: org.gradle.launcher.daemon.bootstrap.GradleDaemon 7.0.2
java_class_path (initial): C:\Users\Home\.gradle\wrapper\dists\gradle-7.0.2-bin\857tjihv64xamwrf0h14cai3r\gradle-7.0.2\lib\gradle-launcher-7.0.2.jar
Launcher Type: SUN_STANDARD

[Global flags]
     intx CICompilerCount                          = 4                                         {product} {ergonomic}
     uint ConcGCThreads                            = 2                                         {product} {ergonomic}
     uint G1ConcRefinementThreads                  = 8                                         {product} {ergonomic}
   size_t G1HeapRegionSize                         = 1048576                                   {product} {ergonomic}
    uintx GCDrainStackTargetSize                   = 64                                        {product} {ergonomic}
   size_t InitialHeapSize                          = 100663296                                 {product} {ergonomic}
   size_t MarkStackSize                            = 4194304                                   {product} {ergonomic}
   size_t MaxHeapSize                              = 2147483648                                {product} {command line}
   size_t MaxNewSize                               = 1287651328                                {product} {ergonomic}
   size_t MinHeapDeltaBytes                        = 1048576                                   {product} {ergonomic}
    uintx NonNMethodCodeHeapSize                   = 5836300                                {pd product} {ergonomic}
    uintx NonProfiledCodeHeapSize                  = 122910970                              {pd product} {ergonomic}
    uintx ProfiledCodeHeapSize                     = 122910970                              {pd product} {ergonomic}
    uintx ReservedCodeCacheSize                    = 251658240                              {pd product} {ergonomic}
     bool SegmentedCodeCache                       = true                                      {product} {ergonomic}
     bool UseCompressedClassPointers               = true                                 {lp64_product} {ergonomic}
     bool UseCompressedOops                        = true                                 {lp64_product} {ergonomic}
     bool UseG1GC                                  = true                                      {product} {ergonomic}
     bool UseLargePagesIndividualAllocation        = false                                  {pd product} {ergonomic}

Logging:
Log output configuration:
 #0: stdout all=warning uptime,level,tags
 #1: stderr all=off uptime,level,tags

Environment Variables:
PATH=C:\Program Files (x86)\VMware\VMware Workstation\bin\;C:\Program Files (x86)\Common Files\Intel\Shared Libraries\redist\intel64\compiler;C:\Program Files\Common Files\Oracle\Java\javapath;C:\Program Files (x86)\Common Files\Oracle\Java\javapath;C:\windows\system32;C:\windows;C:\windows\System32\Wbem;C:\windows\System32\WindowsPowerShell\v1.0\;C:\windows\System32\OpenSSH\;C:\Program Files (x86)\NVIDIA Corporation\PhysX\Common;C:\Program Files\NVIDIA Corporation\NVIDIA NvDLISR;C:\Program Files\Java\jdk-16.0.1\bin;C:\Program Files (x86)\mingw-w64\i686-8.1.0-posix-dwarf-rt_v6-rev0\mingw32\bin;C:\sqlite;C:\Program Files\kotlinc\bin;C:\Program Files\Git\cmd;C:\Program Files\nodejs\;C:\Users\Home\AppData\Local\Programs\Python\Python39\Scripts\;C:\Users\Home\AppData\Local\Programs\Python\Python39\;C:\Users\Home\AppData\Local\Microsoft\WindowsApps;C:\Program Files (x86)\mingw-w64\i686-8.1.0-posix-dwarf-rt_v6-rev0\mingw32\bin;C:\Users\Home\AppData\Local\Programs\Microsoft VS Code\bin;C:\Users\Home\Desktop\Songs\todolist;C:\Program Files\JetBrains\IntelliJ IDEA Community Edition 2021.3\bin;;C:\Program Files\kotlinc\bin;C:\modeltech64_2020.4\win64;C:\Dart\dart-sdk\bin;C:\Users\Home\AppData\Roaming\npm
USERNAME=Home
OS=Windows_NT
PROCESSOR_IDENTIFIER=AMD64 Family 23 Model 24 Stepping 1, AuthenticAMD



---------------  S Y S T E M  ---------------

OS: Windows 10 , 64 bit Build 19041 (10.0.19041.1806)
OS uptime: 10 days 18:24 hours

CPU:total 8 (initial active 8) (8 cores per cpu, 2 threads per core) family 23 model 24 stepping 1 microcode 0x0, cmov, cx8, fxsr, mmx, sse, sse2, sse3, ssse3, sse4.1, sse4.2, popcnt, avx, avx2, aes, clmul, mmxext, 3dnowpref, lzcnt, sse4a, ht, tsc, tscinvbit, tscinv, bmi1, bmi2, adx, s

Memory: 4k page, system-wide physical 6021M (118M free)
TotalPageFile size 24453M (AvailPageFile size 31M)
current process WorkingSet (physical memory assigned to process): 298M, peak: 377M
current process commit charge ("private bytes"): 622M, peak: 841M

vm_info: OpenJDK 64-Bit Server VM (11.0.10+0-b96-7249189) for windows-amd64 JRE (11.0.10+0-b96-7249189), built on Mar 31 2021 21:44:00 by "builder" with MS VC++ 14.0 (VS2015)

END.
